ARM GAS  C:\Users\binhp\AppData\Local\Temp\ccyEiY1s.s 			page 1


   1              		.cpu cortex-m3
   2              		.arch armv7-m
   3              		.fpu softvfp
   4              		.eabi_attribute 20, 1
   5              		.eabi_attribute 21, 1
   6              		.eabi_attribute 23, 3
   7              		.eabi_attribute 24, 1
   8              		.eabi_attribute 25, 1
   9              		.eabi_attribute 26, 1
  10              		.eabi_attribute 30, 1
  11              		.eabi_attribute 34, 1
  12              		.eabi_attribute 18, 4
  13              		.file	"hal_gpio.c"
  14              		.text
  15              	.Ltext0:
  16              		.cfi_sections	.debug_frame
  17              		.file 1 "Core/Src/hal_gpio.c"
  18              		.section	.text.port_hal_gpio_get_port,"ax",%progbits
  19              		.align	1
  20              		.syntax unified
  21              		.thumb
  22              		.thumb_func
  24              	port_hal_gpio_get_port:
  25              	.LFB73:
   1:Core/Src/hal_gpio.c **** /**
   2:Core/Src/hal_gpio.c ****   ******************************************************************************
   3:Core/Src/hal_gpio.c ****   * @file    hal_gpio.c
   4:Core/Src/hal_gpio.c ****   * @author  VCD
   5:Core/Src/hal_gpio.c ****   * @brief   header file for hal gpio
   6:Core/Src/hal_gpio.c ****   * @date    Jan 17 2024
   7:Core/Src/hal_gpio.c ****   ******************************************************************************
   8:Core/Src/hal_gpio.c ****   * @attention
   9:Core/Src/hal_gpio.c ****   *
  10:Core/Src/hal_gpio.c ****   * Copyright (c) 2024 Austin Circuit Design.
  11:Core/Src/hal_gpio.c ****   * All rights reserved.
  12:Core/Src/hal_gpio.c ****   ******************************************************************************
  13:Core/Src/hal_gpio.c ****   */
  14:Core/Src/hal_gpio.c **** /* Includes ------------------------------------------------------------------*/
  15:Core/Src/hal_gpio.c **** #include "board_config.h"
  16:Core/Src/hal_gpio.c **** #include "hal_gpio.h"
  17:Core/Src/hal_gpio.c **** #include "main.h"
  18:Core/Src/hal_gpio.c **** 
  19:Core/Src/hal_gpio.c **** /* Private variables ---------------------------------------------------------*/
  20:Core/Src/hal_gpio.c **** const GPIO_TypeDef *port_hal_gpio_port[] = {
  21:Core/Src/hal_gpio.c ****     GPIOA, GPIOB, GPIOC, GPIOD, GPIOE
  22:Core/Src/hal_gpio.c **** };
  23:Core/Src/hal_gpio.c **** const uint16_t port_hal_gpio_pin[BOARD_MAX_SUPPORT_PIN_IN_PORT] = {
  24:Core/Src/hal_gpio.c ****     GPIO_PIN_0, GPIO_PIN_1, GPIO_PIN_2,  GPIO_PIN_3,  GPIO_PIN_4,  GPIO_PIN_5,  GPIO_PIN_6,  GPIO_P
  25:Core/Src/hal_gpio.c ****     GPIO_PIN_8, GPIO_PIN_9, GPIO_PIN_10, GPIO_PIN_11, GPIO_PIN_12, GPIO_PIN_13, GPIO_PIN_14, GPIO_P
  26:Core/Src/hal_gpio.c **** };
  27:Core/Src/hal_gpio.c **** static hal_gpio_cb_t   interrupt_cb[BOARD_MAX_SUPPORT_EXT_NUM];
  28:Core/Src/hal_gpio.c **** /* Private function prototypes ------------------------------------------------*/
  29:Core/Src/hal_gpio.c **** static GPIO_TypeDef * port_hal_gpio_get_port(hal_gpio_t pin);
  30:Core/Src/hal_gpio.c **** static uint16_t       port_hal_gpio_get_pin(hal_gpio_t pin);
  31:Core/Src/hal_gpio.c **** /* Public function             ------------------------------------------------*/
  32:Core/Src/hal_gpio.c **** 
  33:Core/Src/hal_gpio.c **** bool hal_gpio_pin_valid(hal_gpio_t pin)
ARM GAS  C:\Users\binhp\AppData\Local\Temp\ccyEiY1s.s 			page 2


  34:Core/Src/hal_gpio.c **** {
  35:Core/Src/hal_gpio.c ****     bool valid = true;
  36:Core/Src/hal_gpio.c ****     if ((pin.pin >= HAL_GPIO_PIN_NUM) || (pin.port >= HAL_GPIO_PORT_NUM))
  37:Core/Src/hal_gpio.c ****     {
  38:Core/Src/hal_gpio.c ****         valid = false;
  39:Core/Src/hal_gpio.c ****     }
  40:Core/Src/hal_gpio.c ****     return valid;
  41:Core/Src/hal_gpio.c **** }
  42:Core/Src/hal_gpio.c **** 
  43:Core/Src/hal_gpio.c **** /**
  44:Core/Src/hal_gpio.c ****   * @brief  gpio inititialize function
  45:Core/Src/hal_gpio.c ****   * @param  pin: gpio to configure
  46:Core/Src/hal_gpio.c ****   * @param  mode: mode of the gpio to configure
  47:Core/Src/hal_gpio.c ****   * @note   This function is a wrapper base on the st sdk
  48:Core/Src/hal_gpio.c ****   * @retval None
  49:Core/Src/hal_gpio.c ****   */
  50:Core/Src/hal_gpio.c **** void hal_gpio_pin_config(hal_gpio_t pin, hal_gpio_mode_t mode)
  51:Core/Src/hal_gpio.c **** {
  52:Core/Src/hal_gpio.c ****     GPIO_InitTypeDef  gpio_init_structure;
  53:Core/Src/hal_gpio.c ****     uint32_t          pin_mode;
  54:Core/Src/hal_gpio.c ****     uint32_t          pull_mode;
  55:Core/Src/hal_gpio.c ****     GPIO_TypeDef      *GPIOx = port_hal_gpio_get_port(pin);
  56:Core/Src/hal_gpio.c ****     // port clock enable
  57:Core/Src/hal_gpio.c ****     switch(pin.port)
  58:Core/Src/hal_gpio.c ****     {
  59:Core/Src/hal_gpio.c ****         case HAL_GPIO_PORTA:
  60:Core/Src/hal_gpio.c ****         {
  61:Core/Src/hal_gpio.c ****             __HAL_RCC_GPIOA_CLK_ENABLE();
  62:Core/Src/hal_gpio.c ****         }
  63:Core/Src/hal_gpio.c ****         break;
  64:Core/Src/hal_gpio.c ****         case HAL_GPIO_PORTB:
  65:Core/Src/hal_gpio.c ****         {
  66:Core/Src/hal_gpio.c ****             __HAL_RCC_GPIOB_CLK_ENABLE();
  67:Core/Src/hal_gpio.c ****         }
  68:Core/Src/hal_gpio.c ****         break;
  69:Core/Src/hal_gpio.c ****         case HAL_GPIO_PORTC:
  70:Core/Src/hal_gpio.c ****         {
  71:Core/Src/hal_gpio.c ****             __HAL_RCC_GPIOC_CLK_ENABLE();
  72:Core/Src/hal_gpio.c ****         }
  73:Core/Src/hal_gpio.c ****         break;
  74:Core/Src/hal_gpio.c ****         case HAL_GPIO_PORTD:
  75:Core/Src/hal_gpio.c ****         {
  76:Core/Src/hal_gpio.c ****             __HAL_RCC_GPIOD_CLK_ENABLE();
  77:Core/Src/hal_gpio.c ****         }
  78:Core/Src/hal_gpio.c ****         break;
  79:Core/Src/hal_gpio.c ****         case HAL_GPIO_PORTE:
  80:Core/Src/hal_gpio.c ****         {
  81:Core/Src/hal_gpio.c ****             __HAL_RCC_GPIOE_CLK_ENABLE();
  82:Core/Src/hal_gpio.c ****         }
  83:Core/Src/hal_gpio.c ****         break;
  84:Core/Src/hal_gpio.c ****         default:
  85:Core/Src/hal_gpio.c ****         break;
  86:Core/Src/hal_gpio.c ****     }
  87:Core/Src/hal_gpio.c ****     // 
  88:Core/Src/hal_gpio.c ****     pin_mode = 0;
  89:Core/Src/hal_gpio.c ****     switch (mode.mode)
  90:Core/Src/hal_gpio.c ****     {
ARM GAS  C:\Users\binhp\AppData\Local\Temp\ccyEiY1s.s 			page 3


  91:Core/Src/hal_gpio.c ****         case HAL_GPIO_INPUT:
  92:Core/Src/hal_gpio.c ****         {
  93:Core/Src/hal_gpio.c ****             pin_mode = GPIO_MODE_INPUT;
  94:Core/Src/hal_gpio.c ****         }
  95:Core/Src/hal_gpio.c ****         break;
  96:Core/Src/hal_gpio.c ****         case HAL_GPIO_OUTPUT_PP:
  97:Core/Src/hal_gpio.c ****         {
  98:Core/Src/hal_gpio.c ****             pin_mode = GPIO_MODE_OUTPUT_PP;
  99:Core/Src/hal_gpio.c ****         }
 100:Core/Src/hal_gpio.c ****         break;
 101:Core/Src/hal_gpio.c ****         case HAL_GPIO_OUTPUT_OD:
 102:Core/Src/hal_gpio.c ****         {
 103:Core/Src/hal_gpio.c ****             pin_mode = GPIO_MODE_OUTPUT_OD;
 104:Core/Src/hal_gpio.c ****         }
 105:Core/Src/hal_gpio.c ****         break;
 106:Core/Src/hal_gpio.c ****         case HAL_GPIO_AF_PP:
 107:Core/Src/hal_gpio.c ****         {
 108:Core/Src/hal_gpio.c ****             pin_mode = GPIO_MODE_AF_PP;
 109:Core/Src/hal_gpio.c ****         }
 110:Core/Src/hal_gpio.c ****         break;
 111:Core/Src/hal_gpio.c ****         case HAL_GPIO_AF_OD:
 112:Core/Src/hal_gpio.c ****         {
 113:Core/Src/hal_gpio.c ****             pin_mode = GPIO_MODE_AF_OD;
 114:Core/Src/hal_gpio.c ****         }
 115:Core/Src/hal_gpio.c ****         break;
 116:Core/Src/hal_gpio.c ****         case HAL_GPIO_ANALOG:
 117:Core/Src/hal_gpio.c ****         {
 118:Core/Src/hal_gpio.c ****             pin_mode = GPIO_MODE_ANALOG;
 119:Core/Src/hal_gpio.c ****         }
 120:Core/Src/hal_gpio.c ****         break;
 121:Core/Src/hal_gpio.c ****         case HAL_GPIO_INT_RISING:
 122:Core/Src/hal_gpio.c ****         {
 123:Core/Src/hal_gpio.c ****             pin_mode = GPIO_MODE_IT_RISING;
 124:Core/Src/hal_gpio.c ****         }
 125:Core/Src/hal_gpio.c ****         break;
 126:Core/Src/hal_gpio.c ****         case HAL_GPIO_INT_FALLING:
 127:Core/Src/hal_gpio.c ****         {
 128:Core/Src/hal_gpio.c ****             pin_mode = GPIO_MODE_IT_FALLING;
 129:Core/Src/hal_gpio.c ****         }
 130:Core/Src/hal_gpio.c ****         break;
 131:Core/Src/hal_gpio.c ****         case HAL_GPIO_INT_RISING_FALLING:
 132:Core/Src/hal_gpio.c ****         {
 133:Core/Src/hal_gpio.c ****             pin_mode = GPIO_MODE_IT_RISING_FALLING;
 134:Core/Src/hal_gpio.c ****         }
 135:Core/Src/hal_gpio.c ****         break;
 136:Core/Src/hal_gpio.c ****         default:
 137:Core/Src/hal_gpio.c ****         break;
 138:Core/Src/hal_gpio.c ****     }
 139:Core/Src/hal_gpio.c ****     pull_mode = 0;
 140:Core/Src/hal_gpio.c ****     switch(mode.pull)
 141:Core/Src/hal_gpio.c ****     {
 142:Core/Src/hal_gpio.c ****         case HAL_GPIO_NO_PULL:
 143:Core/Src/hal_gpio.c ****         {
 144:Core/Src/hal_gpio.c ****             pull_mode = GPIO_NOPULL;
 145:Core/Src/hal_gpio.c ****         }
 146:Core/Src/hal_gpio.c ****         break;
 147:Core/Src/hal_gpio.c ****         case HAL_GPIO_PULL_UP:
ARM GAS  C:\Users\binhp\AppData\Local\Temp\ccyEiY1s.s 			page 4


 148:Core/Src/hal_gpio.c ****         {
 149:Core/Src/hal_gpio.c ****             pull_mode = GPIO_PULLUP;
 150:Core/Src/hal_gpio.c ****         }
 151:Core/Src/hal_gpio.c ****         break;
 152:Core/Src/hal_gpio.c ****         case HAL_GPIO_PULL_DOWN:
 153:Core/Src/hal_gpio.c ****         {
 154:Core/Src/hal_gpio.c ****             pull_mode = GPIO_PULLDOWN;
 155:Core/Src/hal_gpio.c ****         }
 156:Core/Src/hal_gpio.c ****         break;
 157:Core/Src/hal_gpio.c ****         default:
 158:Core/Src/hal_gpio.c ****         break;
 159:Core/Src/hal_gpio.c ****     }
 160:Core/Src/hal_gpio.c ****     gpio_init_structure.Pin   = port_hal_gpio_get_pin(pin);
 161:Core/Src/hal_gpio.c ****     gpio_init_structure.Mode  = pin_mode;
 162:Core/Src/hal_gpio.c ****     gpio_init_structure.Pull  = pull_mode;
 163:Core/Src/hal_gpio.c ****     gpio_init_structure.Speed = GPIO_SPEED_FREQ_HIGH;
 164:Core/Src/hal_gpio.c ****     HAL_GPIO_Init(GPIOx, &gpio_init_structure);
 165:Core/Src/hal_gpio.c ****     // in the case of interrupt need to enable it
 166:Core/Src/hal_gpio.c ****     if ((mode.mode == HAL_GPIO_INT_RISING)||
 167:Core/Src/hal_gpio.c ****         (mode.mode == HAL_GPIO_INT_FALLING)||
 168:Core/Src/hal_gpio.c ****         (mode.mode == HAL_GPIO_INT_RISING_FALLING))
 169:Core/Src/hal_gpio.c ****     {
 170:Core/Src/hal_gpio.c ****         interrupt_cb[pin.pin] = mode.int_cb;
 171:Core/Src/hal_gpio.c ****         switch (pin.pin)
 172:Core/Src/hal_gpio.c ****         {
 173:Core/Src/hal_gpio.c ****             case HAL_GPIO_PIN0:
 174:Core/Src/hal_gpio.c ****             {
 175:Core/Src/hal_gpio.c ****                 HAL_NVIC_SetPriority(EXTI0_IRQn, 1, 0);
 176:Core/Src/hal_gpio.c ****                 HAL_NVIC_EnableIRQ(EXTI0_IRQn);
 177:Core/Src/hal_gpio.c ****             }
 178:Core/Src/hal_gpio.c ****             break;
 179:Core/Src/hal_gpio.c ****             case HAL_GPIO_PIN1:
 180:Core/Src/hal_gpio.c ****             {
 181:Core/Src/hal_gpio.c ****                 HAL_NVIC_SetPriority(EXTI1_IRQn, 1, 0);
 182:Core/Src/hal_gpio.c ****                 HAL_NVIC_EnableIRQ(EXTI1_IRQn);
 183:Core/Src/hal_gpio.c ****             }
 184:Core/Src/hal_gpio.c ****             break;
 185:Core/Src/hal_gpio.c ****             case HAL_GPIO_PIN2:
 186:Core/Src/hal_gpio.c ****             {
 187:Core/Src/hal_gpio.c ****                 HAL_NVIC_SetPriority(EXTI2_IRQn, 1, 0);
 188:Core/Src/hal_gpio.c ****                 HAL_NVIC_EnableIRQ(EXTI2_IRQn);
 189:Core/Src/hal_gpio.c ****             }
 190:Core/Src/hal_gpio.c ****             break;
 191:Core/Src/hal_gpio.c ****             case HAL_GPIO_PIN3:
 192:Core/Src/hal_gpio.c ****             {
 193:Core/Src/hal_gpio.c ****                 HAL_NVIC_SetPriority(EXTI3_IRQn, 1, 0);
 194:Core/Src/hal_gpio.c ****                 HAL_NVIC_EnableIRQ(EXTI3_IRQn);
 195:Core/Src/hal_gpio.c ****             }
 196:Core/Src/hal_gpio.c ****             break;
 197:Core/Src/hal_gpio.c ****             case HAL_GPIO_PIN4:
 198:Core/Src/hal_gpio.c ****             {
 199:Core/Src/hal_gpio.c ****                 HAL_NVIC_SetPriority(EXTI4_IRQn, 1, 0);
 200:Core/Src/hal_gpio.c ****                 HAL_NVIC_EnableIRQ(EXTI4_IRQn);
 201:Core/Src/hal_gpio.c ****             }
 202:Core/Src/hal_gpio.c ****             break;
 203:Core/Src/hal_gpio.c ****             case HAL_GPIO_PIN5:
 204:Core/Src/hal_gpio.c ****             case HAL_GPIO_PIN6:
ARM GAS  C:\Users\binhp\AppData\Local\Temp\ccyEiY1s.s 			page 5


 205:Core/Src/hal_gpio.c ****             case HAL_GPIO_PIN7:
 206:Core/Src/hal_gpio.c ****             case HAL_GPIO_PIN8:
 207:Core/Src/hal_gpio.c ****             case HAL_GPIO_PIN9:
 208:Core/Src/hal_gpio.c ****             {
 209:Core/Src/hal_gpio.c ****                 HAL_NVIC_SetPriority(EXTI9_5_IRQn, 1, 0);
 210:Core/Src/hal_gpio.c ****                 HAL_NVIC_EnableIRQ(EXTI9_5_IRQn);
 211:Core/Src/hal_gpio.c ****             }
 212:Core/Src/hal_gpio.c ****             break;
 213:Core/Src/hal_gpio.c ****             case HAL_GPIO_PIN10:
 214:Core/Src/hal_gpio.c ****             case HAL_GPIO_PIN11:
 215:Core/Src/hal_gpio.c ****             case HAL_GPIO_PIN12:
 216:Core/Src/hal_gpio.c ****             case HAL_GPIO_PIN13:
 217:Core/Src/hal_gpio.c ****             case HAL_GPIO_PIN14:
 218:Core/Src/hal_gpio.c ****             case HAL_GPIO_PIN15:
 219:Core/Src/hal_gpio.c ****             {
 220:Core/Src/hal_gpio.c ****                 HAL_NVIC_SetPriority(EXTI15_10_IRQn, 1, 0);
 221:Core/Src/hal_gpio.c ****                 HAL_NVIC_EnableIRQ(EXTI15_10_IRQn);
 222:Core/Src/hal_gpio.c ****             }
 223:Core/Src/hal_gpio.c ****             break;
 224:Core/Src/hal_gpio.c ****             default:
 225:Core/Src/hal_gpio.c ****             break;
 226:Core/Src/hal_gpio.c ****         }
 227:Core/Src/hal_gpio.c ****     }
 228:Core/Src/hal_gpio.c **** }
 229:Core/Src/hal_gpio.c **** 
 230:Core/Src/hal_gpio.c **** /**
 231:Core/Src/hal_gpio.c ****   * @brief  Enable pin interrupt for the line
 232:Core/Src/hal_gpio.c ****   * @param  pin: gpio to configure
 233:Core/Src/hal_gpio.c ****   * @note   None
 234:Core/Src/hal_gpio.c ****   * @retval None
 235:Core/Src/hal_gpio.c ****   */
 236:Core/Src/hal_gpio.c **** 
 237:Core/Src/hal_gpio.c **** void hal_gpio_enable_int(hal_gpio_t pin)
 238:Core/Src/hal_gpio.c **** {
 239:Core/Src/hal_gpio.c ****     uint32_t temp;
 240:Core/Src/hal_gpio.c ****     uint32_t temp1;
 241:Core/Src/hal_gpio.c ****     uint32_t position;
 242:Core/Src/hal_gpio.c ****     EXTI_TypeDef *EXTI_CurrentCPU;
 243:Core/Src/hal_gpio.c ****     EXTI_CurrentCPU = EXTI; /* EXTI for CM7 CPU */
 244:Core/Src/hal_gpio.c ****     temp = EXTI_CurrentCPU->IMR;
 245:Core/Src/hal_gpio.c ****     position = 1<< pin.pin;
 246:Core/Src/hal_gpio.c ****     temp1  = temp;
 247:Core/Src/hal_gpio.c ****     temp1 |= position;
 248:Core/Src/hal_gpio.c ****     if (temp1 != temp)
 249:Core/Src/hal_gpio.c ****     {
 250:Core/Src/hal_gpio.c ****         EXTI_CurrentCPU->IMR = temp1;
 251:Core/Src/hal_gpio.c ****     }
 252:Core/Src/hal_gpio.c **** }
 253:Core/Src/hal_gpio.c **** /**
 254:Core/Src/hal_gpio.c ****   * @brief  Disable pin interrupt for the line
 255:Core/Src/hal_gpio.c ****   * @param  pin: gpio to configure
 256:Core/Src/hal_gpio.c ****   * @note   None
 257:Core/Src/hal_gpio.c ****   * @retval None
 258:Core/Src/hal_gpio.c ****   */
 259:Core/Src/hal_gpio.c **** void hal_gpio_disable_int(hal_gpio_t pin)
 260:Core/Src/hal_gpio.c **** {
 261:Core/Src/hal_gpio.c ****     uint32_t temp;
ARM GAS  C:\Users\binhp\AppData\Local\Temp\ccyEiY1s.s 			page 6


 262:Core/Src/hal_gpio.c ****     uint32_t temp1;
 263:Core/Src/hal_gpio.c ****     uint32_t position;
 264:Core/Src/hal_gpio.c ****     EXTI_TypeDef *EXTI_CurrentCPU;
 265:Core/Src/hal_gpio.c ****     EXTI_CurrentCPU = EXTI; /* EXTI for CM7 CPU */
 266:Core/Src/hal_gpio.c **** 
 267:Core/Src/hal_gpio.c ****     temp = EXTI_CurrentCPU->IMR;
 268:Core/Src/hal_gpio.c ****     position = 1<< pin.pin;
 269:Core/Src/hal_gpio.c ****     temp1  = temp;
 270:Core/Src/hal_gpio.c ****     temp1 &= (~position);
 271:Core/Src/hal_gpio.c ****     if (temp1 != temp)
 272:Core/Src/hal_gpio.c ****     {
 273:Core/Src/hal_gpio.c ****         EXTI_CurrentCPU->IMR = temp1;
 274:Core/Src/hal_gpio.c ****     }
 275:Core/Src/hal_gpio.c **** }
 276:Core/Src/hal_gpio.c **** /**
 277:Core/Src/hal_gpio.c ****   * @brief  wrapper for gpio interrupt handle
 278:Core/Src/hal_gpio.c ****   * @param  start: Start of the pin
 279:Core/Src/hal_gpio.c ****   * @param  end: end of the pin
 280:Core/Src/hal_gpio.c ****   * @note   None
 281:Core/Src/hal_gpio.c ****   * @retval None
 282:Core/Src/hal_gpio.c ****   */
 283:Core/Src/hal_gpio.c **** 
 284:Core/Src/hal_gpio.c **** void hal_gpio_irq_handle(uint32_t start, uint32_t end)
 285:Core/Src/hal_gpio.c **** {
 286:Core/Src/hal_gpio.c ****   uint32_t exint_line;
 287:Core/Src/hal_gpio.c ****   int i;
 288:Core/Src/hal_gpio.c ****   exint_line = __HAL_GPIO_EXTI_GET_IT(GPIO_PIN_All);
 289:Core/Src/hal_gpio.c ****   for (i = start; i <= end; i++)
 290:Core/Src/hal_gpio.c ****   {
 291:Core/Src/hal_gpio.c ****     if(exint_line & (1 << i))
 292:Core/Src/hal_gpio.c ****     {
 293:Core/Src/hal_gpio.c ****       HAL_GPIO_EXTI_IRQHandler(port_hal_gpio_pin[i]);
 294:Core/Src/hal_gpio.c ****     }
 295:Core/Src/hal_gpio.c ****   }
 296:Core/Src/hal_gpio.c **** }
 297:Core/Src/hal_gpio.c **** 
 298:Core/Src/hal_gpio.c **** /**
 299:Core/Src/hal_gpio.c ****   * @brief  GPIO interrupt callback
 300:Core/Src/hal_gpio.c ****   * @param  GPIO_Pin: GPIO pin
 301:Core/Src/hal_gpio.c ****   * @note   None
 302:Core/Src/hal_gpio.c ****   * @retval None
 303:Core/Src/hal_gpio.c ****   */
 304:Core/Src/hal_gpio.c **** void HAL_GPIO_EXTI_Callback(uint16_t GPIO_Pin)
 305:Core/Src/hal_gpio.c **** {
 306:Core/Src/hal_gpio.c ****   int i;
 307:Core/Src/hal_gpio.c ****   for (i = 0; i < BOARD_MAX_SUPPORT_PIN_IN_PORT; i++)
 308:Core/Src/hal_gpio.c ****   {
 309:Core/Src/hal_gpio.c ****     if (port_hal_gpio_pin[i] == GPIO_Pin)
 310:Core/Src/hal_gpio.c ****     {
 311:Core/Src/hal_gpio.c ****         if (interrupt_cb[i] != NULL)
 312:Core/Src/hal_gpio.c ****         {
 313:Core/Src/hal_gpio.c ****             interrupt_cb[i]();
 314:Core/Src/hal_gpio.c ****         }
 315:Core/Src/hal_gpio.c ****         break;
 316:Core/Src/hal_gpio.c ****     }
 317:Core/Src/hal_gpio.c ****   }
 318:Core/Src/hal_gpio.c **** }
ARM GAS  C:\Users\binhp\AppData\Local\Temp\ccyEiY1s.s 			page 7


 319:Core/Src/hal_gpio.c **** 
 320:Core/Src/hal_gpio.c **** /**
 321:Core/Src/hal_gpio.c ****   * @brief  Read pin status
 322:Core/Src/hal_gpio.c ****   * @param  pin: GPIO pin
 323:Core/Src/hal_gpio.c ****   * @note   None
 324:Core/Src/hal_gpio.c ****   * @retval {HAL_GPIO_PIN_RESET, HAL_GPIO_PIN_SET}
 325:Core/Src/hal_gpio.c ****   */
 326:Core/Src/hal_gpio.c **** hal_gpio_val_e hal_gpio_read(hal_gpio_t pin)
 327:Core/Src/hal_gpio.c **** {
 328:Core/Src/hal_gpio.c ****     hal_gpio_val_e val;
 329:Core/Src/hal_gpio.c ****     GPIO_TypeDef *GPIOx = port_hal_gpio_get_port(pin);
 330:Core/Src/hal_gpio.c ****     uint16_t GPIO_Pin =  port_hal_gpio_get_pin(pin);
 331:Core/Src/hal_gpio.c ****     val =  (hal_gpio_val_e) HAL_GPIO_ReadPin(GPIOx, GPIO_Pin);
 332:Core/Src/hal_gpio.c ****     return val;
 333:Core/Src/hal_gpio.c **** }
 334:Core/Src/hal_gpio.c **** /**
 335:Core/Src/hal_gpio.c ****   * @brief  write gpio pin
 336:Core/Src/hal_gpio.c ****   * @param  pin: GPIO pin
 337:Core/Src/hal_gpio.c ****   * @param  val :{HAL_GPIO_PIN_RESET, HAL_GPIO_PIN_SET}
 338:Core/Src/hal_gpio.c ****   * @note   None
 339:Core/Src/hal_gpio.c ****   * @retval None
 340:Core/Src/hal_gpio.c ****   */
 341:Core/Src/hal_gpio.c **** void hal_gpio_write(hal_gpio_t pin, hal_gpio_val_e val)
 342:Core/Src/hal_gpio.c **** {
 343:Core/Src/hal_gpio.c ****     GPIO_TypeDef *GPIOx = port_hal_gpio_get_port(pin);
 344:Core/Src/hal_gpio.c ****     uint16_t GPIO_Pin =  port_hal_gpio_get_pin(pin);
 345:Core/Src/hal_gpio.c ****     HAL_GPIO_WritePin(GPIOx, GPIO_Pin, val);
 346:Core/Src/hal_gpio.c **** }
 347:Core/Src/hal_gpio.c **** /* Private function ---------------------------------------------------------*/
 348:Core/Src/hal_gpio.c **** /**
 349:Core/Src/hal_gpio.c ****   * @brief  Get device port address from the enum
 350:Core/Src/hal_gpio.c ****   * @param  pin: GPIO pin
 351:Core/Src/hal_gpio.c ****   * @note   None
 352:Core/Src/hal_gpio.c ****   * @retval GPIO port 
 353:Core/Src/hal_gpio.c ****   */
 354:Core/Src/hal_gpio.c **** static GPIO_TypeDef * port_hal_gpio_get_port(hal_gpio_t pin)
 355:Core/Src/hal_gpio.c **** {
  26              		.loc 1 355 1 view -0
  27              		.cfi_startproc
  28              		@ args = 0, pretend = 0, frame = 8
  29              		@ frame_needed = 0, uses_anonymous_args = 0
  30              		@ link register save eliminated.
  31 0000 82B0     		sub	sp, sp, #8
  32              	.LCFI0:
  33              		.cfi_def_cfa_offset 8
  34 0002 ADF80400 		strh	r0, [sp, #4]	@ movhi
 356:Core/Src/hal_gpio.c ****     return (GPIO_TypeDef *)port_hal_gpio_port[pin.port];
  35              		.loc 1 356 5 view .LVU1
  36              		.loc 1 356 50 is_stmt 0 view .LVU2
  37 0006 9DF80420 		ldrb	r2, [sp, #4]	@ zero_extendqisi2
 357:Core/Src/hal_gpio.c **** }
  38              		.loc 1 357 1 view .LVU3
  39 000a 024B     		ldr	r3, .L3
  40 000c 53F82200 		ldr	r0, [r3, r2, lsl #2]
  41 0010 02B0     		add	sp, sp, #8
  42              	.LCFI1:
  43              		.cfi_def_cfa_offset 0
ARM GAS  C:\Users\binhp\AppData\Local\Temp\ccyEiY1s.s 			page 8


  44              		@ sp needed
  45 0012 7047     		bx	lr
  46              	.L4:
  47              		.align	2
  48              	.L3:
  49 0014 00000000 		.word	port_hal_gpio_port
  50              		.cfi_endproc
  51              	.LFE73:
  53              		.section	.text.port_hal_gpio_get_pin,"ax",%progbits
  54              		.align	1
  55              		.syntax unified
  56              		.thumb
  57              		.thumb_func
  59              	port_hal_gpio_get_pin:
  60              	.LFB74:
 358:Core/Src/hal_gpio.c **** /**
 359:Core/Src/hal_gpio.c ****   * @brief  Get gpio pin  from the enum
 360:Core/Src/hal_gpio.c ****   * @param  pin: GPIO pin
 361:Core/Src/hal_gpio.c ****   * @note   None
 362:Core/Src/hal_gpio.c ****   * @retval GPIO pin 
 363:Core/Src/hal_gpio.c ****   */
 364:Core/Src/hal_gpio.c **** static uint16_t port_hal_gpio_get_pin(hal_gpio_t pin)
 365:Core/Src/hal_gpio.c **** {
  61              		.loc 1 365 1 is_stmt 1 view -0
  62              		.cfi_startproc
  63              		@ args = 0, pretend = 0, frame = 8
  64              		@ frame_needed = 0, uses_anonymous_args = 0
  65              		@ link register save eliminated.
  66 0000 82B0     		sub	sp, sp, #8
  67              	.LCFI2:
  68              		.cfi_def_cfa_offset 8
  69 0002 ADF80400 		strh	r0, [sp, #4]	@ movhi
 366:Core/Src/hal_gpio.c ****     return (uint16_t)port_hal_gpio_pin[pin.pin];
  70              		.loc 1 366 5 view .LVU5
  71              		.loc 1 366 43 is_stmt 0 view .LVU6
  72 0006 9DF80520 		ldrb	r2, [sp, #5]	@ zero_extendqisi2
 367:Core/Src/hal_gpio.c **** }
  73              		.loc 1 367 1 view .LVU7
  74 000a 024B     		ldr	r3, .L7
  75 000c 33F81200 		ldrh	r0, [r3, r2, lsl #1]
  76 0010 02B0     		add	sp, sp, #8
  77              	.LCFI3:
  78              		.cfi_def_cfa_offset 0
  79              		@ sp needed
  80 0012 7047     		bx	lr
  81              	.L8:
  82              		.align	2
  83              	.L7:
  84 0014 00000000 		.word	port_hal_gpio_pin
  85              		.cfi_endproc
  86              	.LFE74:
  88              		.section	.text.hal_gpio_pin_valid,"ax",%progbits
  89              		.align	1
  90              		.global	hal_gpio_pin_valid
  91              		.syntax unified
  92              		.thumb
  93              		.thumb_func
ARM GAS  C:\Users\binhp\AppData\Local\Temp\ccyEiY1s.s 			page 9


  95              	hal_gpio_pin_valid:
  96              	.LFB65:
  34:Core/Src/hal_gpio.c ****     bool valid = true;
  97              		.loc 1 34 1 is_stmt 1 view -0
  98              		.cfi_startproc
  99              		@ args = 0, pretend = 0, frame = 8
 100              		@ frame_needed = 0, uses_anonymous_args = 0
 101              		@ link register save eliminated.
 102 0000 82B0     		sub	sp, sp, #8
 103              	.LCFI4:
 104              		.cfi_def_cfa_offset 8
 105 0002 ADF80400 		strh	r0, [sp, #4]	@ movhi
  35:Core/Src/hal_gpio.c ****     if ((pin.pin >= HAL_GPIO_PIN_NUM) || (pin.port >= HAL_GPIO_PORT_NUM))
 106              		.loc 1 35 5 view .LVU9
 107              	.LVL0:
  36:Core/Src/hal_gpio.c ****     {
 108              		.loc 1 36 5 view .LVU10
  36:Core/Src/hal_gpio.c ****     {
 109              		.loc 1 36 13 is_stmt 0 view .LVU11
 110 0006 9DF80530 		ldrb	r3, [sp, #5]	@ zero_extendqisi2
  36:Core/Src/hal_gpio.c ****     {
 111              		.loc 1 36 8 view .LVU12
 112 000a 0F2B     		cmp	r3, #15
 113 000c 05D8     		bhi	.L11
  36:Core/Src/hal_gpio.c ****     {
 114              		.loc 1 36 46 discriminator 1 view .LVU13
 115 000e 9DF80430 		ldrb	r3, [sp, #4]	@ zero_extendqisi2
  36:Core/Src/hal_gpio.c ****     {
 116              		.loc 1 36 39 discriminator 1 view .LVU14
 117 0012 042B     		cmp	r3, #4
 118 0014 04D8     		bhi	.L12
  35:Core/Src/hal_gpio.c ****     if ((pin.pin >= HAL_GPIO_PIN_NUM) || (pin.port >= HAL_GPIO_PORT_NUM))
 119              		.loc 1 35 10 view .LVU15
 120 0016 0120     		movs	r0, #1
 121 0018 00E0     		b	.L10
 122              	.L11:
  38:Core/Src/hal_gpio.c ****     }
 123              		.loc 1 38 15 view .LVU16
 124 001a 0020     		movs	r0, #0
 125              	.L10:
 126              	.LVL1:
  40:Core/Src/hal_gpio.c **** }
 127              		.loc 1 40 5 is_stmt 1 view .LVU17
  41:Core/Src/hal_gpio.c **** 
 128              		.loc 1 41 1 is_stmt 0 view .LVU18
 129 001c 02B0     		add	sp, sp, #8
 130              	.LCFI5:
 131              		.cfi_remember_state
 132              		.cfi_def_cfa_offset 0
 133              		@ sp needed
 134 001e 7047     		bx	lr
 135              	.LVL2:
 136              	.L12:
 137              	.LCFI6:
 138              		.cfi_restore_state
  38:Core/Src/hal_gpio.c ****     }
 139              		.loc 1 38 15 view .LVU19
ARM GAS  C:\Users\binhp\AppData\Local\Temp\ccyEiY1s.s 			page 10


 140 0020 0020     		movs	r0, #0
 141 0022 FBE7     		b	.L10
 142              		.cfi_endproc
 143              	.LFE65:
 145              		.section	.text.hal_gpio_pin_config,"ax",%progbits
 146              		.align	1
 147              		.global	hal_gpio_pin_config
 148              		.syntax unified
 149              		.thumb
 150              		.thumb_func
 152              	hal_gpio_pin_config:
 153              	.LFB66:
  51:Core/Src/hal_gpio.c ****     GPIO_InitTypeDef  gpio_init_structure;
 154              		.loc 1 51 1 is_stmt 1 view -0
 155              		.cfi_startproc
 156              		@ args = 0, pretend = 0, frame = 56
 157              		@ frame_needed = 0, uses_anonymous_args = 0
 158 0000 F0B5     		push	{r4, r5, r6, r7, lr}
 159              	.LCFI7:
 160              		.cfi_def_cfa_offset 20
 161              		.cfi_offset 4, -20
 162              		.cfi_offset 5, -16
 163              		.cfi_offset 6, -12
 164              		.cfi_offset 7, -8
 165              		.cfi_offset 14, -4
 166 0002 8FB0     		sub	sp, sp, #60
 167              	.LCFI8:
 168              		.cfi_def_cfa_offset 80
 169 0004 ADF80C00 		strh	r0, [sp, #12]	@ movhi
 170 0008 01AB     		add	r3, sp, #4
 171 000a 83E80600 		stm	r3, {r1, r2}
  52:Core/Src/hal_gpio.c ****     uint32_t          pin_mode;
 172              		.loc 1 52 5 view .LVU21
  53:Core/Src/hal_gpio.c ****     uint32_t          pull_mode;
 173              		.loc 1 53 5 view .LVU22
  54:Core/Src/hal_gpio.c ****     GPIO_TypeDef      *GPIOx = port_hal_gpio_get_port(pin);
 174              		.loc 1 54 5 view .LVU23
  55:Core/Src/hal_gpio.c ****     // port clock enable
 175              		.loc 1 55 5 view .LVU24
  55:Core/Src/hal_gpio.c ****     // port clock enable
 176              		.loc 1 55 32 is_stmt 0 view .LVU25
 177 000e 0398     		ldr	r0, [sp, #12]
 178 0010 FFF7FEFF 		bl	port_hal_gpio_get_port
 179              	.LVL3:
 180 0014 0546     		mov	r5, r0
 181              	.LVL4:
  57:Core/Src/hal_gpio.c ****     {
 182              		.loc 1 57 5 is_stmt 1 view .LVU26
  57:Core/Src/hal_gpio.c ****     {
 183              		.loc 1 57 15 is_stmt 0 view .LVU27
 184 0016 9DF80C30 		ldrb	r3, [sp, #12]	@ zero_extendqisi2
  57:Core/Src/hal_gpio.c ****     {
 185              		.loc 1 57 5 view .LVU28
 186 001a 042B     		cmp	r3, #4
 187 001c 0ED8     		bhi	.L15
 188 001e DFE803F0 		tbb	[pc, r3]
 189              	.L17:
ARM GAS  C:\Users\binhp\AppData\Local\Temp\ccyEiY1s.s 			page 11


 190 0022 03       		.byte	(.L21-.L17)/2
 191 0023 18       		.byte	(.L20-.L17)/2
 192 0024 23       		.byte	(.L19-.L17)/2
 193 0025 2E       		.byte	(.L18-.L17)/2
 194 0026 39       		.byte	(.L16-.L17)/2
 195 0027 00       		.p2align 1
 196              	.L21:
  61:Core/Src/hal_gpio.c ****         }
 197              		.loc 1 61 13 is_stmt 1 view .LVU29
 198              	.LBB2:
  61:Core/Src/hal_gpio.c ****         }
 199              		.loc 1 61 13 view .LVU30
  61:Core/Src/hal_gpio.c ****         }
 200              		.loc 1 61 13 view .LVU31
 201 0028 5F4B     		ldr	r3, .L48
 202 002a 9A69     		ldr	r2, [r3, #24]
 203 002c 42F00402 		orr	r2, r2, #4
 204 0030 9A61     		str	r2, [r3, #24]
  61:Core/Src/hal_gpio.c ****         }
 205              		.loc 1 61 13 view .LVU32
 206 0032 9B69     		ldr	r3, [r3, #24]
 207 0034 03F00403 		and	r3, r3, #4
 208 0038 0593     		str	r3, [sp, #20]
  61:Core/Src/hal_gpio.c ****         }
 209              		.loc 1 61 13 view .LVU33
 210 003a 059B     		ldr	r3, [sp, #20]
 211              	.LBE2:
  61:Core/Src/hal_gpio.c ****         }
 212              		.loc 1 61 13 view .LVU34
  63:Core/Src/hal_gpio.c ****         case HAL_GPIO_PORTB:
 213              		.loc 1 63 9 view .LVU35
 214              	.L15:
  88:Core/Src/hal_gpio.c ****     switch (mode.mode)
 215              		.loc 1 88 5 view .LVU36
 216              	.LVL5:
  89:Core/Src/hal_gpio.c ****     {
 217              		.loc 1 89 5 view .LVU37
  89:Core/Src/hal_gpio.c ****     {
 218              		.loc 1 89 17 is_stmt 0 view .LVU38
 219 003c 9DF80440 		ldrb	r4, [sp, #4]	@ zero_extendqisi2
  89:Core/Src/hal_gpio.c ****     {
 220              		.loc 1 89 5 view .LVU39
 221 0040 631E     		subs	r3, r4, #1
 222 0042 072B     		cmp	r3, #7
 223 0044 31D8     		bhi	.L22
 224 0046 DFE803F0 		tbb	[pc, r3]
 225              	.L24:
 226 004a 40       		.byte	(.L42-.L24)/2
 227 004b 32       		.byte	(.L30-.L24)/2
 228 004c 34       		.byte	(.L29-.L24)/2
 229 004d 36       		.byte	(.L28-.L24)/2
 230 004e 38       		.byte	(.L27-.L24)/2
 231 004f 3A       		.byte	(.L26-.L24)/2
 232 0050 3C       		.byte	(.L25-.L24)/2
 233 0051 3E       		.byte	(.L23-.L24)/2
 234              	.LVL6:
 235              		.p2align 1
ARM GAS  C:\Users\binhp\AppData\Local\Temp\ccyEiY1s.s 			page 12


 236              	.L20:
  66:Core/Src/hal_gpio.c ****         }
 237              		.loc 1 66 13 is_stmt 1 view .LVU40
 238              	.LBB3:
  66:Core/Src/hal_gpio.c ****         }
 239              		.loc 1 66 13 view .LVU41
  66:Core/Src/hal_gpio.c ****         }
 240              		.loc 1 66 13 view .LVU42
 241 0052 554B     		ldr	r3, .L48
 242 0054 9A69     		ldr	r2, [r3, #24]
 243 0056 42F00802 		orr	r2, r2, #8
 244 005a 9A61     		str	r2, [r3, #24]
  66:Core/Src/hal_gpio.c ****         }
 245              		.loc 1 66 13 view .LVU43
 246 005c 9B69     		ldr	r3, [r3, #24]
 247 005e 03F00803 		and	r3, r3, #8
 248 0062 0693     		str	r3, [sp, #24]
  66:Core/Src/hal_gpio.c ****         }
 249              		.loc 1 66 13 view .LVU44
 250 0064 069B     		ldr	r3, [sp, #24]
 251              	.LBE3:
  66:Core/Src/hal_gpio.c ****         }
 252              		.loc 1 66 13 view .LVU45
  68:Core/Src/hal_gpio.c ****         case HAL_GPIO_PORTC:
 253              		.loc 1 68 9 view .LVU46
 254 0066 E9E7     		b	.L15
 255              	.L19:
  71:Core/Src/hal_gpio.c ****         }
 256              		.loc 1 71 13 view .LVU47
 257              	.LBB4:
  71:Core/Src/hal_gpio.c ****         }
 258              		.loc 1 71 13 view .LVU48
  71:Core/Src/hal_gpio.c ****         }
 259              		.loc 1 71 13 view .LVU49
 260 0068 4F4B     		ldr	r3, .L48
 261 006a 9A69     		ldr	r2, [r3, #24]
 262 006c 42F01002 		orr	r2, r2, #16
 263 0070 9A61     		str	r2, [r3, #24]
  71:Core/Src/hal_gpio.c ****         }
 264              		.loc 1 71 13 view .LVU50
 265 0072 9B69     		ldr	r3, [r3, #24]
 266 0074 03F01003 		and	r3, r3, #16
 267 0078 0793     		str	r3, [sp, #28]
  71:Core/Src/hal_gpio.c ****         }
 268              		.loc 1 71 13 view .LVU51
 269 007a 079B     		ldr	r3, [sp, #28]
 270              	.LBE4:
  71:Core/Src/hal_gpio.c ****         }
 271              		.loc 1 71 13 view .LVU52
  73:Core/Src/hal_gpio.c ****         case HAL_GPIO_PORTD:
 272              		.loc 1 73 9 view .LVU53
 273 007c DEE7     		b	.L15
 274              	.L18:
  76:Core/Src/hal_gpio.c ****         }
 275              		.loc 1 76 13 view .LVU54
 276              	.LBB5:
  76:Core/Src/hal_gpio.c ****         }
ARM GAS  C:\Users\binhp\AppData\Local\Temp\ccyEiY1s.s 			page 13


 277              		.loc 1 76 13 view .LVU55
  76:Core/Src/hal_gpio.c ****         }
 278              		.loc 1 76 13 view .LVU56
 279 007e 4A4B     		ldr	r3, .L48
 280 0080 9A69     		ldr	r2, [r3, #24]
 281 0082 42F02002 		orr	r2, r2, #32
 282 0086 9A61     		str	r2, [r3, #24]
  76:Core/Src/hal_gpio.c ****         }
 283              		.loc 1 76 13 view .LVU57
 284 0088 9B69     		ldr	r3, [r3, #24]
 285 008a 03F02003 		and	r3, r3, #32
 286 008e 0893     		str	r3, [sp, #32]
  76:Core/Src/hal_gpio.c ****         }
 287              		.loc 1 76 13 view .LVU58
 288 0090 089B     		ldr	r3, [sp, #32]
 289              	.LBE5:
  76:Core/Src/hal_gpio.c ****         }
 290              		.loc 1 76 13 view .LVU59
  78:Core/Src/hal_gpio.c ****         case HAL_GPIO_PORTE:
 291              		.loc 1 78 9 view .LVU60
 292 0092 D3E7     		b	.L15
 293              	.L16:
  81:Core/Src/hal_gpio.c ****         }
 294              		.loc 1 81 13 view .LVU61
 295              	.LBB6:
  81:Core/Src/hal_gpio.c ****         }
 296              		.loc 1 81 13 view .LVU62
  81:Core/Src/hal_gpio.c ****         }
 297              		.loc 1 81 13 view .LVU63
 298 0094 444B     		ldr	r3, .L48
 299 0096 9A69     		ldr	r2, [r3, #24]
 300 0098 42F04002 		orr	r2, r2, #64
 301 009c 9A61     		str	r2, [r3, #24]
  81:Core/Src/hal_gpio.c ****         }
 302              		.loc 1 81 13 view .LVU64
 303 009e 9B69     		ldr	r3, [r3, #24]
 304 00a0 03F04003 		and	r3, r3, #64
 305 00a4 0993     		str	r3, [sp, #36]
  81:Core/Src/hal_gpio.c ****         }
 306              		.loc 1 81 13 view .LVU65
 307 00a6 099B     		ldr	r3, [sp, #36]
 308              	.LBE6:
  81:Core/Src/hal_gpio.c ****         }
 309              		.loc 1 81 13 view .LVU66
  83:Core/Src/hal_gpio.c ****         default:
 310              		.loc 1 83 9 view .LVU67
 311 00a8 C8E7     		b	.L15
 312              	.LVL7:
 313              	.L22:
  89:Core/Src/hal_gpio.c ****     {
 314              		.loc 1 89 5 is_stmt 0 view .LVU68
 315 00aa 0027     		movs	r7, #0
 316 00ac 0EE0     		b	.L31
 317              	.L30:
 103:Core/Src/hal_gpio.c ****         }
 318              		.loc 1 103 13 is_stmt 1 view .LVU69
 319              	.LVL8:
ARM GAS  C:\Users\binhp\AppData\Local\Temp\ccyEiY1s.s 			page 14


 105:Core/Src/hal_gpio.c ****         case HAL_GPIO_AF_PP:
 320              		.loc 1 105 9 view .LVU70
 103:Core/Src/hal_gpio.c ****         }
 321              		.loc 1 103 22 is_stmt 0 view .LVU71
 322 00ae 1127     		movs	r7, #17
 105:Core/Src/hal_gpio.c ****         case HAL_GPIO_AF_PP:
 323              		.loc 1 105 9 view .LVU72
 324 00b0 0CE0     		b	.L31
 325              	.LVL9:
 326              	.L29:
 108:Core/Src/hal_gpio.c ****         }
 327              		.loc 1 108 13 is_stmt 1 view .LVU73
 110:Core/Src/hal_gpio.c ****         case HAL_GPIO_AF_OD:
 328              		.loc 1 110 9 view .LVU74
 108:Core/Src/hal_gpio.c ****         }
 329              		.loc 1 108 22 is_stmt 0 view .LVU75
 330 00b2 0227     		movs	r7, #2
 110:Core/Src/hal_gpio.c ****         case HAL_GPIO_AF_OD:
 331              		.loc 1 110 9 view .LVU76
 332 00b4 0AE0     		b	.L31
 333              	.LVL10:
 334              	.L28:
 113:Core/Src/hal_gpio.c ****         }
 335              		.loc 1 113 13 is_stmt 1 view .LVU77
 115:Core/Src/hal_gpio.c ****         case HAL_GPIO_ANALOG:
 336              		.loc 1 115 9 view .LVU78
 113:Core/Src/hal_gpio.c ****         }
 337              		.loc 1 113 22 is_stmt 0 view .LVU79
 338 00b6 1227     		movs	r7, #18
 115:Core/Src/hal_gpio.c ****         case HAL_GPIO_ANALOG:
 339              		.loc 1 115 9 view .LVU80
 340 00b8 08E0     		b	.L31
 341              	.LVL11:
 342              	.L27:
 118:Core/Src/hal_gpio.c ****         }
 343              		.loc 1 118 13 is_stmt 1 view .LVU81
 120:Core/Src/hal_gpio.c ****         case HAL_GPIO_INT_RISING:
 344              		.loc 1 120 9 view .LVU82
 118:Core/Src/hal_gpio.c ****         }
 345              		.loc 1 118 22 is_stmt 0 view .LVU83
 346 00ba 0327     		movs	r7, #3
 120:Core/Src/hal_gpio.c ****         case HAL_GPIO_INT_RISING:
 347              		.loc 1 120 9 view .LVU84
 348 00bc 06E0     		b	.L31
 349              	.LVL12:
 350              	.L26:
 123:Core/Src/hal_gpio.c ****         }
 351              		.loc 1 123 13 is_stmt 1 view .LVU85
 125:Core/Src/hal_gpio.c ****         case HAL_GPIO_INT_FALLING:
 352              		.loc 1 125 9 view .LVU86
 123:Core/Src/hal_gpio.c ****         }
 353              		.loc 1 123 22 is_stmt 0 view .LVU87
 354 00be 3B4F     		ldr	r7, .L48+4
 125:Core/Src/hal_gpio.c ****         case HAL_GPIO_INT_FALLING:
 355              		.loc 1 125 9 view .LVU88
 356 00c0 04E0     		b	.L31
 357              	.LVL13:
ARM GAS  C:\Users\binhp\AppData\Local\Temp\ccyEiY1s.s 			page 15


 358              	.L25:
 128:Core/Src/hal_gpio.c ****         }
 359              		.loc 1 128 13 is_stmt 1 view .LVU89
 130:Core/Src/hal_gpio.c ****         case HAL_GPIO_INT_RISING_FALLING:
 360              		.loc 1 130 9 view .LVU90
 128:Core/Src/hal_gpio.c ****         }
 361              		.loc 1 128 22 is_stmt 0 view .LVU91
 362 00c2 3B4F     		ldr	r7, .L48+8
 130:Core/Src/hal_gpio.c ****         case HAL_GPIO_INT_RISING_FALLING:
 363              		.loc 1 130 9 view .LVU92
 364 00c4 02E0     		b	.L31
 365              	.LVL14:
 366              	.L23:
 133:Core/Src/hal_gpio.c ****         }
 367              		.loc 1 133 13 is_stmt 1 view .LVU93
 135:Core/Src/hal_gpio.c ****         default:
 368              		.loc 1 135 9 view .LVU94
 133:Core/Src/hal_gpio.c ****         }
 369              		.loc 1 133 22 is_stmt 0 view .LVU95
 370 00c6 3B4F     		ldr	r7, .L48+12
 135:Core/Src/hal_gpio.c ****         default:
 371              		.loc 1 135 9 view .LVU96
 372 00c8 00E0     		b	.L31
 373              	.LVL15:
 374              	.L42:
  98:Core/Src/hal_gpio.c ****         }
 375              		.loc 1 98 22 view .LVU97
 376 00ca 0127     		movs	r7, #1
 377              	.LVL16:
 378              	.L31:
 139:Core/Src/hal_gpio.c ****     switch(mode.pull)
 379              		.loc 1 139 5 is_stmt 1 view .LVU98
 140:Core/Src/hal_gpio.c ****     {
 380              		.loc 1 140 5 view .LVU99
 140:Core/Src/hal_gpio.c ****     {
 381              		.loc 1 140 16 is_stmt 0 view .LVU100
 382 00cc 9DF80530 		ldrb	r3, [sp, #5]	@ zero_extendqisi2
 140:Core/Src/hal_gpio.c ****     {
 383              		.loc 1 140 5 view .LVU101
 384 00d0 012B     		cmp	r3, #1
 385 00d2 03D0     		beq	.L43
 386 00d4 022B     		cmp	r3, #2
 387 00d6 24D1     		bne	.L44
 154:Core/Src/hal_gpio.c ****         }
 388              		.loc 1 154 23 view .LVU102
 389 00d8 0226     		movs	r6, #2
 390 00da 00E0     		b	.L32
 391              	.L43:
 149:Core/Src/hal_gpio.c ****         }
 392              		.loc 1 149 23 view .LVU103
 393 00dc 0126     		movs	r6, #1
 394              	.L32:
 395              	.LVL17:
 160:Core/Src/hal_gpio.c ****     gpio_init_structure.Mode  = pin_mode;
 396              		.loc 1 160 5 is_stmt 1 view .LVU104
 160:Core/Src/hal_gpio.c ****     gpio_init_structure.Mode  = pin_mode;
 397              		.loc 1 160 33 is_stmt 0 view .LVU105
ARM GAS  C:\Users\binhp\AppData\Local\Temp\ccyEiY1s.s 			page 16


 398 00de 0398     		ldr	r0, [sp, #12]
 399              	.LVL18:
 160:Core/Src/hal_gpio.c ****     gpio_init_structure.Mode  = pin_mode;
 400              		.loc 1 160 33 view .LVU106
 401 00e0 FFF7FEFF 		bl	port_hal_gpio_get_pin
 402              	.LVL19:
 160:Core/Src/hal_gpio.c ****     gpio_init_structure.Mode  = pin_mode;
 403              		.loc 1 160 31 discriminator 1 view .LVU107
 404 00e4 0A90     		str	r0, [sp, #40]
 161:Core/Src/hal_gpio.c ****     gpio_init_structure.Pull  = pull_mode;
 405              		.loc 1 161 5 is_stmt 1 view .LVU108
 161:Core/Src/hal_gpio.c ****     gpio_init_structure.Pull  = pull_mode;
 406              		.loc 1 161 31 is_stmt 0 view .LVU109
 407 00e6 0B97     		str	r7, [sp, #44]
 162:Core/Src/hal_gpio.c ****     gpio_init_structure.Speed = GPIO_SPEED_FREQ_HIGH;
 408              		.loc 1 162 5 is_stmt 1 view .LVU110
 162:Core/Src/hal_gpio.c ****     gpio_init_structure.Speed = GPIO_SPEED_FREQ_HIGH;
 409              		.loc 1 162 31 is_stmt 0 view .LVU111
 410 00e8 0C96     		str	r6, [sp, #48]
 163:Core/Src/hal_gpio.c ****     HAL_GPIO_Init(GPIOx, &gpio_init_structure);
 411              		.loc 1 163 5 is_stmt 1 view .LVU112
 163:Core/Src/hal_gpio.c ****     HAL_GPIO_Init(GPIOx, &gpio_init_structure);
 412              		.loc 1 163 31 is_stmt 0 view .LVU113
 413 00ea 0323     		movs	r3, #3
 414 00ec 0D93     		str	r3, [sp, #52]
 164:Core/Src/hal_gpio.c ****     // in the case of interrupt need to enable it
 415              		.loc 1 164 5 is_stmt 1 view .LVU114
 416 00ee 0AA9     		add	r1, sp, #40
 417 00f0 2846     		mov	r0, r5
 418 00f2 FFF7FEFF 		bl	HAL_GPIO_Init
 419              	.LVL20:
 166:Core/Src/hal_gpio.c ****         (mode.mode == HAL_GPIO_INT_FALLING)||
 420              		.loc 1 166 5 view .LVU115
 167:Core/Src/hal_gpio.c ****         (mode.mode == HAL_GPIO_INT_RISING_FALLING))
 421              		.loc 1 167 44 is_stmt 0 view .LVU116
 422 00f6 063C     		subs	r4, r4, #6
 423 00f8 E4B2     		uxtb	r4, r4
 166:Core/Src/hal_gpio.c ****         (mode.mode == HAL_GPIO_INT_FALLING)||
 424              		.loc 1 166 8 view .LVU117
 425 00fa 022C     		cmp	r4, #2
 426 00fc 1BD8     		bhi	.L14
 170:Core/Src/hal_gpio.c ****         switch (pin.pin)
 427              		.loc 1 170 9 is_stmt 1 view .LVU118
 170:Core/Src/hal_gpio.c ****         switch (pin.pin)
 428              		.loc 1 170 25 is_stmt 0 view .LVU119
 429 00fe 9DF80D30 		ldrb	r3, [sp, #13]	@ zero_extendqisi2
 170:Core/Src/hal_gpio.c ****         switch (pin.pin)
 430              		.loc 1 170 31 view .LVU120
 431 0102 0299     		ldr	r1, [sp, #8]
 432 0104 2C4A     		ldr	r2, .L48+16
 433 0106 42F82310 		str	r1, [r2, r3, lsl #2]
 171:Core/Src/hal_gpio.c ****         {
 434              		.loc 1 171 9 is_stmt 1 view .LVU121
 435 010a 0F2B     		cmp	r3, #15
 436 010c 13D8     		bhi	.L14
 437 010e DFE803F0 		tbb	[pc, r3]
 438              	.L35:
ARM GAS  C:\Users\binhp\AppData\Local\Temp\ccyEiY1s.s 			page 17


 439 0112 0A       		.byte	(.L41-.L35)/2
 440 0113 14       		.byte	(.L40-.L35)/2
 441 0114 1D       		.byte	(.L39-.L35)/2
 442 0115 26       		.byte	(.L38-.L35)/2
 443 0116 2F       		.byte	(.L37-.L35)/2
 444 0117 38       		.byte	(.L36-.L35)/2
 445 0118 38       		.byte	(.L36-.L35)/2
 446 0119 38       		.byte	(.L36-.L35)/2
 447 011a 38       		.byte	(.L36-.L35)/2
 448 011b 38       		.byte	(.L36-.L35)/2
 449 011c 41       		.byte	(.L34-.L35)/2
 450 011d 41       		.byte	(.L34-.L35)/2
 451 011e 41       		.byte	(.L34-.L35)/2
 452 011f 41       		.byte	(.L34-.L35)/2
 453 0120 41       		.byte	(.L34-.L35)/2
 454 0121 41       		.byte	(.L34-.L35)/2
 455              	.LVL21:
 456              		.p2align 1
 457              	.L44:
 140:Core/Src/hal_gpio.c ****     {
 458              		.loc 1 140 5 is_stmt 0 view .LVU122
 459 0122 0026     		movs	r6, #0
 460 0124 DBE7     		b	.L32
 461              	.LVL22:
 462              	.L41:
 175:Core/Src/hal_gpio.c ****                 HAL_NVIC_EnableIRQ(EXTI0_IRQn);
 463              		.loc 1 175 17 is_stmt 1 view .LVU123
 464 0126 0022     		movs	r2, #0
 465 0128 0121     		movs	r1, #1
 466 012a 0620     		movs	r0, #6
 467 012c FFF7FEFF 		bl	HAL_NVIC_SetPriority
 468              	.LVL23:
 176:Core/Src/hal_gpio.c ****             }
 469              		.loc 1 176 17 view .LVU124
 470 0130 0620     		movs	r0, #6
 471 0132 FFF7FEFF 		bl	HAL_NVIC_EnableIRQ
 472              	.LVL24:
 178:Core/Src/hal_gpio.c ****             case HAL_GPIO_PIN1:
 473              		.loc 1 178 13 view .LVU125
 474              	.L14:
 228:Core/Src/hal_gpio.c **** 
 475              		.loc 1 228 1 is_stmt 0 view .LVU126
 476 0136 0FB0     		add	sp, sp, #60
 477              	.LCFI9:
 478              		.cfi_remember_state
 479              		.cfi_def_cfa_offset 20
 480              		@ sp needed
 481 0138 F0BD     		pop	{r4, r5, r6, r7, pc}
 482              	.LVL25:
 483              	.L40:
 484              	.LCFI10:
 485              		.cfi_restore_state
 181:Core/Src/hal_gpio.c ****                 HAL_NVIC_EnableIRQ(EXTI1_IRQn);
 486              		.loc 1 181 17 is_stmt 1 view .LVU127
 487 013a 0022     		movs	r2, #0
 488 013c 0121     		movs	r1, #1
 489 013e 0720     		movs	r0, #7
ARM GAS  C:\Users\binhp\AppData\Local\Temp\ccyEiY1s.s 			page 18


 490 0140 FFF7FEFF 		bl	HAL_NVIC_SetPriority
 491              	.LVL26:
 182:Core/Src/hal_gpio.c ****             }
 492              		.loc 1 182 17 view .LVU128
 493 0144 0720     		movs	r0, #7
 494 0146 FFF7FEFF 		bl	HAL_NVIC_EnableIRQ
 495              	.LVL27:
 184:Core/Src/hal_gpio.c ****             case HAL_GPIO_PIN2:
 496              		.loc 1 184 13 view .LVU129
 497 014a F4E7     		b	.L14
 498              	.L39:
 187:Core/Src/hal_gpio.c ****                 HAL_NVIC_EnableIRQ(EXTI2_IRQn);
 499              		.loc 1 187 17 view .LVU130
 500 014c 0022     		movs	r2, #0
 501 014e 0121     		movs	r1, #1
 502 0150 0820     		movs	r0, #8
 503 0152 FFF7FEFF 		bl	HAL_NVIC_SetPriority
 504              	.LVL28:
 188:Core/Src/hal_gpio.c ****             }
 505              		.loc 1 188 17 view .LVU131
 506 0156 0820     		movs	r0, #8
 507 0158 FFF7FEFF 		bl	HAL_NVIC_EnableIRQ
 508              	.LVL29:
 190:Core/Src/hal_gpio.c ****             case HAL_GPIO_PIN3:
 509              		.loc 1 190 13 view .LVU132
 510 015c EBE7     		b	.L14
 511              	.L38:
 193:Core/Src/hal_gpio.c ****                 HAL_NVIC_EnableIRQ(EXTI3_IRQn);
 512              		.loc 1 193 17 view .LVU133
 513 015e 0022     		movs	r2, #0
 514 0160 0121     		movs	r1, #1
 515 0162 0920     		movs	r0, #9
 516 0164 FFF7FEFF 		bl	HAL_NVIC_SetPriority
 517              	.LVL30:
 194:Core/Src/hal_gpio.c ****             }
 518              		.loc 1 194 17 view .LVU134
 519 0168 0920     		movs	r0, #9
 520 016a FFF7FEFF 		bl	HAL_NVIC_EnableIRQ
 521              	.LVL31:
 196:Core/Src/hal_gpio.c ****             case HAL_GPIO_PIN4:
 522              		.loc 1 196 13 view .LVU135
 523 016e E2E7     		b	.L14
 524              	.L37:
 199:Core/Src/hal_gpio.c ****                 HAL_NVIC_EnableIRQ(EXTI4_IRQn);
 525              		.loc 1 199 17 view .LVU136
 526 0170 0022     		movs	r2, #0
 527 0172 0121     		movs	r1, #1
 528 0174 0A20     		movs	r0, #10
 529 0176 FFF7FEFF 		bl	HAL_NVIC_SetPriority
 530              	.LVL32:
 200:Core/Src/hal_gpio.c ****             }
 531              		.loc 1 200 17 view .LVU137
 532 017a 0A20     		movs	r0, #10
 533 017c FFF7FEFF 		bl	HAL_NVIC_EnableIRQ
 534              	.LVL33:
 202:Core/Src/hal_gpio.c ****             case HAL_GPIO_PIN5:
 535              		.loc 1 202 13 view .LVU138
ARM GAS  C:\Users\binhp\AppData\Local\Temp\ccyEiY1s.s 			page 19


 536 0180 D9E7     		b	.L14
 537              	.L36:
 209:Core/Src/hal_gpio.c ****                 HAL_NVIC_EnableIRQ(EXTI9_5_IRQn);
 538              		.loc 1 209 17 view .LVU139
 539 0182 0022     		movs	r2, #0
 540 0184 0121     		movs	r1, #1
 541 0186 1720     		movs	r0, #23
 542 0188 FFF7FEFF 		bl	HAL_NVIC_SetPriority
 543              	.LVL34:
 210:Core/Src/hal_gpio.c ****             }
 544              		.loc 1 210 17 view .LVU140
 545 018c 1720     		movs	r0, #23
 546 018e FFF7FEFF 		bl	HAL_NVIC_EnableIRQ
 547              	.LVL35:
 212:Core/Src/hal_gpio.c ****             case HAL_GPIO_PIN10:
 548              		.loc 1 212 13 view .LVU141
 549 0192 D0E7     		b	.L14
 550              	.L34:
 220:Core/Src/hal_gpio.c ****                 HAL_NVIC_EnableIRQ(EXTI15_10_IRQn);
 551              		.loc 1 220 17 view .LVU142
 552 0194 0022     		movs	r2, #0
 553 0196 0121     		movs	r1, #1
 554 0198 2820     		movs	r0, #40
 555 019a FFF7FEFF 		bl	HAL_NVIC_SetPriority
 556              	.LVL36:
 221:Core/Src/hal_gpio.c ****             }
 557              		.loc 1 221 17 view .LVU143
 558 019e 2820     		movs	r0, #40
 559 01a0 FFF7FEFF 		bl	HAL_NVIC_EnableIRQ
 560              	.LVL37:
 223:Core/Src/hal_gpio.c ****             default:
 561              		.loc 1 223 13 view .LVU144
 228:Core/Src/hal_gpio.c **** 
 562              		.loc 1 228 1 is_stmt 0 view .LVU145
 563 01a4 C7E7     		b	.L14
 564              	.L49:
 565 01a6 00BF     		.align	2
 566              	.L48:
 567 01a8 00100240 		.word	1073876992
 568 01ac 00001110 		.word	269549568
 569 01b0 00002110 		.word	270598144
 570 01b4 00003110 		.word	271646720
 571 01b8 00000000 		.word	interrupt_cb
 572              		.cfi_endproc
 573              	.LFE66:
 575              		.section	.text.hal_gpio_enable_int,"ax",%progbits
 576              		.align	1
 577              		.global	hal_gpio_enable_int
 578              		.syntax unified
 579              		.thumb
 580              		.thumb_func
 582              	hal_gpio_enable_int:
 583              	.LFB67:
 238:Core/Src/hal_gpio.c ****     uint32_t temp;
 584              		.loc 1 238 1 is_stmt 1 view -0
 585              		.cfi_startproc
 586              		@ args = 0, pretend = 0, frame = 8
ARM GAS  C:\Users\binhp\AppData\Local\Temp\ccyEiY1s.s 			page 20


 587              		@ frame_needed = 0, uses_anonymous_args = 0
 588              		@ link register save eliminated.
 589 0000 82B0     		sub	sp, sp, #8
 590              	.LCFI11:
 591              		.cfi_def_cfa_offset 8
 592 0002 ADF80400 		strh	r0, [sp, #4]	@ movhi
 239:Core/Src/hal_gpio.c ****     uint32_t temp1;
 593              		.loc 1 239 5 view .LVU147
 240:Core/Src/hal_gpio.c ****     uint32_t position;
 594              		.loc 1 240 5 view .LVU148
 241:Core/Src/hal_gpio.c ****     EXTI_TypeDef *EXTI_CurrentCPU;
 595              		.loc 1 241 5 view .LVU149
 242:Core/Src/hal_gpio.c ****     EXTI_CurrentCPU = EXTI; /* EXTI for CM7 CPU */
 596              		.loc 1 242 5 view .LVU150
 243:Core/Src/hal_gpio.c ****     temp = EXTI_CurrentCPU->IMR;
 597              		.loc 1 243 5 view .LVU151
 598              	.LVL38:
 244:Core/Src/hal_gpio.c ****     position = 1<< pin.pin;
 599              		.loc 1 244 5 view .LVU152
 244:Core/Src/hal_gpio.c ****     position = 1<< pin.pin;
 600              		.loc 1 244 10 is_stmt 0 view .LVU153
 601 0006 074B     		ldr	r3, .L53
 602 0008 1A68     		ldr	r2, [r3]
 603              	.LVL39:
 245:Core/Src/hal_gpio.c ****     temp1  = temp;
 604              		.loc 1 245 5 is_stmt 1 view .LVU154
 245:Core/Src/hal_gpio.c ****     temp1  = temp;
 605              		.loc 1 245 23 is_stmt 0 view .LVU155
 606 000a 9DF80510 		ldrb	r1, [sp, #5]	@ zero_extendqisi2
 245:Core/Src/hal_gpio.c ****     temp1  = temp;
 607              		.loc 1 245 17 view .LVU156
 608 000e 0123     		movs	r3, #1
 609 0010 8B40     		lsls	r3, r3, r1
 610              	.LVL40:
 246:Core/Src/hal_gpio.c ****     temp1 |= position;
 611              		.loc 1 246 5 is_stmt 1 view .LVU157
 247:Core/Src/hal_gpio.c ****     if (temp1 != temp)
 612              		.loc 1 247 5 view .LVU158
 247:Core/Src/hal_gpio.c ****     if (temp1 != temp)
 613              		.loc 1 247 11 is_stmt 0 view .LVU159
 614 0012 42EA0301 		orr	r1, r2, r3
 615              	.LVL41:
 248:Core/Src/hal_gpio.c ****     {
 616              		.loc 1 248 5 is_stmt 1 view .LVU160
 248:Core/Src/hal_gpio.c ****     {
 617              		.loc 1 248 8 is_stmt 0 view .LVU161
 618 0016 9343     		bics	r3, r3, r2
 619              	.LVL42:
 248:Core/Src/hal_gpio.c ****     {
 620              		.loc 1 248 8 view .LVU162
 621 0018 01D0     		beq	.L50
 250:Core/Src/hal_gpio.c ****     }
 622              		.loc 1 250 9 is_stmt 1 view .LVU163
 250:Core/Src/hal_gpio.c ****     }
 623              		.loc 1 250 30 is_stmt 0 view .LVU164
 624 001a 024B     		ldr	r3, .L53
 625 001c 1960     		str	r1, [r3]
ARM GAS  C:\Users\binhp\AppData\Local\Temp\ccyEiY1s.s 			page 21


 626              	.LVL43:
 627              	.L50:
 252:Core/Src/hal_gpio.c **** /**
 628              		.loc 1 252 1 view .LVU165
 629 001e 02B0     		add	sp, sp, #8
 630              	.LCFI12:
 631              		.cfi_def_cfa_offset 0
 632              		@ sp needed
 633 0020 7047     		bx	lr
 634              	.L54:
 635 0022 00BF     		.align	2
 636              	.L53:
 637 0024 00040140 		.word	1073808384
 638              		.cfi_endproc
 639              	.LFE67:
 641              		.section	.text.hal_gpio_disable_int,"ax",%progbits
 642              		.align	1
 643              		.global	hal_gpio_disable_int
 644              		.syntax unified
 645              		.thumb
 646              		.thumb_func
 648              	hal_gpio_disable_int:
 649              	.LFB68:
 260:Core/Src/hal_gpio.c ****     uint32_t temp;
 650              		.loc 1 260 1 is_stmt 1 view -0
 651              		.cfi_startproc
 652              		@ args = 0, pretend = 0, frame = 8
 653              		@ frame_needed = 0, uses_anonymous_args = 0
 654              		@ link register save eliminated.
 655 0000 82B0     		sub	sp, sp, #8
 656              	.LCFI13:
 657              		.cfi_def_cfa_offset 8
 658 0002 ADF80400 		strh	r0, [sp, #4]	@ movhi
 261:Core/Src/hal_gpio.c ****     uint32_t temp1;
 659              		.loc 1 261 5 view .LVU167
 262:Core/Src/hal_gpio.c ****     uint32_t position;
 660              		.loc 1 262 5 view .LVU168
 263:Core/Src/hal_gpio.c ****     EXTI_TypeDef *EXTI_CurrentCPU;
 661              		.loc 1 263 5 view .LVU169
 264:Core/Src/hal_gpio.c ****     EXTI_CurrentCPU = EXTI; /* EXTI for CM7 CPU */
 662              		.loc 1 264 5 view .LVU170
 265:Core/Src/hal_gpio.c **** 
 663              		.loc 1 265 5 view .LVU171
 664              	.LVL44:
 267:Core/Src/hal_gpio.c ****     position = 1<< pin.pin;
 665              		.loc 1 267 5 view .LVU172
 267:Core/Src/hal_gpio.c ****     position = 1<< pin.pin;
 666              		.loc 1 267 10 is_stmt 0 view .LVU173
 667 0006 074B     		ldr	r3, .L58
 668 0008 1A68     		ldr	r2, [r3]
 669              	.LVL45:
 268:Core/Src/hal_gpio.c ****     temp1  = temp;
 670              		.loc 1 268 5 is_stmt 1 view .LVU174
 268:Core/Src/hal_gpio.c ****     temp1  = temp;
 671              		.loc 1 268 23 is_stmt 0 view .LVU175
 672 000a 9DF80510 		ldrb	r1, [sp, #5]	@ zero_extendqisi2
 268:Core/Src/hal_gpio.c ****     temp1  = temp;
ARM GAS  C:\Users\binhp\AppData\Local\Temp\ccyEiY1s.s 			page 22


 673              		.loc 1 268 17 view .LVU176
 674 000e 0123     		movs	r3, #1
 675 0010 8B40     		lsls	r3, r3, r1
 676              	.LVL46:
 269:Core/Src/hal_gpio.c ****     temp1 &= (~position);
 677              		.loc 1 269 5 is_stmt 1 view .LVU177
 270:Core/Src/hal_gpio.c ****     if (temp1 != temp)
 678              		.loc 1 270 5 view .LVU178
 270:Core/Src/hal_gpio.c ****     if (temp1 != temp)
 679              		.loc 1 270 11 is_stmt 0 view .LVU179
 680 0012 22EA0301 		bic	r1, r2, r3
 681              	.LVL47:
 271:Core/Src/hal_gpio.c ****     {
 682              		.loc 1 271 5 is_stmt 1 view .LVU180
 271:Core/Src/hal_gpio.c ****     {
 683              		.loc 1 271 8 is_stmt 0 view .LVU181
 684 0016 1A42     		tst	r2, r3
 685 0018 01D0     		beq	.L55
 273:Core/Src/hal_gpio.c ****     }
 686              		.loc 1 273 9 is_stmt 1 view .LVU182
 273:Core/Src/hal_gpio.c ****     }
 687              		.loc 1 273 30 is_stmt 0 view .LVU183
 688 001a 024B     		ldr	r3, .L58
 689              	.LVL48:
 273:Core/Src/hal_gpio.c ****     }
 690              		.loc 1 273 30 view .LVU184
 691 001c 1960     		str	r1, [r3]
 692              	.LVL49:
 693              	.L55:
 275:Core/Src/hal_gpio.c **** /**
 694              		.loc 1 275 1 view .LVU185
 695 001e 02B0     		add	sp, sp, #8
 696              	.LCFI14:
 697              		.cfi_def_cfa_offset 0
 698              		@ sp needed
 699 0020 7047     		bx	lr
 700              	.L59:
 701 0022 00BF     		.align	2
 702              	.L58:
 703 0024 00040140 		.word	1073808384
 704              		.cfi_endproc
 705              	.LFE68:
 707              		.section	.text.hal_gpio_irq_handle,"ax",%progbits
 708              		.align	1
 709              		.global	hal_gpio_irq_handle
 710              		.syntax unified
 711              		.thumb
 712              		.thumb_func
 714              	hal_gpio_irq_handle:
 715              	.LVL50:
 716              	.LFB69:
 285:Core/Src/hal_gpio.c ****   uint32_t exint_line;
 717              		.loc 1 285 1 is_stmt 1 view -0
 718              		.cfi_startproc
 719              		@ args = 0, pretend = 0, frame = 0
 720              		@ frame_needed = 0, uses_anonymous_args = 0
 285:Core/Src/hal_gpio.c ****   uint32_t exint_line;
ARM GAS  C:\Users\binhp\AppData\Local\Temp\ccyEiY1s.s 			page 23


 721              		.loc 1 285 1 is_stmt 0 view .LVU187
 722 0000 70B5     		push	{r4, r5, r6, lr}
 723              	.LCFI15:
 724              		.cfi_def_cfa_offset 16
 725              		.cfi_offset 4, -16
 726              		.cfi_offset 5, -12
 727              		.cfi_offset 6, -8
 728              		.cfi_offset 14, -4
 729 0002 0D46     		mov	r5, r1
 286:Core/Src/hal_gpio.c ****   int i;
 730              		.loc 1 286 3 is_stmt 1 view .LVU188
 287:Core/Src/hal_gpio.c ****   exint_line = __HAL_GPIO_EXTI_GET_IT(GPIO_PIN_All);
 731              		.loc 1 287 3 view .LVU189
 288:Core/Src/hal_gpio.c ****   for (i = start; i <= end; i++)
 732              		.loc 1 288 3 view .LVU190
 288:Core/Src/hal_gpio.c ****   for (i = start; i <= end; i++)
 733              		.loc 1 288 16 is_stmt 0 view .LVU191
 734 0004 094B     		ldr	r3, .L66
 735 0006 5E69     		ldr	r6, [r3, #20]
 288:Core/Src/hal_gpio.c ****   for (i = start; i <= end; i++)
 736              		.loc 1 288 14 view .LVU192
 737 0008 B6B2     		uxth	r6, r6
 738              	.LVL51:
 289:Core/Src/hal_gpio.c ****   {
 739              		.loc 1 289 3 is_stmt 1 view .LVU193
 289:Core/Src/hal_gpio.c ****   {
 740              		.loc 1 289 10 is_stmt 0 view .LVU194
 741 000a 0446     		mov	r4, r0
 742              	.LVL52:
 289:Core/Src/hal_gpio.c ****   {
 743              		.loc 1 289 3 view .LVU195
 744 000c 00E0     		b	.L61
 745              	.LVL53:
 746              	.L62:
 289:Core/Src/hal_gpio.c ****   {
 747              		.loc 1 289 30 is_stmt 1 discriminator 2 view .LVU196
 748 000e 0134     		adds	r4, r4, #1
 749              	.LVL54:
 750              	.L61:
 289:Core/Src/hal_gpio.c ****   {
 751              		.loc 1 289 21 discriminator 1 view .LVU197
 752 0010 AC42     		cmp	r4, r5
 753 0012 09D8     		bhi	.L65
 291:Core/Src/hal_gpio.c ****     {
 754              		.loc 1 291 5 view .LVU198
 291:Core/Src/hal_gpio.c ****     {
 755              		.loc 1 291 24 is_stmt 0 view .LVU199
 756 0014 0123     		movs	r3, #1
 757 0016 A340     		lsls	r3, r3, r4
 291:Core/Src/hal_gpio.c ****     {
 758              		.loc 1 291 7 view .LVU200
 759 0018 3342     		tst	r3, r6
 760 001a F8D0     		beq	.L62
 293:Core/Src/hal_gpio.c ****     }
 761              		.loc 1 293 7 is_stmt 1 view .LVU201
 762 001c 044B     		ldr	r3, .L66+4
 763 001e 33F81400 		ldrh	r0, [r3, r4, lsl #1]
ARM GAS  C:\Users\binhp\AppData\Local\Temp\ccyEiY1s.s 			page 24


 764 0022 FFF7FEFF 		bl	HAL_GPIO_EXTI_IRQHandler
 765              	.LVL55:
 766 0026 F2E7     		b	.L62
 767              	.L65:
 296:Core/Src/hal_gpio.c **** 
 768              		.loc 1 296 1 is_stmt 0 view .LVU202
 769 0028 70BD     		pop	{r4, r5, r6, pc}
 770              	.LVL56:
 771              	.L67:
 296:Core/Src/hal_gpio.c **** 
 772              		.loc 1 296 1 view .LVU203
 773 002a 00BF     		.align	2
 774              	.L66:
 775 002c 00040140 		.word	1073808384
 776 0030 00000000 		.word	port_hal_gpio_pin
 777              		.cfi_endproc
 778              	.LFE69:
 780              		.section	.text.HAL_GPIO_EXTI_Callback,"ax",%progbits
 781              		.align	1
 782              		.global	HAL_GPIO_EXTI_Callback
 783              		.syntax unified
 784              		.thumb
 785              		.thumb_func
 787              	HAL_GPIO_EXTI_Callback:
 788              	.LVL57:
 789              	.LFB70:
 305:Core/Src/hal_gpio.c ****   int i;
 790              		.loc 1 305 1 is_stmt 1 view -0
 791              		.cfi_startproc
 792              		@ args = 0, pretend = 0, frame = 0
 793              		@ frame_needed = 0, uses_anonymous_args = 0
 305:Core/Src/hal_gpio.c ****   int i;
 794              		.loc 1 305 1 is_stmt 0 view .LVU205
 795 0000 08B5     		push	{r3, lr}
 796              	.LCFI16:
 797              		.cfi_def_cfa_offset 8
 798              		.cfi_offset 3, -8
 799              		.cfi_offset 14, -4
 306:Core/Src/hal_gpio.c ****   for (i = 0; i < BOARD_MAX_SUPPORT_PIN_IN_PORT; i++)
 800              		.loc 1 306 3 is_stmt 1 view .LVU206
 307:Core/Src/hal_gpio.c ****   {
 801              		.loc 1 307 3 view .LVU207
 802              	.LVL58:
 307:Core/Src/hal_gpio.c ****   {
 803              		.loc 1 307 10 is_stmt 0 view .LVU208
 804 0002 0023     		movs	r3, #0
 805              	.LVL59:
 806              	.L69:
 307:Core/Src/hal_gpio.c ****   {
 807              		.loc 1 307 17 is_stmt 1 discriminator 1 view .LVU209
 808 0004 0F2B     		cmp	r3, #15
 809 0006 0BDC     		bgt	.L68
 309:Core/Src/hal_gpio.c ****     {
 810              		.loc 1 309 5 view .LVU210
 309:Core/Src/hal_gpio.c ****     {
 811              		.loc 1 309 26 is_stmt 0 view .LVU211
 812 0008 064A     		ldr	r2, .L75
ARM GAS  C:\Users\binhp\AppData\Local\Temp\ccyEiY1s.s 			page 25


 813 000a 32F81320 		ldrh	r2, [r2, r3, lsl #1]
 309:Core/Src/hal_gpio.c ****     {
 814              		.loc 1 309 8 view .LVU212
 815 000e 8242     		cmp	r2, r0
 816 0010 01D0     		beq	.L74
 307:Core/Src/hal_gpio.c ****   {
 817              		.loc 1 307 51 is_stmt 1 discriminator 2 view .LVU213
 818 0012 0133     		adds	r3, r3, #1
 819              	.LVL60:
 307:Core/Src/hal_gpio.c ****   {
 820              		.loc 1 307 51 is_stmt 0 discriminator 2 view .LVU214
 821 0014 F6E7     		b	.L69
 822              	.L74:
 311:Core/Src/hal_gpio.c ****         {
 823              		.loc 1 311 9 is_stmt 1 view .LVU215
 311:Core/Src/hal_gpio.c ****         {
 824              		.loc 1 311 25 is_stmt 0 view .LVU216
 825 0016 044A     		ldr	r2, .L75+4
 826 0018 52F82330 		ldr	r3, [r2, r3, lsl #2]
 827              	.LVL61:
 311:Core/Src/hal_gpio.c ****         {
 828              		.loc 1 311 12 view .LVU217
 829 001c 03B1     		cbz	r3, .L68
 313:Core/Src/hal_gpio.c ****         }
 830              		.loc 1 313 13 is_stmt 1 view .LVU218
 831 001e 9847     		blx	r3
 832              	.LVL62:
 833              	.L68:
 318:Core/Src/hal_gpio.c **** 
 834              		.loc 1 318 1 is_stmt 0 view .LVU219
 835 0020 08BD     		pop	{r3, pc}
 836              	.L76:
 837 0022 00BF     		.align	2
 838              	.L75:
 839 0024 00000000 		.word	port_hal_gpio_pin
 840 0028 00000000 		.word	interrupt_cb
 841              		.cfi_endproc
 842              	.LFE70:
 844              		.section	.text.hal_gpio_read,"ax",%progbits
 845              		.align	1
 846              		.global	hal_gpio_read
 847              		.syntax unified
 848              		.thumb
 849              		.thumb_func
 851              	hal_gpio_read:
 852              	.LFB71:
 327:Core/Src/hal_gpio.c ****     hal_gpio_val_e val;
 853              		.loc 1 327 1 is_stmt 1 view -0
 854              		.cfi_startproc
 855              		@ args = 0, pretend = 0, frame = 8
 856              		@ frame_needed = 0, uses_anonymous_args = 0
 857 0000 10B5     		push	{r4, lr}
 858              	.LCFI17:
 859              		.cfi_def_cfa_offset 8
 860              		.cfi_offset 4, -8
 861              		.cfi_offset 14, -4
 862 0002 82B0     		sub	sp, sp, #8
ARM GAS  C:\Users\binhp\AppData\Local\Temp\ccyEiY1s.s 			page 26


 863              	.LCFI18:
 864              		.cfi_def_cfa_offset 16
 865 0004 ADF80400 		strh	r0, [sp, #4]	@ movhi
 328:Core/Src/hal_gpio.c ****     GPIO_TypeDef *GPIOx = port_hal_gpio_get_port(pin);
 866              		.loc 1 328 5 view .LVU221
 329:Core/Src/hal_gpio.c ****     uint16_t GPIO_Pin =  port_hal_gpio_get_pin(pin);
 867              		.loc 1 329 5 view .LVU222
 329:Core/Src/hal_gpio.c ****     uint16_t GPIO_Pin =  port_hal_gpio_get_pin(pin);
 868              		.loc 1 329 27 is_stmt 0 view .LVU223
 869 0008 0198     		ldr	r0, [sp, #4]
 870 000a FFF7FEFF 		bl	port_hal_gpio_get_port
 871              	.LVL63:
 872 000e 0446     		mov	r4, r0
 873              	.LVL64:
 330:Core/Src/hal_gpio.c ****     val =  (hal_gpio_val_e) HAL_GPIO_ReadPin(GPIOx, GPIO_Pin);
 874              		.loc 1 330 5 is_stmt 1 view .LVU224
 330:Core/Src/hal_gpio.c ****     val =  (hal_gpio_val_e) HAL_GPIO_ReadPin(GPIOx, GPIO_Pin);
 875              		.loc 1 330 26 is_stmt 0 view .LVU225
 876 0010 0198     		ldr	r0, [sp, #4]
 877              	.LVL65:
 330:Core/Src/hal_gpio.c ****     val =  (hal_gpio_val_e) HAL_GPIO_ReadPin(GPIOx, GPIO_Pin);
 878              		.loc 1 330 26 view .LVU226
 879 0012 FFF7FEFF 		bl	port_hal_gpio_get_pin
 880              	.LVL66:
 881 0016 0146     		mov	r1, r0
 882              	.LVL67:
 331:Core/Src/hal_gpio.c ****     return val;
 883              		.loc 1 331 5 is_stmt 1 view .LVU227
 331:Core/Src/hal_gpio.c ****     return val;
 884              		.loc 1 331 29 is_stmt 0 view .LVU228
 885 0018 2046     		mov	r0, r4
 886 001a FFF7FEFF 		bl	HAL_GPIO_ReadPin
 887              	.LVL68:
 332:Core/Src/hal_gpio.c **** }
 888              		.loc 1 332 5 is_stmt 1 view .LVU229
 333:Core/Src/hal_gpio.c **** /**
 889              		.loc 1 333 1 is_stmt 0 view .LVU230
 890 001e 02B0     		add	sp, sp, #8
 891              	.LCFI19:
 892              		.cfi_def_cfa_offset 8
 893              		@ sp needed
 894 0020 10BD     		pop	{r4, pc}
 333:Core/Src/hal_gpio.c **** /**
 895              		.loc 1 333 1 view .LVU231
 896              		.cfi_endproc
 897              	.LFE71:
 899              		.section	.text.hal_gpio_write,"ax",%progbits
 900              		.align	1
 901              		.global	hal_gpio_write
 902              		.syntax unified
 903              		.thumb
 904              		.thumb_func
 906              	hal_gpio_write:
 907              	.LVL69:
 908              	.LFB72:
 342:Core/Src/hal_gpio.c ****     GPIO_TypeDef *GPIOx = port_hal_gpio_get_port(pin);
 909              		.loc 1 342 1 is_stmt 1 view -0
ARM GAS  C:\Users\binhp\AppData\Local\Temp\ccyEiY1s.s 			page 27


 910              		.cfi_startproc
 911              		@ args = 0, pretend = 0, frame = 8
 912              		@ frame_needed = 0, uses_anonymous_args = 0
 342:Core/Src/hal_gpio.c ****     GPIO_TypeDef *GPIOx = port_hal_gpio_get_port(pin);
 913              		.loc 1 342 1 is_stmt 0 view .LVU233
 914 0000 30B5     		push	{r4, r5, lr}
 915              	.LCFI20:
 916              		.cfi_def_cfa_offset 12
 917              		.cfi_offset 4, -12
 918              		.cfi_offset 5, -8
 919              		.cfi_offset 14, -4
 920 0002 83B0     		sub	sp, sp, #12
 921              	.LCFI21:
 922              		.cfi_def_cfa_offset 24
 923 0004 ADF80400 		strh	r0, [sp, #4]	@ movhi
 924 0008 0D46     		mov	r5, r1
 343:Core/Src/hal_gpio.c ****     uint16_t GPIO_Pin =  port_hal_gpio_get_pin(pin);
 925              		.loc 1 343 5 is_stmt 1 view .LVU234
 343:Core/Src/hal_gpio.c ****     uint16_t GPIO_Pin =  port_hal_gpio_get_pin(pin);
 926              		.loc 1 343 27 is_stmt 0 view .LVU235
 927 000a 0198     		ldr	r0, [sp, #4]
 928 000c FFF7FEFF 		bl	port_hal_gpio_get_port
 929              	.LVL70:
 343:Core/Src/hal_gpio.c ****     uint16_t GPIO_Pin =  port_hal_gpio_get_pin(pin);
 930              		.loc 1 343 27 view .LVU236
 931 0010 0446     		mov	r4, r0
 932              	.LVL71:
 344:Core/Src/hal_gpio.c ****     HAL_GPIO_WritePin(GPIOx, GPIO_Pin, val);
 933              		.loc 1 344 5 is_stmt 1 view .LVU237
 344:Core/Src/hal_gpio.c ****     HAL_GPIO_WritePin(GPIOx, GPIO_Pin, val);
 934              		.loc 1 344 26 is_stmt 0 view .LVU238
 935 0012 0198     		ldr	r0, [sp, #4]
 936              	.LVL72:
 344:Core/Src/hal_gpio.c ****     HAL_GPIO_WritePin(GPIOx, GPIO_Pin, val);
 937              		.loc 1 344 26 view .LVU239
 938 0014 FFF7FEFF 		bl	port_hal_gpio_get_pin
 939              	.LVL73:
 940 0018 0146     		mov	r1, r0
 941              	.LVL74:
 345:Core/Src/hal_gpio.c **** }
 942              		.loc 1 345 5 is_stmt 1 view .LVU240
 943 001a 2A46     		mov	r2, r5
 944 001c 2046     		mov	r0, r4
 945 001e FFF7FEFF 		bl	HAL_GPIO_WritePin
 946              	.LVL75:
 346:Core/Src/hal_gpio.c **** /* Private function ---------------------------------------------------------*/
 947              		.loc 1 346 1 is_stmt 0 view .LVU241
 948 0022 03B0     		add	sp, sp, #12
 949              	.LCFI22:
 950              		.cfi_def_cfa_offset 12
 951              		@ sp needed
 952 0024 30BD     		pop	{r4, r5, pc}
 346:Core/Src/hal_gpio.c **** /* Private function ---------------------------------------------------------*/
 953              		.loc 1 346 1 view .LVU242
 954              		.cfi_endproc
 955              	.LFE72:
 957              		.section	.bss.interrupt_cb,"aw",%nobits
ARM GAS  C:\Users\binhp\AppData\Local\Temp\ccyEiY1s.s 			page 28


 958              		.align	2
 961              	interrupt_cb:
 962 0000 00000000 		.space	64
 962      00000000 
 962      00000000 
 962      00000000 
 962      00000000 
 963              		.global	port_hal_gpio_pin
 964              		.section	.rodata.port_hal_gpio_pin,"a"
 965              		.align	2
 968              	port_hal_gpio_pin:
 969 0000 0100     		.short	1
 970 0002 0200     		.short	2
 971 0004 0400     		.short	4
 972 0006 0800     		.short	8
 973 0008 1000     		.short	16
 974 000a 2000     		.short	32
 975 000c 4000     		.short	64
 976 000e 8000     		.short	128
 977 0010 0001     		.short	256
 978 0012 0002     		.short	512
 979 0014 0004     		.short	1024
 980 0016 0008     		.short	2048
 981 0018 0010     		.short	4096
 982 001a 0020     		.short	8192
 983 001c 0040     		.short	16384
 984 001e 0080     		.short	-32768
 985              		.global	port_hal_gpio_port
 986              		.section	.data.port_hal_gpio_port,"aw"
 987              		.align	2
 990              	port_hal_gpio_port:
 991 0000 00080140 		.word	1073809408
 992 0004 000C0140 		.word	1073810432
 993 0008 00100140 		.word	1073811456
 994 000c 00140140 		.word	1073812480
 995 0010 00180140 		.word	1073813504
 996              		.text
 997              	.Letext0:
 998              		.file 2 "C:/msys64/mingw64/arm-none-eabi/include/machine/_default_types.h"
 999              		.file 3 "C:/msys64/mingw64/arm-none-eabi/include/sys/_stdint.h"
 1000              		.file 4 "Core/Inc/hal_gpio.h"
 1001              		.file 5 "Drivers/CMSIS/Device/ST/STM32F1xx/Include/stm32f103xb.h"
 1002              		.file 6 "Drivers/STM32F1xx_HAL_Driver/Inc/stm32f1xx_hal_gpio.h"
 1003              		.file 7 "Drivers/STM32F1xx_HAL_Driver/Inc/stm32f1xx_hal_cortex.h"
ARM GAS  C:\Users\binhp\AppData\Local\Temp\ccyEiY1s.s 			page 29


DEFINED SYMBOLS
                            *ABS*:00000000 hal_gpio.c
C:\Users\binhp\AppData\Local\Temp\ccyEiY1s.s:19     .text.port_hal_gpio_get_port:00000000 $t
C:\Users\binhp\AppData\Local\Temp\ccyEiY1s.s:24     .text.port_hal_gpio_get_port:00000000 port_hal_gpio_get_port
C:\Users\binhp\AppData\Local\Temp\ccyEiY1s.s:49     .text.port_hal_gpio_get_port:00000014 $d
C:\Users\binhp\AppData\Local\Temp\ccyEiY1s.s:990    .data.port_hal_gpio_port:00000000 port_hal_gpio_port
C:\Users\binhp\AppData\Local\Temp\ccyEiY1s.s:54     .text.port_hal_gpio_get_pin:00000000 $t
C:\Users\binhp\AppData\Local\Temp\ccyEiY1s.s:59     .text.port_hal_gpio_get_pin:00000000 port_hal_gpio_get_pin
C:\Users\binhp\AppData\Local\Temp\ccyEiY1s.s:84     .text.port_hal_gpio_get_pin:00000014 $d
C:\Users\binhp\AppData\Local\Temp\ccyEiY1s.s:968    .rodata.port_hal_gpio_pin:00000000 port_hal_gpio_pin
C:\Users\binhp\AppData\Local\Temp\ccyEiY1s.s:89     .text.hal_gpio_pin_valid:00000000 $t
C:\Users\binhp\AppData\Local\Temp\ccyEiY1s.s:95     .text.hal_gpio_pin_valid:00000000 hal_gpio_pin_valid
C:\Users\binhp\AppData\Local\Temp\ccyEiY1s.s:146    .text.hal_gpio_pin_config:00000000 $t
C:\Users\binhp\AppData\Local\Temp\ccyEiY1s.s:152    .text.hal_gpio_pin_config:00000000 hal_gpio_pin_config
C:\Users\binhp\AppData\Local\Temp\ccyEiY1s.s:190    .text.hal_gpio_pin_config:00000022 $d
C:\Users\binhp\AppData\Local\Temp\ccyEiY1s.s:226    .text.hal_gpio_pin_config:0000004a $d
C:\Users\binhp\AppData\Local\Temp\ccyEiY1s.s:235    .text.hal_gpio_pin_config:00000052 $t
C:\Users\binhp\AppData\Local\Temp\ccyEiY1s.s:439    .text.hal_gpio_pin_config:00000112 $d
C:\Users\binhp\AppData\Local\Temp\ccyEiY1s.s:456    .text.hal_gpio_pin_config:00000122 $t
C:\Users\binhp\AppData\Local\Temp\ccyEiY1s.s:567    .text.hal_gpio_pin_config:000001a8 $d
C:\Users\binhp\AppData\Local\Temp\ccyEiY1s.s:961    .bss.interrupt_cb:00000000 interrupt_cb
C:\Users\binhp\AppData\Local\Temp\ccyEiY1s.s:576    .text.hal_gpio_enable_int:00000000 $t
C:\Users\binhp\AppData\Local\Temp\ccyEiY1s.s:582    .text.hal_gpio_enable_int:00000000 hal_gpio_enable_int
C:\Users\binhp\AppData\Local\Temp\ccyEiY1s.s:637    .text.hal_gpio_enable_int:00000024 $d
C:\Users\binhp\AppData\Local\Temp\ccyEiY1s.s:642    .text.hal_gpio_disable_int:00000000 $t
C:\Users\binhp\AppData\Local\Temp\ccyEiY1s.s:648    .text.hal_gpio_disable_int:00000000 hal_gpio_disable_int
C:\Users\binhp\AppData\Local\Temp\ccyEiY1s.s:703    .text.hal_gpio_disable_int:00000024 $d
C:\Users\binhp\AppData\Local\Temp\ccyEiY1s.s:708    .text.hal_gpio_irq_handle:00000000 $t
C:\Users\binhp\AppData\Local\Temp\ccyEiY1s.s:714    .text.hal_gpio_irq_handle:00000000 hal_gpio_irq_handle
C:\Users\binhp\AppData\Local\Temp\ccyEiY1s.s:775    .text.hal_gpio_irq_handle:0000002c $d
C:\Users\binhp\AppData\Local\Temp\ccyEiY1s.s:781    .text.HAL_GPIO_EXTI_Callback:00000000 $t
C:\Users\binhp\AppData\Local\Temp\ccyEiY1s.s:787    .text.HAL_GPIO_EXTI_Callback:00000000 HAL_GPIO_EXTI_Callback
C:\Users\binhp\AppData\Local\Temp\ccyEiY1s.s:839    .text.HAL_GPIO_EXTI_Callback:00000024 $d
C:\Users\binhp\AppData\Local\Temp\ccyEiY1s.s:845    .text.hal_gpio_read:00000000 $t
C:\Users\binhp\AppData\Local\Temp\ccyEiY1s.s:851    .text.hal_gpio_read:00000000 hal_gpio_read
C:\Users\binhp\AppData\Local\Temp\ccyEiY1s.s:900    .text.hal_gpio_write:00000000 $t
C:\Users\binhp\AppData\Local\Temp\ccyEiY1s.s:906    .text.hal_gpio_write:00000000 hal_gpio_write
C:\Users\binhp\AppData\Local\Temp\ccyEiY1s.s:958    .bss.interrupt_cb:00000000 $d
C:\Users\binhp\AppData\Local\Temp\ccyEiY1s.s:965    .rodata.port_hal_gpio_pin:00000000 $d
C:\Users\binhp\AppData\Local\Temp\ccyEiY1s.s:987    .data.port_hal_gpio_port:00000000 $d
C:\Users\binhp\AppData\Local\Temp\ccyEiY1s.s:195    .text.hal_gpio_pin_config:00000027 $d
C:\Users\binhp\AppData\Local\Temp\ccyEiY1s.s:195    .text.hal_gpio_pin_config:00000028 $t
                           .group:00000000 wm4.0.82cd861fcffc377458525806b973ac66
                           .group:00000000 wm4._newlib_version.h.4.411db44ea2338a62eca2f0777f81481b
                           .group:00000000 wm4.features.h.33.2eefb68b261e70563a8ac654e712169f
                           .group:00000000 wm4._default_types.h.15.247e5cd201eca3442cbf5404108c4935
                           .group:00000000 wm4._intsup.h.10.48bafbb683905c4daa4565a85aeeb264
                           .group:00000000 wm4._stdint.h.10.c24fa3af3bc1706662bb5593a907e841
                           .group:00000000 wm4.stdint.h.23.d53047a68f4a85177f80b422d52785ed
                           .group:00000000 wm4.config.h.17.1c3429befc07a97c304c3d1362cb90bd
                           .group:00000000 wm4.board_config.h.17.76440630512c5a39a72ccf129420cb1e
                           .group:00000000 wm4.stdbool.h.29.c08aa3eec75cf5b9b5003883f43253f0
                           .group:00000000 wm4.stm32f1xx_hal_conf.h.22.cbdc1b1d5adafd94f8d8dcf6c1f3e8fc
                           .group:00000000 wm4.stm32f1xx.h.38.e862c4e1b39ca120fca296a79f75a275
                           .group:00000000 wm4.stm32f103xb.h.37.7c5fb130aa158ead5441dda9799c1941
                           .group:00000000 wm4.cmsis_version.h.32.4d5822004c01a829a975260e854b5f8e
                           .group:00000000 wm4.core_cm3.h.66.fc46cac19810db8f98d67da7ef88f42c
ARM GAS  C:\Users\binhp\AppData\Local\Temp\ccyEiY1s.s 			page 30


                           .group:00000000 wm4.cmsis_gcc.h.26.4f5798e999d5690b80e6ded3ecc94b37
                           .group:00000000 wm4.core_cm3.h.127.f4474120f1a7524deb56f9d74ff175da
                           .group:00000000 wm4.stm32f103xb.h.572.e8b8d889d857e2c56f82ca03c5328917
                           .group:00000000 wm4.stm32f1xx.h.161.0d1b9fd26c53008e1116394047fa1b84
                           .group:00000000 wm4.stm32_hal_legacy.h.22.d050171c85a9d8567d1f9a012537baa2
                           .group:00000000 wm4.stddef.h.39.0dc9006b34572d4d9cae4c8b422c4971
                           .group:00000000 wm4.stm32f1xx_hal_def.h.56.354d0a4bf0f6ef7af10e3429b7628481
                           .group:00000000 wm4.stm32f1xx_hal_rcc.h.93.3fadb58bdef0723b74d9eb798753b168
                           .group:00000000 wm4.stm32f1xx_hal_rcc_ex.h.20.5a464c1dc9022dc2a67fe45b2054f77c
                           .group:00000000 wm4.stm32f1xx_hal_rcc.h.1200.d6cbb5717f01cee373a6e1fba84d9163
                           .group:00000000 wm4.stm32f1xx_hal_gpio.h.21.0099da253a68660e916195d3e8928be3
                           .group:00000000 wm4.stm32f1xx_hal_gpio_ex.h.21.93f1f3ec7660fa76375def81b976f73c
                           .group:00000000 wm4.stm32f1xx_hal_gpio.h.262.7df79220ec7519ba80c1763e6b4854a6
                           .group:00000000 wm4.stm32f1xx_hal_exti.h.21.a7f1b393a0c9b2b56b72ccdbb8dee508
                           .group:00000000 wm4.stm32f1xx_hal_dma.h.21.11e5a204ed6aa790b1cdae2e4192bc9d
                           .group:00000000 wm4.stm32f1xx_hal_dma_ex.h.21.d438f745b4c04dc23f9f569190526864
                           .group:00000000 wm4.stm32f1xx_hal_dma.h.408.14794a3f8621230c9ac7fca0cacf3e57
                           .group:00000000 wm4.stm32f1xx_hal_cortex.h.21.6ab92041a8778f53d2d2d96b3825535a
                           .group:00000000 wm4.stm32f1xx_hal_flash.h.20.2db7f614c43999568df8c1bd8d5f2459
                           .group:00000000 wm4.stm32f1xx_hal_flash_ex.h.20.c1d01fb364bcc8befd238a2d45469cc1
                           .group:00000000 wm4.stm32f1xx_hal_i2c.h.21.6a947c870feb456d84d10dd871ee01bd
                           .group:00000000 wm4.stm32f1xx_hal_pwr.h.21.ec3e2cfd4c26fffa32fc4ff0a8ac7390
                           .group:00000000 wm4.stm32f1xx_hal_uart.h.21.96146ab5759dfe03d0cc100d79254944
                           .group:00000000 wm4.stm32f1xx_hal.h.87.60093b86a987865736d7cddecce3c235

UNDEFINED SYMBOLS
HAL_GPIO_Init
HAL_NVIC_SetPriority
HAL_NVIC_EnableIRQ
HAL_GPIO_EXTI_IRQHandler
HAL_GPIO_ReadPin
HAL_GPIO_WritePin
