ARM GAS  C:\Users\binhp\AppData\Local\Temp\cciqzqIw.s 			page 1


   1              		.cpu cortex-m3
   2              		.arch armv7-m
   3              		.fpu softvfp
   4              		.eabi_attribute 20, 1
   5              		.eabi_attribute 21, 1
   6              		.eabi_attribute 23, 3
   7              		.eabi_attribute 24, 1
   8              		.eabi_attribute 25, 1
   9              		.eabi_attribute 26, 1
  10              		.eabi_attribute 30, 1
  11              		.eabi_attribute 34, 1
  12              		.eabi_attribute 18, 4
  13              		.file	"stm32f1xx_hal_msp.c"
  14              		.text
  15              	.Ltext0:
  16              		.cfi_sections	.debug_frame
  17              		.file 1 "Core/Src/stm32f1xx_hal_msp.c"
  18              		.section	.text.HAL_MspInit,"ax",%progbits
  19              		.align	1
  20              		.global	HAL_MspInit
  21              		.syntax unified
  22              		.thumb
  23              		.thumb_func
  25              	HAL_MspInit:
  26              	.LFB65:
   1:Core/Src/stm32f1xx_hal_msp.c **** /* USER CODE BEGIN Header */
   2:Core/Src/stm32f1xx_hal_msp.c **** /**
   3:Core/Src/stm32f1xx_hal_msp.c ****   ******************************************************************************
   4:Core/Src/stm32f1xx_hal_msp.c ****   * @file         stm32f1xx_hal_msp.c
   5:Core/Src/stm32f1xx_hal_msp.c ****   * @brief        This file provides code for the MSP Initialization
   6:Core/Src/stm32f1xx_hal_msp.c ****   *               and de-Initialization codes.
   7:Core/Src/stm32f1xx_hal_msp.c ****   ******************************************************************************
   8:Core/Src/stm32f1xx_hal_msp.c ****   * @attention
   9:Core/Src/stm32f1xx_hal_msp.c ****   *
  10:Core/Src/stm32f1xx_hal_msp.c ****   * Copyright (c) 2024 STMicroelectronics.
  11:Core/Src/stm32f1xx_hal_msp.c ****   * All rights reserved.
  12:Core/Src/stm32f1xx_hal_msp.c ****   *
  13:Core/Src/stm32f1xx_hal_msp.c ****   * This software is licensed under terms that can be found in the LICENSE file
  14:Core/Src/stm32f1xx_hal_msp.c ****   * in the root directory of this software component.
  15:Core/Src/stm32f1xx_hal_msp.c ****   * If no LICENSE file comes with this software, it is provided AS-IS.
  16:Core/Src/stm32f1xx_hal_msp.c ****   *
  17:Core/Src/stm32f1xx_hal_msp.c ****   ******************************************************************************
  18:Core/Src/stm32f1xx_hal_msp.c ****   */
  19:Core/Src/stm32f1xx_hal_msp.c **** /* USER CODE END Header */
  20:Core/Src/stm32f1xx_hal_msp.c **** 
  21:Core/Src/stm32f1xx_hal_msp.c **** /* Includes ------------------------------------------------------------------*/
  22:Core/Src/stm32f1xx_hal_msp.c **** #include "main.h"
  23:Core/Src/stm32f1xx_hal_msp.c **** 
  24:Core/Src/stm32f1xx_hal_msp.c **** /* USER CODE BEGIN Includes */
  25:Core/Src/stm32f1xx_hal_msp.c **** 
  26:Core/Src/stm32f1xx_hal_msp.c **** /* USER CODE END Includes */
  27:Core/Src/stm32f1xx_hal_msp.c **** 
  28:Core/Src/stm32f1xx_hal_msp.c **** /* Private typedef -----------------------------------------------------------*/
  29:Core/Src/stm32f1xx_hal_msp.c **** /* USER CODE BEGIN TD */
  30:Core/Src/stm32f1xx_hal_msp.c **** 
  31:Core/Src/stm32f1xx_hal_msp.c **** /* USER CODE END TD */
  32:Core/Src/stm32f1xx_hal_msp.c **** 
ARM GAS  C:\Users\binhp\AppData\Local\Temp\cciqzqIw.s 			page 2


  33:Core/Src/stm32f1xx_hal_msp.c **** /* Private define ------------------------------------------------------------*/
  34:Core/Src/stm32f1xx_hal_msp.c **** /* USER CODE BEGIN Define */
  35:Core/Src/stm32f1xx_hal_msp.c **** 
  36:Core/Src/stm32f1xx_hal_msp.c **** /* USER CODE END Define */
  37:Core/Src/stm32f1xx_hal_msp.c **** 
  38:Core/Src/stm32f1xx_hal_msp.c **** /* Private macro -------------------------------------------------------------*/
  39:Core/Src/stm32f1xx_hal_msp.c **** /* USER CODE BEGIN Macro */
  40:Core/Src/stm32f1xx_hal_msp.c **** 
  41:Core/Src/stm32f1xx_hal_msp.c **** /* USER CODE END Macro */
  42:Core/Src/stm32f1xx_hal_msp.c **** 
  43:Core/Src/stm32f1xx_hal_msp.c **** /* Private variables ---------------------------------------------------------*/
  44:Core/Src/stm32f1xx_hal_msp.c **** /* USER CODE BEGIN PV */
  45:Core/Src/stm32f1xx_hal_msp.c **** 
  46:Core/Src/stm32f1xx_hal_msp.c **** /* USER CODE END PV */
  47:Core/Src/stm32f1xx_hal_msp.c **** 
  48:Core/Src/stm32f1xx_hal_msp.c **** /* Private function prototypes -----------------------------------------------*/
  49:Core/Src/stm32f1xx_hal_msp.c **** /* USER CODE BEGIN PFP */
  50:Core/Src/stm32f1xx_hal_msp.c **** 
  51:Core/Src/stm32f1xx_hal_msp.c **** /* USER CODE END PFP */
  52:Core/Src/stm32f1xx_hal_msp.c **** 
  53:Core/Src/stm32f1xx_hal_msp.c **** /* External functions --------------------------------------------------------*/
  54:Core/Src/stm32f1xx_hal_msp.c **** /* USER CODE BEGIN ExternalFunctions */
  55:Core/Src/stm32f1xx_hal_msp.c **** 
  56:Core/Src/stm32f1xx_hal_msp.c **** /* USER CODE END ExternalFunctions */
  57:Core/Src/stm32f1xx_hal_msp.c **** 
  58:Core/Src/stm32f1xx_hal_msp.c **** /* USER CODE BEGIN 0 */
  59:Core/Src/stm32f1xx_hal_msp.c **** 
  60:Core/Src/stm32f1xx_hal_msp.c **** /* USER CODE END 0 */
  61:Core/Src/stm32f1xx_hal_msp.c **** /**
  62:Core/Src/stm32f1xx_hal_msp.c ****   * Initializes the Global MSP.
  63:Core/Src/stm32f1xx_hal_msp.c ****   */
  64:Core/Src/stm32f1xx_hal_msp.c **** void HAL_MspInit(void)
  65:Core/Src/stm32f1xx_hal_msp.c **** {
  27              		.loc 1 65 1 view -0
  28              		.cfi_startproc
  29              		@ args = 0, pretend = 0, frame = 8
  30              		@ frame_needed = 0, uses_anonymous_args = 0
  31              		@ link register save eliminated.
  32 0000 82B0     		sub	sp, sp, #8
  33              	.LCFI0:
  34              		.cfi_def_cfa_offset 8
  66:Core/Src/stm32f1xx_hal_msp.c ****   /* USER CODE BEGIN MspInit 0 */
  67:Core/Src/stm32f1xx_hal_msp.c **** 
  68:Core/Src/stm32f1xx_hal_msp.c ****   /* USER CODE END MspInit 0 */
  69:Core/Src/stm32f1xx_hal_msp.c **** 
  70:Core/Src/stm32f1xx_hal_msp.c ****   __HAL_RCC_AFIO_CLK_ENABLE();
  35              		.loc 1 70 3 view .LVU1
  36              	.LBB2:
  37              		.loc 1 70 3 view .LVU2
  38              		.loc 1 70 3 view .LVU3
  39 0002 0E4B     		ldr	r3, .L3
  40 0004 9A69     		ldr	r2, [r3, #24]
  41 0006 42F00102 		orr	r2, r2, #1
  42 000a 9A61     		str	r2, [r3, #24]
  43              		.loc 1 70 3 view .LVU4
  44 000c 9A69     		ldr	r2, [r3, #24]
  45 000e 02F00102 		and	r2, r2, #1
ARM GAS  C:\Users\binhp\AppData\Local\Temp\cciqzqIw.s 			page 3


  46 0012 0092     		str	r2, [sp]
  47              		.loc 1 70 3 view .LVU5
  48 0014 009A     		ldr	r2, [sp]
  49              	.LBE2:
  50              		.loc 1 70 3 view .LVU6
  71:Core/Src/stm32f1xx_hal_msp.c ****   __HAL_RCC_PWR_CLK_ENABLE();
  51              		.loc 1 71 3 view .LVU7
  52              	.LBB3:
  53              		.loc 1 71 3 view .LVU8
  54              		.loc 1 71 3 view .LVU9
  55 0016 DA69     		ldr	r2, [r3, #28]
  56 0018 42F08052 		orr	r2, r2, #268435456
  57 001c DA61     		str	r2, [r3, #28]
  58              		.loc 1 71 3 view .LVU10
  59 001e DB69     		ldr	r3, [r3, #28]
  60 0020 03F08053 		and	r3, r3, #268435456
  61 0024 0193     		str	r3, [sp, #4]
  62              		.loc 1 71 3 view .LVU11
  63 0026 019B     		ldr	r3, [sp, #4]
  64              	.LBE3:
  65              		.loc 1 71 3 view .LVU12
  72:Core/Src/stm32f1xx_hal_msp.c **** 
  73:Core/Src/stm32f1xx_hal_msp.c ****   /* System interrupt init*/
  74:Core/Src/stm32f1xx_hal_msp.c **** 
  75:Core/Src/stm32f1xx_hal_msp.c ****   /** NOJTAG: JTAG-DP Disabled and SW-DP Enabled
  76:Core/Src/stm32f1xx_hal_msp.c ****   */
  77:Core/Src/stm32f1xx_hal_msp.c ****   __HAL_AFIO_REMAP_SWJ_NOJTAG();
  66              		.loc 1 77 3 view .LVU13
  67              	.LBB4:
  68              		.loc 1 77 3 view .LVU14
  69 0028 054A     		ldr	r2, .L3+4
  70 002a 5368     		ldr	r3, [r2, #4]
  71              	.LVL0:
  72              		.loc 1 77 3 view .LVU15
  73 002c 23F0E063 		bic	r3, r3, #117440512
  74              	.LVL1:
  75              		.loc 1 77 3 view .LVU16
  76 0030 43F00073 		orr	r3, r3, #33554432
  77              	.LVL2:
  78              		.loc 1 77 3 view .LVU17
  79 0034 5360     		str	r3, [r2, #4]
  80              	.LBE4:
  81              		.loc 1 77 3 view .LVU18
  78:Core/Src/stm32f1xx_hal_msp.c **** 
  79:Core/Src/stm32f1xx_hal_msp.c ****   /* USER CODE BEGIN MspInit 1 */
  80:Core/Src/stm32f1xx_hal_msp.c **** 
  81:Core/Src/stm32f1xx_hal_msp.c ****   /* USER CODE END MspInit 1 */
  82:Core/Src/stm32f1xx_hal_msp.c **** }
  82              		.loc 1 82 1 is_stmt 0 view .LVU19
  83 0036 02B0     		add	sp, sp, #8
  84              	.LCFI1:
  85              		.cfi_def_cfa_offset 0
  86              		@ sp needed
  87 0038 7047     		bx	lr
  88              	.L4:
  89 003a 00BF     		.align	2
  90              	.L3:
ARM GAS  C:\Users\binhp\AppData\Local\Temp\cciqzqIw.s 			page 4


  91 003c 00100240 		.word	1073876992
  92 0040 00000140 		.word	1073807360
  93              		.cfi_endproc
  94              	.LFE65:
  96              		.section	.text.HAL_I2C_MspInit,"ax",%progbits
  97              		.align	1
  98              		.global	HAL_I2C_MspInit
  99              		.syntax unified
 100              		.thumb
 101              		.thumb_func
 103              	HAL_I2C_MspInit:
 104              	.LVL3:
 105              	.LFB66:
  83:Core/Src/stm32f1xx_hal_msp.c **** 
  84:Core/Src/stm32f1xx_hal_msp.c **** /**
  85:Core/Src/stm32f1xx_hal_msp.c **** * @brief I2C MSP Initialization
  86:Core/Src/stm32f1xx_hal_msp.c **** * This function configures the hardware resources used in this example
  87:Core/Src/stm32f1xx_hal_msp.c **** * @param hi2c: I2C handle pointer
  88:Core/Src/stm32f1xx_hal_msp.c **** * @retval None
  89:Core/Src/stm32f1xx_hal_msp.c **** */
  90:Core/Src/stm32f1xx_hal_msp.c **** void HAL_I2C_MspInit(I2C_HandleTypeDef* hi2c)
  91:Core/Src/stm32f1xx_hal_msp.c **** {
 106              		.loc 1 91 1 is_stmt 1 view -0
 107              		.cfi_startproc
 108              		@ args = 0, pretend = 0, frame = 24
 109              		@ frame_needed = 0, uses_anonymous_args = 0
 110              		.loc 1 91 1 is_stmt 0 view .LVU21
 111 0000 10B5     		push	{r4, lr}
 112              	.LCFI2:
 113              		.cfi_def_cfa_offset 8
 114              		.cfi_offset 4, -8
 115              		.cfi_offset 14, -4
 116 0002 86B0     		sub	sp, sp, #24
 117              	.LCFI3:
 118              		.cfi_def_cfa_offset 32
  92:Core/Src/stm32f1xx_hal_msp.c ****   GPIO_InitTypeDef GPIO_InitStruct = {0};
 119              		.loc 1 92 3 is_stmt 1 view .LVU22
 120              		.loc 1 92 20 is_stmt 0 view .LVU23
 121 0004 0023     		movs	r3, #0
 122 0006 0293     		str	r3, [sp, #8]
 123 0008 0393     		str	r3, [sp, #12]
 124 000a 0493     		str	r3, [sp, #16]
 125 000c 0593     		str	r3, [sp, #20]
  93:Core/Src/stm32f1xx_hal_msp.c ****   if(hi2c->Instance==I2C1)
 126              		.loc 1 93 3 is_stmt 1 view .LVU24
 127              		.loc 1 93 10 is_stmt 0 view .LVU25
 128 000e 0268     		ldr	r2, [r0]
 129              		.loc 1 93 5 view .LVU26
 130 0010 194B     		ldr	r3, .L9
 131 0012 9A42     		cmp	r2, r3
 132 0014 01D0     		beq	.L8
 133              	.LVL4:
 134              	.L5:
  94:Core/Src/stm32f1xx_hal_msp.c ****   {
  95:Core/Src/stm32f1xx_hal_msp.c ****   /* USER CODE BEGIN I2C1_MspInit 0 */
  96:Core/Src/stm32f1xx_hal_msp.c **** 
  97:Core/Src/stm32f1xx_hal_msp.c ****   /* USER CODE END I2C1_MspInit 0 */
ARM GAS  C:\Users\binhp\AppData\Local\Temp\cciqzqIw.s 			page 5


  98:Core/Src/stm32f1xx_hal_msp.c **** 
  99:Core/Src/stm32f1xx_hal_msp.c ****     __HAL_RCC_GPIOB_CLK_ENABLE();
 100:Core/Src/stm32f1xx_hal_msp.c ****     /**I2C1 GPIO Configuration
 101:Core/Src/stm32f1xx_hal_msp.c ****     PB6     ------> I2C1_SCL
 102:Core/Src/stm32f1xx_hal_msp.c ****     PB7     ------> I2C1_SDA
 103:Core/Src/stm32f1xx_hal_msp.c ****     */
 104:Core/Src/stm32f1xx_hal_msp.c ****     GPIO_InitStruct.Pin = GPIO_PIN_6|GPIO_PIN_7;
 105:Core/Src/stm32f1xx_hal_msp.c ****     GPIO_InitStruct.Mode = GPIO_MODE_AF_OD;
 106:Core/Src/stm32f1xx_hal_msp.c ****     GPIO_InitStruct.Speed = GPIO_SPEED_FREQ_HIGH;
 107:Core/Src/stm32f1xx_hal_msp.c ****     HAL_GPIO_Init(GPIOB, &GPIO_InitStruct);
 108:Core/Src/stm32f1xx_hal_msp.c **** 
 109:Core/Src/stm32f1xx_hal_msp.c ****     /* Peripheral clock enable */
 110:Core/Src/stm32f1xx_hal_msp.c ****     __HAL_RCC_I2C1_CLK_ENABLE();
 111:Core/Src/stm32f1xx_hal_msp.c ****     /* I2C1 interrupt Init */
 112:Core/Src/stm32f1xx_hal_msp.c ****     HAL_NVIC_SetPriority(I2C1_EV_IRQn, 0, 0);
 113:Core/Src/stm32f1xx_hal_msp.c ****     HAL_NVIC_EnableIRQ(I2C1_EV_IRQn);
 114:Core/Src/stm32f1xx_hal_msp.c ****     HAL_NVIC_SetPriority(I2C1_ER_IRQn, 0, 0);
 115:Core/Src/stm32f1xx_hal_msp.c ****     HAL_NVIC_EnableIRQ(I2C1_ER_IRQn);
 116:Core/Src/stm32f1xx_hal_msp.c ****   /* USER CODE BEGIN I2C1_MspInit 1 */
 117:Core/Src/stm32f1xx_hal_msp.c **** 
 118:Core/Src/stm32f1xx_hal_msp.c ****   /* USER CODE END I2C1_MspInit 1 */
 119:Core/Src/stm32f1xx_hal_msp.c ****   }
 120:Core/Src/stm32f1xx_hal_msp.c **** 
 121:Core/Src/stm32f1xx_hal_msp.c **** }
 135              		.loc 1 121 1 view .LVU27
 136 0016 06B0     		add	sp, sp, #24
 137              	.LCFI4:
 138              		.cfi_remember_state
 139              		.cfi_def_cfa_offset 8
 140              		@ sp needed
 141 0018 10BD     		pop	{r4, pc}
 142              	.LVL5:
 143              	.L8:
 144              	.LCFI5:
 145              		.cfi_restore_state
  99:Core/Src/stm32f1xx_hal_msp.c ****     /**I2C1 GPIO Configuration
 146              		.loc 1 99 5 is_stmt 1 view .LVU28
 147              	.LBB5:
  99:Core/Src/stm32f1xx_hal_msp.c ****     /**I2C1 GPIO Configuration
 148              		.loc 1 99 5 view .LVU29
  99:Core/Src/stm32f1xx_hal_msp.c ****     /**I2C1 GPIO Configuration
 149              		.loc 1 99 5 view .LVU30
 150 001a 184C     		ldr	r4, .L9+4
 151 001c A369     		ldr	r3, [r4, #24]
 152 001e 43F00803 		orr	r3, r3, #8
 153 0022 A361     		str	r3, [r4, #24]
  99:Core/Src/stm32f1xx_hal_msp.c ****     /**I2C1 GPIO Configuration
 154              		.loc 1 99 5 view .LVU31
 155 0024 A369     		ldr	r3, [r4, #24]
 156 0026 03F00803 		and	r3, r3, #8
 157 002a 0093     		str	r3, [sp]
  99:Core/Src/stm32f1xx_hal_msp.c ****     /**I2C1 GPIO Configuration
 158              		.loc 1 99 5 view .LVU32
 159 002c 009B     		ldr	r3, [sp]
 160              	.LBE5:
  99:Core/Src/stm32f1xx_hal_msp.c ****     /**I2C1 GPIO Configuration
 161              		.loc 1 99 5 view .LVU33
ARM GAS  C:\Users\binhp\AppData\Local\Temp\cciqzqIw.s 			page 6


 104:Core/Src/stm32f1xx_hal_msp.c ****     GPIO_InitStruct.Mode = GPIO_MODE_AF_OD;
 162              		.loc 1 104 5 view .LVU34
 104:Core/Src/stm32f1xx_hal_msp.c ****     GPIO_InitStruct.Mode = GPIO_MODE_AF_OD;
 163              		.loc 1 104 25 is_stmt 0 view .LVU35
 164 002e C023     		movs	r3, #192
 165 0030 0293     		str	r3, [sp, #8]
 105:Core/Src/stm32f1xx_hal_msp.c ****     GPIO_InitStruct.Speed = GPIO_SPEED_FREQ_HIGH;
 166              		.loc 1 105 5 is_stmt 1 view .LVU36
 105:Core/Src/stm32f1xx_hal_msp.c ****     GPIO_InitStruct.Speed = GPIO_SPEED_FREQ_HIGH;
 167              		.loc 1 105 26 is_stmt 0 view .LVU37
 168 0032 1223     		movs	r3, #18
 169 0034 0393     		str	r3, [sp, #12]
 106:Core/Src/stm32f1xx_hal_msp.c ****     HAL_GPIO_Init(GPIOB, &GPIO_InitStruct);
 170              		.loc 1 106 5 is_stmt 1 view .LVU38
 106:Core/Src/stm32f1xx_hal_msp.c ****     HAL_GPIO_Init(GPIOB, &GPIO_InitStruct);
 171              		.loc 1 106 27 is_stmt 0 view .LVU39
 172 0036 0323     		movs	r3, #3
 173 0038 0593     		str	r3, [sp, #20]
 107:Core/Src/stm32f1xx_hal_msp.c **** 
 174              		.loc 1 107 5 is_stmt 1 view .LVU40
 175 003a 02A9     		add	r1, sp, #8
 176 003c 1048     		ldr	r0, .L9+8
 177              	.LVL6:
 107:Core/Src/stm32f1xx_hal_msp.c **** 
 178              		.loc 1 107 5 is_stmt 0 view .LVU41
 179 003e FFF7FEFF 		bl	HAL_GPIO_Init
 180              	.LVL7:
 110:Core/Src/stm32f1xx_hal_msp.c ****     /* I2C1 interrupt Init */
 181              		.loc 1 110 5 is_stmt 1 view .LVU42
 182              	.LBB6:
 110:Core/Src/stm32f1xx_hal_msp.c ****     /* I2C1 interrupt Init */
 183              		.loc 1 110 5 view .LVU43
 110:Core/Src/stm32f1xx_hal_msp.c ****     /* I2C1 interrupt Init */
 184              		.loc 1 110 5 view .LVU44
 185 0042 E369     		ldr	r3, [r4, #28]
 186 0044 43F40013 		orr	r3, r3, #2097152
 187 0048 E361     		str	r3, [r4, #28]
 110:Core/Src/stm32f1xx_hal_msp.c ****     /* I2C1 interrupt Init */
 188              		.loc 1 110 5 view .LVU45
 189 004a E369     		ldr	r3, [r4, #28]
 190 004c 03F40013 		and	r3, r3, #2097152
 191 0050 0193     		str	r3, [sp, #4]
 110:Core/Src/stm32f1xx_hal_msp.c ****     /* I2C1 interrupt Init */
 192              		.loc 1 110 5 view .LVU46
 193 0052 019B     		ldr	r3, [sp, #4]
 194              	.LBE6:
 110:Core/Src/stm32f1xx_hal_msp.c ****     /* I2C1 interrupt Init */
 195              		.loc 1 110 5 view .LVU47
 112:Core/Src/stm32f1xx_hal_msp.c ****     HAL_NVIC_EnableIRQ(I2C1_EV_IRQn);
 196              		.loc 1 112 5 view .LVU48
 197 0054 0022     		movs	r2, #0
 198 0056 1146     		mov	r1, r2
 199 0058 1F20     		movs	r0, #31
 200 005a FFF7FEFF 		bl	HAL_NVIC_SetPriority
 201              	.LVL8:
 113:Core/Src/stm32f1xx_hal_msp.c ****     HAL_NVIC_SetPriority(I2C1_ER_IRQn, 0, 0);
 202              		.loc 1 113 5 view .LVU49
ARM GAS  C:\Users\binhp\AppData\Local\Temp\cciqzqIw.s 			page 7


 203 005e 1F20     		movs	r0, #31
 204 0060 FFF7FEFF 		bl	HAL_NVIC_EnableIRQ
 205              	.LVL9:
 114:Core/Src/stm32f1xx_hal_msp.c ****     HAL_NVIC_EnableIRQ(I2C1_ER_IRQn);
 206              		.loc 1 114 5 view .LVU50
 207 0064 0022     		movs	r2, #0
 208 0066 1146     		mov	r1, r2
 209 0068 2020     		movs	r0, #32
 210 006a FFF7FEFF 		bl	HAL_NVIC_SetPriority
 211              	.LVL10:
 115:Core/Src/stm32f1xx_hal_msp.c ****   /* USER CODE BEGIN I2C1_MspInit 1 */
 212              		.loc 1 115 5 view .LVU51
 213 006e 2020     		movs	r0, #32
 214 0070 FFF7FEFF 		bl	HAL_NVIC_EnableIRQ
 215              	.LVL11:
 216              		.loc 1 121 1 is_stmt 0 view .LVU52
 217 0074 CFE7     		b	.L5
 218              	.L10:
 219 0076 00BF     		.align	2
 220              	.L9:
 221 0078 00540040 		.word	1073763328
 222 007c 00100240 		.word	1073876992
 223 0080 000C0140 		.word	1073810432
 224              		.cfi_endproc
 225              	.LFE66:
 227              		.section	.text.HAL_I2C_MspDeInit,"ax",%progbits
 228              		.align	1
 229              		.global	HAL_I2C_MspDeInit
 230              		.syntax unified
 231              		.thumb
 232              		.thumb_func
 234              	HAL_I2C_MspDeInit:
 235              	.LVL12:
 236              	.LFB67:
 122:Core/Src/stm32f1xx_hal_msp.c **** 
 123:Core/Src/stm32f1xx_hal_msp.c **** /**
 124:Core/Src/stm32f1xx_hal_msp.c **** * @brief I2C MSP De-Initialization
 125:Core/Src/stm32f1xx_hal_msp.c **** * This function freeze the hardware resources used in this example
 126:Core/Src/stm32f1xx_hal_msp.c **** * @param hi2c: I2C handle pointer
 127:Core/Src/stm32f1xx_hal_msp.c **** * @retval None
 128:Core/Src/stm32f1xx_hal_msp.c **** */
 129:Core/Src/stm32f1xx_hal_msp.c **** void HAL_I2C_MspDeInit(I2C_HandleTypeDef* hi2c)
 130:Core/Src/stm32f1xx_hal_msp.c **** {
 237              		.loc 1 130 1 is_stmt 1 view -0
 238              		.cfi_startproc
 239              		@ args = 0, pretend = 0, frame = 0
 240              		@ frame_needed = 0, uses_anonymous_args = 0
 131:Core/Src/stm32f1xx_hal_msp.c ****   if(hi2c->Instance==I2C1)
 241              		.loc 1 131 3 view .LVU54
 242              		.loc 1 131 10 is_stmt 0 view .LVU55
 243 0000 0268     		ldr	r2, [r0]
 244              		.loc 1 131 5 view .LVU56
 245 0002 0D4B     		ldr	r3, .L18
 246 0004 9A42     		cmp	r2, r3
 247 0006 00D0     		beq	.L17
 248 0008 7047     		bx	lr
 249              	.L17:
ARM GAS  C:\Users\binhp\AppData\Local\Temp\cciqzqIw.s 			page 8


 130:Core/Src/stm32f1xx_hal_msp.c ****   if(hi2c->Instance==I2C1)
 250              		.loc 1 130 1 view .LVU57
 251 000a 10B5     		push	{r4, lr}
 252              	.LCFI6:
 253              		.cfi_def_cfa_offset 8
 254              		.cfi_offset 4, -8
 255              		.cfi_offset 14, -4
 132:Core/Src/stm32f1xx_hal_msp.c ****   {
 133:Core/Src/stm32f1xx_hal_msp.c ****   /* USER CODE BEGIN I2C1_MspDeInit 0 */
 134:Core/Src/stm32f1xx_hal_msp.c **** 
 135:Core/Src/stm32f1xx_hal_msp.c ****   /* USER CODE END I2C1_MspDeInit 0 */
 136:Core/Src/stm32f1xx_hal_msp.c ****     /* Peripheral clock disable */
 137:Core/Src/stm32f1xx_hal_msp.c ****     __HAL_RCC_I2C1_CLK_DISABLE();
 256              		.loc 1 137 5 is_stmt 1 view .LVU58
 257 000c 0B4A     		ldr	r2, .L18+4
 258 000e D369     		ldr	r3, [r2, #28]
 259 0010 23F40013 		bic	r3, r3, #2097152
 260 0014 D361     		str	r3, [r2, #28]
 138:Core/Src/stm32f1xx_hal_msp.c **** 
 139:Core/Src/stm32f1xx_hal_msp.c ****     /**I2C1 GPIO Configuration
 140:Core/Src/stm32f1xx_hal_msp.c ****     PB6     ------> I2C1_SCL
 141:Core/Src/stm32f1xx_hal_msp.c ****     PB7     ------> I2C1_SDA
 142:Core/Src/stm32f1xx_hal_msp.c ****     */
 143:Core/Src/stm32f1xx_hal_msp.c ****     HAL_GPIO_DeInit(GPIOB, GPIO_PIN_6);
 261              		.loc 1 143 5 view .LVU59
 262 0016 0A4C     		ldr	r4, .L18+8
 263 0018 4021     		movs	r1, #64
 264 001a 2046     		mov	r0, r4
 265              	.LVL13:
 266              		.loc 1 143 5 is_stmt 0 view .LVU60
 267 001c FFF7FEFF 		bl	HAL_GPIO_DeInit
 268              	.LVL14:
 144:Core/Src/stm32f1xx_hal_msp.c **** 
 145:Core/Src/stm32f1xx_hal_msp.c ****     HAL_GPIO_DeInit(GPIOB, GPIO_PIN_7);
 269              		.loc 1 145 5 is_stmt 1 view .LVU61
 270 0020 8021     		movs	r1, #128
 271 0022 2046     		mov	r0, r4
 272 0024 FFF7FEFF 		bl	HAL_GPIO_DeInit
 273              	.LVL15:
 146:Core/Src/stm32f1xx_hal_msp.c **** 
 147:Core/Src/stm32f1xx_hal_msp.c ****     /* I2C1 interrupt DeInit */
 148:Core/Src/stm32f1xx_hal_msp.c ****     HAL_NVIC_DisableIRQ(I2C1_EV_IRQn);
 274              		.loc 1 148 5 view .LVU62
 275 0028 1F20     		movs	r0, #31
 276 002a FFF7FEFF 		bl	HAL_NVIC_DisableIRQ
 277              	.LVL16:
 149:Core/Src/stm32f1xx_hal_msp.c ****     HAL_NVIC_DisableIRQ(I2C1_ER_IRQn);
 278              		.loc 1 149 5 view .LVU63
 279 002e 2020     		movs	r0, #32
 280 0030 FFF7FEFF 		bl	HAL_NVIC_DisableIRQ
 281              	.LVL17:
 150:Core/Src/stm32f1xx_hal_msp.c ****   /* USER CODE BEGIN I2C1_MspDeInit 1 */
 151:Core/Src/stm32f1xx_hal_msp.c **** 
 152:Core/Src/stm32f1xx_hal_msp.c ****   /* USER CODE END I2C1_MspDeInit 1 */
 153:Core/Src/stm32f1xx_hal_msp.c ****   }
 154:Core/Src/stm32f1xx_hal_msp.c **** 
 155:Core/Src/stm32f1xx_hal_msp.c **** }
ARM GAS  C:\Users\binhp\AppData\Local\Temp\cciqzqIw.s 			page 9


 282              		.loc 1 155 1 is_stmt 0 view .LVU64
 283 0034 10BD     		pop	{r4, pc}
 284              	.L19:
 285 0036 00BF     		.align	2
 286              	.L18:
 287 0038 00540040 		.word	1073763328
 288 003c 00100240 		.word	1073876992
 289 0040 000C0140 		.word	1073810432
 290              		.cfi_endproc
 291              	.LFE67:
 293              		.section	.text.HAL_UART_MspInit,"ax",%progbits
 294              		.align	1
 295              		.global	HAL_UART_MspInit
 296              		.syntax unified
 297              		.thumb
 298              		.thumb_func
 300              	HAL_UART_MspInit:
 301              	.LVL18:
 302              	.LFB68:
 156:Core/Src/stm32f1xx_hal_msp.c **** 
 157:Core/Src/stm32f1xx_hal_msp.c **** /**
 158:Core/Src/stm32f1xx_hal_msp.c **** * @brief UART MSP Initialization
 159:Core/Src/stm32f1xx_hal_msp.c **** * This function configures the hardware resources used in this example
 160:Core/Src/stm32f1xx_hal_msp.c **** * @param huart: UART handle pointer
 161:Core/Src/stm32f1xx_hal_msp.c **** * @retval None
 162:Core/Src/stm32f1xx_hal_msp.c **** */
 163:Core/Src/stm32f1xx_hal_msp.c **** void HAL_UART_MspInit(UART_HandleTypeDef* huart)
 164:Core/Src/stm32f1xx_hal_msp.c **** {
 303              		.loc 1 164 1 is_stmt 1 view -0
 304              		.cfi_startproc
 305              		@ args = 0, pretend = 0, frame = 24
 306              		@ frame_needed = 0, uses_anonymous_args = 0
 307              		.loc 1 164 1 is_stmt 0 view .LVU66
 308 0000 30B5     		push	{r4, r5, lr}
 309              	.LCFI7:
 310              		.cfi_def_cfa_offset 12
 311              		.cfi_offset 4, -12
 312              		.cfi_offset 5, -8
 313              		.cfi_offset 14, -4
 314 0002 87B0     		sub	sp, sp, #28
 315              	.LCFI8:
 316              		.cfi_def_cfa_offset 40
 165:Core/Src/stm32f1xx_hal_msp.c ****   GPIO_InitTypeDef GPIO_InitStruct = {0};
 317              		.loc 1 165 3 is_stmt 1 view .LVU67
 318              		.loc 1 165 20 is_stmt 0 view .LVU68
 319 0004 0023     		movs	r3, #0
 320 0006 0293     		str	r3, [sp, #8]
 321 0008 0393     		str	r3, [sp, #12]
 322 000a 0493     		str	r3, [sp, #16]
 323 000c 0593     		str	r3, [sp, #20]
 166:Core/Src/stm32f1xx_hal_msp.c ****   if(huart->Instance==USART1)
 324              		.loc 1 166 3 is_stmt 1 view .LVU69
 325              		.loc 1 166 11 is_stmt 0 view .LVU70
 326 000e 0268     		ldr	r2, [r0]
 327              		.loc 1 166 5 view .LVU71
 328 0010 1B4B     		ldr	r3, .L24
 329 0012 9A42     		cmp	r2, r3
ARM GAS  C:\Users\binhp\AppData\Local\Temp\cciqzqIw.s 			page 10


 330 0014 01D0     		beq	.L23
 331              	.LVL19:
 332              	.L20:
 167:Core/Src/stm32f1xx_hal_msp.c ****   {
 168:Core/Src/stm32f1xx_hal_msp.c ****   /* USER CODE BEGIN USART1_MspInit 0 */
 169:Core/Src/stm32f1xx_hal_msp.c **** 
 170:Core/Src/stm32f1xx_hal_msp.c ****   /* USER CODE END USART1_MspInit 0 */
 171:Core/Src/stm32f1xx_hal_msp.c ****     /* Peripheral clock enable */
 172:Core/Src/stm32f1xx_hal_msp.c ****     __HAL_RCC_USART1_CLK_ENABLE();
 173:Core/Src/stm32f1xx_hal_msp.c **** 
 174:Core/Src/stm32f1xx_hal_msp.c ****     __HAL_RCC_GPIOA_CLK_ENABLE();
 175:Core/Src/stm32f1xx_hal_msp.c ****     /**USART1 GPIO Configuration
 176:Core/Src/stm32f1xx_hal_msp.c ****     PA9     ------> USART1_TX
 177:Core/Src/stm32f1xx_hal_msp.c ****     PA10     ------> USART1_RX
 178:Core/Src/stm32f1xx_hal_msp.c ****     */
 179:Core/Src/stm32f1xx_hal_msp.c ****     GPIO_InitStruct.Pin = GPIO_PIN_9;
 180:Core/Src/stm32f1xx_hal_msp.c ****     GPIO_InitStruct.Mode = GPIO_MODE_AF_PP;
 181:Core/Src/stm32f1xx_hal_msp.c ****     GPIO_InitStruct.Speed = GPIO_SPEED_FREQ_HIGH;
 182:Core/Src/stm32f1xx_hal_msp.c ****     HAL_GPIO_Init(GPIOA, &GPIO_InitStruct);
 183:Core/Src/stm32f1xx_hal_msp.c **** 
 184:Core/Src/stm32f1xx_hal_msp.c ****     GPIO_InitStruct.Pin = GPIO_PIN_10;
 185:Core/Src/stm32f1xx_hal_msp.c ****     GPIO_InitStruct.Mode = GPIO_MODE_INPUT;
 186:Core/Src/stm32f1xx_hal_msp.c ****     GPIO_InitStruct.Pull = GPIO_NOPULL;
 187:Core/Src/stm32f1xx_hal_msp.c ****     HAL_GPIO_Init(GPIOA, &GPIO_InitStruct);
 188:Core/Src/stm32f1xx_hal_msp.c **** 
 189:Core/Src/stm32f1xx_hal_msp.c ****     /* USART1 interrupt Init */
 190:Core/Src/stm32f1xx_hal_msp.c ****     HAL_NVIC_SetPriority(USART1_IRQn, 0, 0);
 191:Core/Src/stm32f1xx_hal_msp.c ****     HAL_NVIC_EnableIRQ(USART1_IRQn);
 192:Core/Src/stm32f1xx_hal_msp.c ****   /* USER CODE BEGIN USART1_MspInit 1 */
 193:Core/Src/stm32f1xx_hal_msp.c **** 
 194:Core/Src/stm32f1xx_hal_msp.c ****   /* USER CODE END USART1_MspInit 1 */
 195:Core/Src/stm32f1xx_hal_msp.c ****   }
 196:Core/Src/stm32f1xx_hal_msp.c **** 
 197:Core/Src/stm32f1xx_hal_msp.c **** }
 333              		.loc 1 197 1 view .LVU72
 334 0016 07B0     		add	sp, sp, #28
 335              	.LCFI9:
 336              		.cfi_remember_state
 337              		.cfi_def_cfa_offset 12
 338              		@ sp needed
 339 0018 30BD     		pop	{r4, r5, pc}
 340              	.LVL20:
 341              	.L23:
 342              	.LCFI10:
 343              		.cfi_restore_state
 172:Core/Src/stm32f1xx_hal_msp.c **** 
 344              		.loc 1 172 5 is_stmt 1 view .LVU73
 345              	.LBB7:
 172:Core/Src/stm32f1xx_hal_msp.c **** 
 346              		.loc 1 172 5 view .LVU74
 172:Core/Src/stm32f1xx_hal_msp.c **** 
 347              		.loc 1 172 5 view .LVU75
 348 001a 03F55843 		add	r3, r3, #55296
 349 001e 9A69     		ldr	r2, [r3, #24]
 350 0020 42F48042 		orr	r2, r2, #16384
 351 0024 9A61     		str	r2, [r3, #24]
 172:Core/Src/stm32f1xx_hal_msp.c **** 
ARM GAS  C:\Users\binhp\AppData\Local\Temp\cciqzqIw.s 			page 11


 352              		.loc 1 172 5 view .LVU76
 353 0026 9A69     		ldr	r2, [r3, #24]
 354 0028 02F48042 		and	r2, r2, #16384
 355 002c 0092     		str	r2, [sp]
 172:Core/Src/stm32f1xx_hal_msp.c **** 
 356              		.loc 1 172 5 view .LVU77
 357 002e 009A     		ldr	r2, [sp]
 358              	.LBE7:
 172:Core/Src/stm32f1xx_hal_msp.c **** 
 359              		.loc 1 172 5 view .LVU78
 174:Core/Src/stm32f1xx_hal_msp.c ****     /**USART1 GPIO Configuration
 360              		.loc 1 174 5 view .LVU79
 361              	.LBB8:
 174:Core/Src/stm32f1xx_hal_msp.c ****     /**USART1 GPIO Configuration
 362              		.loc 1 174 5 view .LVU80
 174:Core/Src/stm32f1xx_hal_msp.c ****     /**USART1 GPIO Configuration
 363              		.loc 1 174 5 view .LVU81
 364 0030 9A69     		ldr	r2, [r3, #24]
 365 0032 42F00402 		orr	r2, r2, #4
 366 0036 9A61     		str	r2, [r3, #24]
 174:Core/Src/stm32f1xx_hal_msp.c ****     /**USART1 GPIO Configuration
 367              		.loc 1 174 5 view .LVU82
 368 0038 9B69     		ldr	r3, [r3, #24]
 369 003a 03F00403 		and	r3, r3, #4
 370 003e 0193     		str	r3, [sp, #4]
 174:Core/Src/stm32f1xx_hal_msp.c ****     /**USART1 GPIO Configuration
 371              		.loc 1 174 5 view .LVU83
 372 0040 019B     		ldr	r3, [sp, #4]
 373              	.LBE8:
 174:Core/Src/stm32f1xx_hal_msp.c ****     /**USART1 GPIO Configuration
 374              		.loc 1 174 5 view .LVU84
 179:Core/Src/stm32f1xx_hal_msp.c ****     GPIO_InitStruct.Mode = GPIO_MODE_AF_PP;
 375              		.loc 1 179 5 view .LVU85
 179:Core/Src/stm32f1xx_hal_msp.c ****     GPIO_InitStruct.Mode = GPIO_MODE_AF_PP;
 376              		.loc 1 179 25 is_stmt 0 view .LVU86
 377 0042 4FF40073 		mov	r3, #512
 378 0046 0293     		str	r3, [sp, #8]
 180:Core/Src/stm32f1xx_hal_msp.c ****     GPIO_InitStruct.Speed = GPIO_SPEED_FREQ_HIGH;
 379              		.loc 1 180 5 is_stmt 1 view .LVU87
 180:Core/Src/stm32f1xx_hal_msp.c ****     GPIO_InitStruct.Speed = GPIO_SPEED_FREQ_HIGH;
 380              		.loc 1 180 26 is_stmt 0 view .LVU88
 381 0048 0223     		movs	r3, #2
 382 004a 0393     		str	r3, [sp, #12]
 181:Core/Src/stm32f1xx_hal_msp.c ****     HAL_GPIO_Init(GPIOA, &GPIO_InitStruct);
 383              		.loc 1 181 5 is_stmt 1 view .LVU89
 181:Core/Src/stm32f1xx_hal_msp.c ****     HAL_GPIO_Init(GPIOA, &GPIO_InitStruct);
 384              		.loc 1 181 27 is_stmt 0 view .LVU90
 385 004c 0323     		movs	r3, #3
 386 004e 0593     		str	r3, [sp, #20]
 182:Core/Src/stm32f1xx_hal_msp.c **** 
 387              		.loc 1 182 5 is_stmt 1 view .LVU91
 388 0050 0C4D     		ldr	r5, .L24+4
 389 0052 02A9     		add	r1, sp, #8
 390 0054 2846     		mov	r0, r5
 391              	.LVL21:
 182:Core/Src/stm32f1xx_hal_msp.c **** 
 392              		.loc 1 182 5 is_stmt 0 view .LVU92
ARM GAS  C:\Users\binhp\AppData\Local\Temp\cciqzqIw.s 			page 12


 393 0056 FFF7FEFF 		bl	HAL_GPIO_Init
 394              	.LVL22:
 184:Core/Src/stm32f1xx_hal_msp.c ****     GPIO_InitStruct.Mode = GPIO_MODE_INPUT;
 395              		.loc 1 184 5 is_stmt 1 view .LVU93
 184:Core/Src/stm32f1xx_hal_msp.c ****     GPIO_InitStruct.Mode = GPIO_MODE_INPUT;
 396              		.loc 1 184 25 is_stmt 0 view .LVU94
 397 005a 4FF48063 		mov	r3, #1024
 398 005e 0293     		str	r3, [sp, #8]
 185:Core/Src/stm32f1xx_hal_msp.c ****     GPIO_InitStruct.Pull = GPIO_NOPULL;
 399              		.loc 1 185 5 is_stmt 1 view .LVU95
 185:Core/Src/stm32f1xx_hal_msp.c ****     GPIO_InitStruct.Pull = GPIO_NOPULL;
 400              		.loc 1 185 26 is_stmt 0 view .LVU96
 401 0060 0024     		movs	r4, #0
 402 0062 0394     		str	r4, [sp, #12]
 186:Core/Src/stm32f1xx_hal_msp.c ****     HAL_GPIO_Init(GPIOA, &GPIO_InitStruct);
 403              		.loc 1 186 5 is_stmt 1 view .LVU97
 186:Core/Src/stm32f1xx_hal_msp.c ****     HAL_GPIO_Init(GPIOA, &GPIO_InitStruct);
 404              		.loc 1 186 26 is_stmt 0 view .LVU98
 405 0064 0494     		str	r4, [sp, #16]
 187:Core/Src/stm32f1xx_hal_msp.c **** 
 406              		.loc 1 187 5 is_stmt 1 view .LVU99
 407 0066 02A9     		add	r1, sp, #8
 408 0068 2846     		mov	r0, r5
 409 006a FFF7FEFF 		bl	HAL_GPIO_Init
 410              	.LVL23:
 190:Core/Src/stm32f1xx_hal_msp.c ****     HAL_NVIC_EnableIRQ(USART1_IRQn);
 411              		.loc 1 190 5 view .LVU100
 412 006e 2246     		mov	r2, r4
 413 0070 2146     		mov	r1, r4
 414 0072 2520     		movs	r0, #37
 415 0074 FFF7FEFF 		bl	HAL_NVIC_SetPriority
 416              	.LVL24:
 191:Core/Src/stm32f1xx_hal_msp.c ****   /* USER CODE BEGIN USART1_MspInit 1 */
 417              		.loc 1 191 5 view .LVU101
 418 0078 2520     		movs	r0, #37
 419 007a FFF7FEFF 		bl	HAL_NVIC_EnableIRQ
 420              	.LVL25:
 421              		.loc 1 197 1 is_stmt 0 view .LVU102
 422 007e CAE7     		b	.L20
 423              	.L25:
 424              		.align	2
 425              	.L24:
 426 0080 00380140 		.word	1073821696
 427 0084 00080140 		.word	1073809408
 428              		.cfi_endproc
 429              	.LFE68:
 431              		.section	.text.HAL_UART_MspDeInit,"ax",%progbits
 432              		.align	1
 433              		.global	HAL_UART_MspDeInit
 434              		.syntax unified
 435              		.thumb
 436              		.thumb_func
 438              	HAL_UART_MspDeInit:
 439              	.LVL26:
 440              	.LFB69:
 198:Core/Src/stm32f1xx_hal_msp.c **** 
 199:Core/Src/stm32f1xx_hal_msp.c **** /**
ARM GAS  C:\Users\binhp\AppData\Local\Temp\cciqzqIw.s 			page 13


 200:Core/Src/stm32f1xx_hal_msp.c **** * @brief UART MSP De-Initialization
 201:Core/Src/stm32f1xx_hal_msp.c **** * This function freeze the hardware resources used in this example
 202:Core/Src/stm32f1xx_hal_msp.c **** * @param huart: UART handle pointer
 203:Core/Src/stm32f1xx_hal_msp.c **** * @retval None
 204:Core/Src/stm32f1xx_hal_msp.c **** */
 205:Core/Src/stm32f1xx_hal_msp.c **** void HAL_UART_MspDeInit(UART_HandleTypeDef* huart)
 206:Core/Src/stm32f1xx_hal_msp.c **** {
 441              		.loc 1 206 1 is_stmt 1 view -0
 442              		.cfi_startproc
 443              		@ args = 0, pretend = 0, frame = 0
 444              		@ frame_needed = 0, uses_anonymous_args = 0
 445              		.loc 1 206 1 is_stmt 0 view .LVU104
 446 0000 08B5     		push	{r3, lr}
 447              	.LCFI11:
 448              		.cfi_def_cfa_offset 8
 449              		.cfi_offset 3, -8
 450              		.cfi_offset 14, -4
 207:Core/Src/stm32f1xx_hal_msp.c ****   if(huart->Instance==USART1)
 451              		.loc 1 207 3 is_stmt 1 view .LVU105
 452              		.loc 1 207 11 is_stmt 0 view .LVU106
 453 0002 0268     		ldr	r2, [r0]
 454              		.loc 1 207 5 view .LVU107
 455 0004 084B     		ldr	r3, .L30
 456 0006 9A42     		cmp	r2, r3
 457 0008 00D0     		beq	.L29
 458              	.LVL27:
 459              	.L26:
 208:Core/Src/stm32f1xx_hal_msp.c ****   {
 209:Core/Src/stm32f1xx_hal_msp.c ****   /* USER CODE BEGIN USART1_MspDeInit 0 */
 210:Core/Src/stm32f1xx_hal_msp.c **** 
 211:Core/Src/stm32f1xx_hal_msp.c ****   /* USER CODE END USART1_MspDeInit 0 */
 212:Core/Src/stm32f1xx_hal_msp.c ****     /* Peripheral clock disable */
 213:Core/Src/stm32f1xx_hal_msp.c ****     __HAL_RCC_USART1_CLK_DISABLE();
 214:Core/Src/stm32f1xx_hal_msp.c **** 
 215:Core/Src/stm32f1xx_hal_msp.c ****     /**USART1 GPIO Configuration
 216:Core/Src/stm32f1xx_hal_msp.c ****     PA9     ------> USART1_TX
 217:Core/Src/stm32f1xx_hal_msp.c ****     PA10     ------> USART1_RX
 218:Core/Src/stm32f1xx_hal_msp.c ****     */
 219:Core/Src/stm32f1xx_hal_msp.c ****     HAL_GPIO_DeInit(GPIOA, GPIO_PIN_9|GPIO_PIN_10);
 220:Core/Src/stm32f1xx_hal_msp.c **** 
 221:Core/Src/stm32f1xx_hal_msp.c ****     /* USART1 interrupt DeInit */
 222:Core/Src/stm32f1xx_hal_msp.c ****     HAL_NVIC_DisableIRQ(USART1_IRQn);
 223:Core/Src/stm32f1xx_hal_msp.c ****   /* USER CODE BEGIN USART1_MspDeInit 1 */
 224:Core/Src/stm32f1xx_hal_msp.c **** 
 225:Core/Src/stm32f1xx_hal_msp.c ****   /* USER CODE END USART1_MspDeInit 1 */
 226:Core/Src/stm32f1xx_hal_msp.c ****   }
 227:Core/Src/stm32f1xx_hal_msp.c **** 
 228:Core/Src/stm32f1xx_hal_msp.c **** }
 460              		.loc 1 228 1 view .LVU108
 461 000a 08BD     		pop	{r3, pc}
 462              	.LVL28:
 463              	.L29:
 213:Core/Src/stm32f1xx_hal_msp.c **** 
 464              		.loc 1 213 5 is_stmt 1 view .LVU109
 465 000c 074A     		ldr	r2, .L30+4
 466 000e 9369     		ldr	r3, [r2, #24]
 467 0010 23F48043 		bic	r3, r3, #16384
ARM GAS  C:\Users\binhp\AppData\Local\Temp\cciqzqIw.s 			page 14


 468 0014 9361     		str	r3, [r2, #24]
 219:Core/Src/stm32f1xx_hal_msp.c **** 
 469              		.loc 1 219 5 view .LVU110
 470 0016 4FF4C061 		mov	r1, #1536
 471 001a 0548     		ldr	r0, .L30+8
 472              	.LVL29:
 219:Core/Src/stm32f1xx_hal_msp.c **** 
 473              		.loc 1 219 5 is_stmt 0 view .LVU111
 474 001c FFF7FEFF 		bl	HAL_GPIO_DeInit
 475              	.LVL30:
 222:Core/Src/stm32f1xx_hal_msp.c ****   /* USER CODE BEGIN USART1_MspDeInit 1 */
 476              		.loc 1 222 5 is_stmt 1 view .LVU112
 477 0020 2520     		movs	r0, #37
 478 0022 FFF7FEFF 		bl	HAL_NVIC_DisableIRQ
 479              	.LVL31:
 480              		.loc 1 228 1 is_stmt 0 view .LVU113
 481 0026 F0E7     		b	.L26
 482              	.L31:
 483              		.align	2
 484              	.L30:
 485 0028 00380140 		.word	1073821696
 486 002c 00100240 		.word	1073876992
 487 0030 00080140 		.word	1073809408
 488              		.cfi_endproc
 489              	.LFE69:
 491              		.text
 492              	.Letext0:
 493              		.file 2 "Drivers/CMSIS/Device/ST/STM32F1xx/Include/stm32f103xb.h"
 494              		.file 3 "C:/msys64/mingw64/arm-none-eabi/include/machine/_default_types.h"
 495              		.file 4 "C:/msys64/mingw64/arm-none-eabi/include/sys/_stdint.h"
 496              		.file 5 "Drivers/STM32F1xx_HAL_Driver/Inc/stm32f1xx_hal_def.h"
 497              		.file 6 "Drivers/STM32F1xx_HAL_Driver/Inc/stm32f1xx_hal_gpio.h"
 498              		.file 7 "Drivers/STM32F1xx_HAL_Driver/Inc/stm32f1xx_hal_dma.h"
 499              		.file 8 "Drivers/STM32F1xx_HAL_Driver/Inc/stm32f1xx_hal_i2c.h"
 500              		.file 9 "Drivers/STM32F1xx_HAL_Driver/Inc/stm32f1xx_hal_uart.h"
 501              		.file 10 "Drivers/STM32F1xx_HAL_Driver/Inc/stm32f1xx_hal_cortex.h"
ARM GAS  C:\Users\binhp\AppData\Local\Temp\cciqzqIw.s 			page 15


DEFINED SYMBOLS
                            *ABS*:00000000 stm32f1xx_hal_msp.c
C:\Users\binhp\AppData\Local\Temp\cciqzqIw.s:19     .text.HAL_MspInit:00000000 $t
C:\Users\binhp\AppData\Local\Temp\cciqzqIw.s:25     .text.HAL_MspInit:00000000 HAL_MspInit
C:\Users\binhp\AppData\Local\Temp\cciqzqIw.s:91     .text.HAL_MspInit:0000003c $d
C:\Users\binhp\AppData\Local\Temp\cciqzqIw.s:97     .text.HAL_I2C_MspInit:00000000 $t
C:\Users\binhp\AppData\Local\Temp\cciqzqIw.s:103    .text.HAL_I2C_MspInit:00000000 HAL_I2C_MspInit
C:\Users\binhp\AppData\Local\Temp\cciqzqIw.s:221    .text.HAL_I2C_MspInit:00000078 $d
C:\Users\binhp\AppData\Local\Temp\cciqzqIw.s:228    .text.HAL_I2C_MspDeInit:00000000 $t
C:\Users\binhp\AppData\Local\Temp\cciqzqIw.s:234    .text.HAL_I2C_MspDeInit:00000000 HAL_I2C_MspDeInit
C:\Users\binhp\AppData\Local\Temp\cciqzqIw.s:287    .text.HAL_I2C_MspDeInit:00000038 $d
C:\Users\binhp\AppData\Local\Temp\cciqzqIw.s:294    .text.HAL_UART_MspInit:00000000 $t
C:\Users\binhp\AppData\Local\Temp\cciqzqIw.s:300    .text.HAL_UART_MspInit:00000000 HAL_UART_MspInit
C:\Users\binhp\AppData\Local\Temp\cciqzqIw.s:426    .text.HAL_UART_MspInit:00000080 $d
C:\Users\binhp\AppData\Local\Temp\cciqzqIw.s:432    .text.HAL_UART_MspDeInit:00000000 $t
C:\Users\binhp\AppData\Local\Temp\cciqzqIw.s:438    .text.HAL_UART_MspDeInit:00000000 HAL_UART_MspDeInit
C:\Users\binhp\AppData\Local\Temp\cciqzqIw.s:485    .text.HAL_UART_MspDeInit:00000028 $d
                           .group:00000000 wm4.0.82cd861fcffc377458525806b973ac66
                           .group:00000000 wm4.stm32f1xx_hal_conf.h.22.cbdc1b1d5adafd94f8d8dcf6c1f3e8fc
                           .group:00000000 wm4.stm32f1xx.h.38.e862c4e1b39ca120fca296a79f75a275
                           .group:00000000 wm4.stm32f103xb.h.37.7c5fb130aa158ead5441dda9799c1941
                           .group:00000000 wm4._newlib_version.h.4.411db44ea2338a62eca2f0777f81481b
                           .group:00000000 wm4.features.h.33.2eefb68b261e70563a8ac654e712169f
                           .group:00000000 wm4._default_types.h.15.247e5cd201eca3442cbf5404108c4935
                           .group:00000000 wm4._intsup.h.10.48bafbb683905c4daa4565a85aeeb264
                           .group:00000000 wm4._stdint.h.10.c24fa3af3bc1706662bb5593a907e841
                           .group:00000000 wm4.stdint.h.23.d53047a68f4a85177f80b422d52785ed
                           .group:00000000 wm4.cmsis_version.h.32.4d5822004c01a829a975260e854b5f8e
                           .group:00000000 wm4.core_cm3.h.66.fc46cac19810db8f98d67da7ef88f42c
                           .group:00000000 wm4.cmsis_gcc.h.26.4f5798e999d5690b80e6ded3ecc94b37
                           .group:00000000 wm4.core_cm3.h.127.f4474120f1a7524deb56f9d74ff175da
                           .group:00000000 wm4.stm32f103xb.h.572.e8b8d889d857e2c56f82ca03c5328917
                           .group:00000000 wm4.stm32f1xx.h.161.0d1b9fd26c53008e1116394047fa1b84
                           .group:00000000 wm4.stm32_hal_legacy.h.22.d050171c85a9d8567d1f9a012537baa2
                           .group:00000000 wm4.stddef.h.39.0dc9006b34572d4d9cae4c8b422c4971
                           .group:00000000 wm4.stm32f1xx_hal_def.h.56.354d0a4bf0f6ef7af10e3429b7628481
                           .group:00000000 wm4.stm32f1xx_hal_rcc.h.93.3fadb58bdef0723b74d9eb798753b168
                           .group:00000000 wm4.stm32f1xx_hal_rcc_ex.h.20.5a464c1dc9022dc2a67fe45b2054f77c
                           .group:00000000 wm4.stm32f1xx_hal_rcc.h.1200.d6cbb5717f01cee373a6e1fba84d9163
                           .group:00000000 wm4.stm32f1xx_hal_gpio.h.21.0099da253a68660e916195d3e8928be3
                           .group:00000000 wm4.stm32f1xx_hal_gpio_ex.h.21.93f1f3ec7660fa76375def81b976f73c
                           .group:00000000 wm4.stm32f1xx_hal_gpio.h.262.7df79220ec7519ba80c1763e6b4854a6
                           .group:00000000 wm4.stm32f1xx_hal_exti.h.21.a7f1b393a0c9b2b56b72ccdbb8dee508
                           .group:00000000 wm4.stm32f1xx_hal_dma.h.21.11e5a204ed6aa790b1cdae2e4192bc9d
                           .group:00000000 wm4.stm32f1xx_hal_dma_ex.h.21.d438f745b4c04dc23f9f569190526864
                           .group:00000000 wm4.stm32f1xx_hal_dma.h.408.14794a3f8621230c9ac7fca0cacf3e57
                           .group:00000000 wm4.stm32f1xx_hal_cortex.h.21.6ab92041a8778f53d2d2d96b3825535a
                           .group:00000000 wm4.stm32f1xx_hal_flash.h.20.2db7f614c43999568df8c1bd8d5f2459
                           .group:00000000 wm4.stm32f1xx_hal_flash_ex.h.20.c1d01fb364bcc8befd238a2d45469cc1
                           .group:00000000 wm4.stm32f1xx_hal_i2c.h.21.6a947c870feb456d84d10dd871ee01bd
                           .group:00000000 wm4.stm32f1xx_hal_pwr.h.21.ec3e2cfd4c26fffa32fc4ff0a8ac7390
                           .group:00000000 wm4.stm32f1xx_hal_uart.h.21.96146ab5759dfe03d0cc100d79254944
                           .group:00000000 wm4.stm32f1xx_hal.h.87.60093b86a987865736d7cddecce3c235

UNDEFINED SYMBOLS
HAL_GPIO_Init
HAL_NVIC_SetPriority
ARM GAS  C:\Users\binhp\AppData\Local\Temp\cciqzqIw.s 			page 16


HAL_NVIC_EnableIRQ
HAL_GPIO_DeInit
HAL_NVIC_DisableIRQ
