ARM GAS  C:\Users\binhp\AppData\Local\Temp\cczTUz94.s 			page 1


   1              		.cpu cortex-m3
   2              		.arch armv7-m
   3              		.fpu softvfp
   4              		.eabi_attribute 20, 1
   5              		.eabi_attribute 21, 1
   6              		.eabi_attribute 23, 3
   7              		.eabi_attribute 24, 1
   8              		.eabi_attribute 25, 1
   9              		.eabi_attribute 26, 1
  10              		.eabi_attribute 30, 1
  11              		.eabi_attribute 34, 1
  12              		.eabi_attribute 18, 4
  13              		.file	"stm32f1xx_hal_tim_ex.c"
  14              		.text
  15              	.Ltext0:
  16              		.cfi_sections	.debug_frame
  17              		.file 1 "Drivers/STM32F1xx_HAL_Driver/Src/stm32f1xx_hal_tim_ex.c"
  18              	.Letext0:
ARM GAS  C:\Users\binhp\AppData\Local\Temp\cczTUz94.s 			page 2


DEFINED SYMBOLS
                            *ABS*:00000000 stm32f1xx_hal_tim_ex.c
                           .group:00000000 wm4.0.82cd861fcffc377458525806b973ac66
                           .group:00000000 wm4.stm32f1xx_hal_conf.h.22.cbdc1b1d5adafd94f8d8dcf6c1f3e8fc
                           .group:00000000 wm4.stm32f1xx.h.38.e862c4e1b39ca120fca296a79f75a275
                           .group:00000000 wm4.stm32f103xb.h.37.7c5fb130aa158ead5441dda9799c1941
                           .group:00000000 wm4._newlib_version.h.4.411db44ea2338a62eca2f0777f81481b
                           .group:00000000 wm4.features.h.33.2eefb68b261e70563a8ac654e712169f
                           .group:00000000 wm4._default_types.h.15.247e5cd201eca3442cbf5404108c4935
                           .group:00000000 wm4._intsup.h.10.48bafbb683905c4daa4565a85aeeb264
                           .group:00000000 wm4._stdint.h.10.c24fa3af3bc1706662bb5593a907e841
                           .group:00000000 wm4.stdint.h.23.d53047a68f4a85177f80b422d52785ed
                           .group:00000000 wm4.cmsis_version.h.32.4d5822004c01a829a975260e854b5f8e
                           .group:00000000 wm4.core_cm3.h.66.fc46cac19810db8f98d67da7ef88f42c
                           .group:00000000 wm4.cmsis_gcc.h.26.4f5798e999d5690b80e6ded3ecc94b37
                           .group:00000000 wm4.core_cm3.h.127.f4474120f1a7524deb56f9d74ff175da
                           .group:00000000 wm4.stm32f103xb.h.572.e8b8d889d857e2c56f82ca03c5328917
                           .group:00000000 wm4.stm32f1xx.h.161.0d1b9fd26c53008e1116394047fa1b84
                           .group:00000000 wm4.stm32_hal_legacy.h.22.d050171c85a9d8567d1f9a012537baa2
                           .group:00000000 wm4.stddef.h.39.0dc9006b34572d4d9cae4c8b422c4971
                           .group:00000000 wm4.stm32f1xx_hal_def.h.56.354d0a4bf0f6ef7af10e3429b7628481
                           .group:00000000 wm4.stm32f1xx_hal_rcc.h.93.3fadb58bdef0723b74d9eb798753b168
                           .group:00000000 wm4.stm32f1xx_hal_rcc_ex.h.20.5a464c1dc9022dc2a67fe45b2054f77c
                           .group:00000000 wm4.stm32f1xx_hal_rcc.h.1200.d6cbb5717f01cee373a6e1fba84d9163
                           .group:00000000 wm4.stm32f1xx_hal_gpio.h.21.0099da253a68660e916195d3e8928be3
                           .group:00000000 wm4.stm32f1xx_hal_gpio_ex.h.21.93f1f3ec7660fa76375def81b976f73c
                           .group:00000000 wm4.stm32f1xx_hal_gpio.h.262.7df79220ec7519ba80c1763e6b4854a6
                           .group:00000000 wm4.stm32f1xx_hal_exti.h.21.a7f1b393a0c9b2b56b72ccdbb8dee508
                           .group:00000000 wm4.stm32f1xx_hal_dma.h.21.11e5a204ed6aa790b1cdae2e4192bc9d
                           .group:00000000 wm4.stm32f1xx_hal_dma_ex.h.21.d438f745b4c04dc23f9f569190526864
                           .group:00000000 wm4.stm32f1xx_hal_dma.h.408.14794a3f8621230c9ac7fca0cacf3e57
                           .group:00000000 wm4.stm32f1xx_hal_cortex.h.21.6ab92041a8778f53d2d2d96b3825535a
                           .group:00000000 wm4.stm32f1xx_hal_flash.h.20.2db7f614c43999568df8c1bd8d5f2459
                           .group:00000000 wm4.stm32f1xx_hal_flash_ex.h.20.c1d01fb364bcc8befd238a2d45469cc1
                           .group:00000000 wm4.stm32f1xx_hal_i2c.h.21.6a947c870feb456d84d10dd871ee01bd
                           .group:00000000 wm4.stm32f1xx_hal_pwr.h.21.ec3e2cfd4c26fffa32fc4ff0a8ac7390
                           .group:00000000 wm4.stm32f1xx_hal_uart.h.21.96146ab5759dfe03d0cc100d79254944
                           .group:00000000 wm4.stm32f1xx_hal.h.87.60093b86a987865736d7cddecce3c235

NO UNDEFINED SYMBOLS
