ARM GAS  C:\Users\binhp\AppData\Local\Temp\ccimCvtx.s 			page 1


   1              		.cpu cortex-m3
   2              		.arch armv7-m
   3              		.fpu softvfp
   4              		.eabi_attribute 20, 1
   5              		.eabi_attribute 21, 1
   6              		.eabi_attribute 23, 3
   7              		.eabi_attribute 24, 1
   8              		.eabi_attribute 25, 1
   9              		.eabi_attribute 26, 1
  10              		.eabi_attribute 30, 1
  11              		.eabi_attribute 34, 1
  12              		.eabi_attribute 18, 4
  13              		.file	"stm32f1xx_it.c"
  14              		.text
  15              	.Ltext0:
  16              		.cfi_sections	.debug_frame
  17              		.file 1 "Core/Src/stm32f1xx_it.c"
  18              		.section	.text.NMI_Handler,"ax",%progbits
  19              		.align	1
  20              		.global	NMI_Handler
  21              		.syntax unified
  22              		.thumb
  23              		.thumb_func
  25              	NMI_Handler:
  26              	.LFB65:
   1:Core/Src/stm32f1xx_it.c **** /* USER CODE BEGIN Header */
   2:Core/Src/stm32f1xx_it.c **** /**
   3:Core/Src/stm32f1xx_it.c ****   ******************************************************************************
   4:Core/Src/stm32f1xx_it.c ****   * @file    stm32f1xx_it.c
   5:Core/Src/stm32f1xx_it.c ****   * @brief   Interrupt Service Routines.
   6:Core/Src/stm32f1xx_it.c ****   ******************************************************************************
   7:Core/Src/stm32f1xx_it.c ****   * @attention
   8:Core/Src/stm32f1xx_it.c ****   *
   9:Core/Src/stm32f1xx_it.c ****   * Copyright (c) 2024 STMicroelectronics.
  10:Core/Src/stm32f1xx_it.c ****   * All rights reserved.
  11:Core/Src/stm32f1xx_it.c ****   *
  12:Core/Src/stm32f1xx_it.c ****   * This software is licensed under terms that can be found in the LICENSE file
  13:Core/Src/stm32f1xx_it.c ****   * in the root directory of this software component.
  14:Core/Src/stm32f1xx_it.c ****   * If no LICENSE file comes with this software, it is provided AS-IS.
  15:Core/Src/stm32f1xx_it.c ****   *
  16:Core/Src/stm32f1xx_it.c ****   ******************************************************************************
  17:Core/Src/stm32f1xx_it.c ****   */
  18:Core/Src/stm32f1xx_it.c **** /* USER CODE END Header */
  19:Core/Src/stm32f1xx_it.c **** 
  20:Core/Src/stm32f1xx_it.c **** /* Includes ------------------------------------------------------------------*/
  21:Core/Src/stm32f1xx_it.c **** #include "main.h"
  22:Core/Src/stm32f1xx_it.c **** #include "hal_i2c.h"
  23:Core/Src/stm32f1xx_it.c **** #include "stm32f1xx_it.h"
  24:Core/Src/stm32f1xx_it.c **** /* Private includes ----------------------------------------------------------*/
  25:Core/Src/stm32f1xx_it.c **** /* USER CODE BEGIN Includes */
  26:Core/Src/stm32f1xx_it.c **** /* USER CODE END Includes */
  27:Core/Src/stm32f1xx_it.c **** 
  28:Core/Src/stm32f1xx_it.c **** /* Private typedef -----------------------------------------------------------*/
  29:Core/Src/stm32f1xx_it.c **** /* USER CODE BEGIN TD */
  30:Core/Src/stm32f1xx_it.c **** 
  31:Core/Src/stm32f1xx_it.c **** /* USER CODE END TD */
  32:Core/Src/stm32f1xx_it.c **** 
ARM GAS  C:\Users\binhp\AppData\Local\Temp\ccimCvtx.s 			page 2


  33:Core/Src/stm32f1xx_it.c **** /* Private define ------------------------------------------------------------*/
  34:Core/Src/stm32f1xx_it.c **** /* USER CODE BEGIN PD */
  35:Core/Src/stm32f1xx_it.c **** 
  36:Core/Src/stm32f1xx_it.c **** /* USER CODE END PD */
  37:Core/Src/stm32f1xx_it.c **** 
  38:Core/Src/stm32f1xx_it.c **** /* Private macro -------------------------------------------------------------*/
  39:Core/Src/stm32f1xx_it.c **** /* USER CODE BEGIN PM */
  40:Core/Src/stm32f1xx_it.c **** 
  41:Core/Src/stm32f1xx_it.c **** /* USER CODE END PM */
  42:Core/Src/stm32f1xx_it.c **** 
  43:Core/Src/stm32f1xx_it.c **** /* Private variables ---------------------------------------------------------*/
  44:Core/Src/stm32f1xx_it.c **** /* USER CODE BEGIN PV */
  45:Core/Src/stm32f1xx_it.c **** 
  46:Core/Src/stm32f1xx_it.c **** /* USER CODE END PV */
  47:Core/Src/stm32f1xx_it.c **** 
  48:Core/Src/stm32f1xx_it.c **** /* Private function prototypes -----------------------------------------------*/
  49:Core/Src/stm32f1xx_it.c **** /* USER CODE BEGIN PFP */
  50:Core/Src/stm32f1xx_it.c **** 
  51:Core/Src/stm32f1xx_it.c **** /* USER CODE END PFP */
  52:Core/Src/stm32f1xx_it.c **** 
  53:Core/Src/stm32f1xx_it.c **** /* Private user code ---------------------------------------------------------*/
  54:Core/Src/stm32f1xx_it.c **** /* USER CODE BEGIN 0 */
  55:Core/Src/stm32f1xx_it.c **** 
  56:Core/Src/stm32f1xx_it.c **** /* USER CODE END 0 */
  57:Core/Src/stm32f1xx_it.c **** 
  58:Core/Src/stm32f1xx_it.c **** /* External variables --------------------------------------------------------*/
  59:Core/Src/stm32f1xx_it.c **** extern hal_i2c_hdl_t *i2chandle;
  60:Core/Src/stm32f1xx_it.c **** extern UART_HandleTypeDef huart1;
  61:Core/Src/stm32f1xx_it.c **** /* USER CODE BEGIN EV */
  62:Core/Src/stm32f1xx_it.c **** 
  63:Core/Src/stm32f1xx_it.c **** /* USER CODE END EV */
  64:Core/Src/stm32f1xx_it.c **** 
  65:Core/Src/stm32f1xx_it.c **** /******************************************************************************/
  66:Core/Src/stm32f1xx_it.c **** /*           Cortex-M3 Processor Interruption and Exception Handlers          */
  67:Core/Src/stm32f1xx_it.c **** /******************************************************************************/
  68:Core/Src/stm32f1xx_it.c **** /**
  69:Core/Src/stm32f1xx_it.c ****   * @brief This function handles Non maskable interrupt.
  70:Core/Src/stm32f1xx_it.c ****   */
  71:Core/Src/stm32f1xx_it.c **** void NMI_Handler(void)
  72:Core/Src/stm32f1xx_it.c **** {
  27              		.loc 1 72 1 view -0
  28              		.cfi_startproc
  29              		@ Volatile: function does not return.
  30              		@ args = 0, pretend = 0, frame = 0
  31              		@ frame_needed = 0, uses_anonymous_args = 0
  32              		@ link register save eliminated.
  33              	.L2:
  73:Core/Src/stm32f1xx_it.c ****   /* USER CODE BEGIN NonMaskableInt_IRQn 0 */
  74:Core/Src/stm32f1xx_it.c **** 
  75:Core/Src/stm32f1xx_it.c ****   /* USER CODE END NonMaskableInt_IRQn 0 */
  76:Core/Src/stm32f1xx_it.c ****   /* USER CODE BEGIN NonMaskableInt_IRQn 1 */
  77:Core/Src/stm32f1xx_it.c ****    while (1)
  34              		.loc 1 77 4 view .LVU1
  78:Core/Src/stm32f1xx_it.c ****   {
  79:Core/Src/stm32f1xx_it.c ****   }
  35              		.loc 1 79 3 view .LVU2
  77:Core/Src/stm32f1xx_it.c ****   {
ARM GAS  C:\Users\binhp\AppData\Local\Temp\ccimCvtx.s 			page 3


  36              		.loc 1 77 10 view .LVU3
  37 0000 FEE7     		b	.L2
  38              		.cfi_endproc
  39              	.LFE65:
  41              		.section	.text.HardFault_Handler,"ax",%progbits
  42              		.align	1
  43              		.global	HardFault_Handler
  44              		.syntax unified
  45              		.thumb
  46              		.thumb_func
  48              	HardFault_Handler:
  49              	.LFB66:
  80:Core/Src/stm32f1xx_it.c ****   /* USER CODE END NonMaskableInt_IRQn 1 */
  81:Core/Src/stm32f1xx_it.c **** }
  82:Core/Src/stm32f1xx_it.c **** 
  83:Core/Src/stm32f1xx_it.c **** /**
  84:Core/Src/stm32f1xx_it.c ****   * @brief This function handles Hard fault interrupt.
  85:Core/Src/stm32f1xx_it.c ****   */
  86:Core/Src/stm32f1xx_it.c **** void HardFault_Handler(void)
  87:Core/Src/stm32f1xx_it.c **** {
  50              		.loc 1 87 1 view -0
  51              		.cfi_startproc
  52              		@ Volatile: function does not return.
  53              		@ args = 0, pretend = 0, frame = 0
  54              		@ frame_needed = 0, uses_anonymous_args = 0
  55              		@ link register save eliminated.
  56              	.L4:
  88:Core/Src/stm32f1xx_it.c ****   /* USER CODE BEGIN HardFault_IRQn 0 */
  89:Core/Src/stm32f1xx_it.c **** 
  90:Core/Src/stm32f1xx_it.c ****   /* USER CODE END HardFault_IRQn 0 */
  91:Core/Src/stm32f1xx_it.c ****   while (1)
  57              		.loc 1 91 3 view .LVU5
  92:Core/Src/stm32f1xx_it.c ****   {
  93:Core/Src/stm32f1xx_it.c ****     /* USER CODE BEGIN W1_HardFault_IRQn 0 */
  94:Core/Src/stm32f1xx_it.c ****     /* USER CODE END W1_HardFault_IRQn 0 */
  95:Core/Src/stm32f1xx_it.c ****   }
  58              		.loc 1 95 3 view .LVU6
  91:Core/Src/stm32f1xx_it.c ****   {
  59              		.loc 1 91 9 view .LVU7
  60 0000 FEE7     		b	.L4
  61              		.cfi_endproc
  62              	.LFE66:
  64              		.section	.text.MemManage_Handler,"ax",%progbits
  65              		.align	1
  66              		.global	MemManage_Handler
  67              		.syntax unified
  68              		.thumb
  69              		.thumb_func
  71              	MemManage_Handler:
  72              	.LFB67:
  96:Core/Src/stm32f1xx_it.c **** }
  97:Core/Src/stm32f1xx_it.c **** 
  98:Core/Src/stm32f1xx_it.c **** /**
  99:Core/Src/stm32f1xx_it.c ****   * @brief This function handles Memory management fault.
 100:Core/Src/stm32f1xx_it.c ****   */
 101:Core/Src/stm32f1xx_it.c **** void MemManage_Handler(void)
 102:Core/Src/stm32f1xx_it.c **** {
ARM GAS  C:\Users\binhp\AppData\Local\Temp\ccimCvtx.s 			page 4


  73              		.loc 1 102 1 view -0
  74              		.cfi_startproc
  75              		@ Volatile: function does not return.
  76              		@ args = 0, pretend = 0, frame = 0
  77              		@ frame_needed = 0, uses_anonymous_args = 0
  78              		@ link register save eliminated.
  79              	.L6:
 103:Core/Src/stm32f1xx_it.c ****   /* USER CODE BEGIN MemoryManagement_IRQn 0 */
 104:Core/Src/stm32f1xx_it.c **** 
 105:Core/Src/stm32f1xx_it.c ****   /* USER CODE END MemoryManagement_IRQn 0 */
 106:Core/Src/stm32f1xx_it.c ****   while (1)
  80              		.loc 1 106 3 view .LVU9
 107:Core/Src/stm32f1xx_it.c ****   {
 108:Core/Src/stm32f1xx_it.c ****     /* USER CODE BEGIN W1_MemoryManagement_IRQn 0 */
 109:Core/Src/stm32f1xx_it.c ****     /* USER CODE END W1_MemoryManagement_IRQn 0 */
 110:Core/Src/stm32f1xx_it.c ****   }
  81              		.loc 1 110 3 view .LVU10
 106:Core/Src/stm32f1xx_it.c ****   {
  82              		.loc 1 106 9 view .LVU11
  83 0000 FEE7     		b	.L6
  84              		.cfi_endproc
  85              	.LFE67:
  87              		.section	.text.BusFault_Handler,"ax",%progbits
  88              		.align	1
  89              		.global	BusFault_Handler
  90              		.syntax unified
  91              		.thumb
  92              		.thumb_func
  94              	BusFault_Handler:
  95              	.LFB68:
 111:Core/Src/stm32f1xx_it.c **** }
 112:Core/Src/stm32f1xx_it.c **** 
 113:Core/Src/stm32f1xx_it.c **** /**
 114:Core/Src/stm32f1xx_it.c ****   * @brief This function handles Prefetch fault, memory access fault.
 115:Core/Src/stm32f1xx_it.c ****   */
 116:Core/Src/stm32f1xx_it.c **** void BusFault_Handler(void)
 117:Core/Src/stm32f1xx_it.c **** {
  96              		.loc 1 117 1 view -0
  97              		.cfi_startproc
  98              		@ Volatile: function does not return.
  99              		@ args = 0, pretend = 0, frame = 0
 100              		@ frame_needed = 0, uses_anonymous_args = 0
 101              		@ link register save eliminated.
 102              	.L8:
 118:Core/Src/stm32f1xx_it.c ****   /* USER CODE BEGIN BusFault_IRQn 0 */
 119:Core/Src/stm32f1xx_it.c **** 
 120:Core/Src/stm32f1xx_it.c ****   /* USER CODE END BusFault_IRQn 0 */
 121:Core/Src/stm32f1xx_it.c ****   while (1)
 103              		.loc 1 121 3 view .LVU13
 122:Core/Src/stm32f1xx_it.c ****   {
 123:Core/Src/stm32f1xx_it.c ****     /* USER CODE BEGIN W1_BusFault_IRQn 0 */
 124:Core/Src/stm32f1xx_it.c ****     /* USER CODE END W1_BusFault_IRQn 0 */
 125:Core/Src/stm32f1xx_it.c ****   }
 104              		.loc 1 125 3 view .LVU14
 121:Core/Src/stm32f1xx_it.c ****   {
 105              		.loc 1 121 9 view .LVU15
 106 0000 FEE7     		b	.L8
ARM GAS  C:\Users\binhp\AppData\Local\Temp\ccimCvtx.s 			page 5


 107              		.cfi_endproc
 108              	.LFE68:
 110              		.section	.text.UsageFault_Handler,"ax",%progbits
 111              		.align	1
 112              		.global	UsageFault_Handler
 113              		.syntax unified
 114              		.thumb
 115              		.thumb_func
 117              	UsageFault_Handler:
 118              	.LFB69:
 126:Core/Src/stm32f1xx_it.c **** }
 127:Core/Src/stm32f1xx_it.c **** 
 128:Core/Src/stm32f1xx_it.c **** /**
 129:Core/Src/stm32f1xx_it.c ****   * @brief This function handles Undefined instruction or illegal state.
 130:Core/Src/stm32f1xx_it.c ****   */
 131:Core/Src/stm32f1xx_it.c **** void UsageFault_Handler(void)
 132:Core/Src/stm32f1xx_it.c **** {
 119              		.loc 1 132 1 view -0
 120              		.cfi_startproc
 121              		@ Volatile: function does not return.
 122              		@ args = 0, pretend = 0, frame = 0
 123              		@ frame_needed = 0, uses_anonymous_args = 0
 124              		@ link register save eliminated.
 125              	.L10:
 133:Core/Src/stm32f1xx_it.c ****   /* USER CODE BEGIN UsageFault_IRQn 0 */
 134:Core/Src/stm32f1xx_it.c **** 
 135:Core/Src/stm32f1xx_it.c ****   /* USER CODE END UsageFault_IRQn 0 */
 136:Core/Src/stm32f1xx_it.c ****   while (1)
 126              		.loc 1 136 3 view .LVU17
 137:Core/Src/stm32f1xx_it.c ****   {
 138:Core/Src/stm32f1xx_it.c ****     /* USER CODE BEGIN W1_UsageFault_IRQn 0 */
 139:Core/Src/stm32f1xx_it.c ****     /* USER CODE END W1_UsageFault_IRQn 0 */
 140:Core/Src/stm32f1xx_it.c ****   }
 127              		.loc 1 140 3 view .LVU18
 136:Core/Src/stm32f1xx_it.c ****   {
 128              		.loc 1 136 9 view .LVU19
 129 0000 FEE7     		b	.L10
 130              		.cfi_endproc
 131              	.LFE69:
 133              		.section	.text.SVC_Handler,"ax",%progbits
 134              		.align	1
 135              		.global	SVC_Handler
 136              		.syntax unified
 137              		.thumb
 138              		.thumb_func
 140              	SVC_Handler:
 141              	.LFB70:
 141:Core/Src/stm32f1xx_it.c **** }
 142:Core/Src/stm32f1xx_it.c **** 
 143:Core/Src/stm32f1xx_it.c **** /**
 144:Core/Src/stm32f1xx_it.c ****   * @brief This function handles System service call via SWI instruction.
 145:Core/Src/stm32f1xx_it.c ****   */
 146:Core/Src/stm32f1xx_it.c **** void SVC_Handler(void)
 147:Core/Src/stm32f1xx_it.c **** {
 142              		.loc 1 147 1 view -0
 143              		.cfi_startproc
 144              		@ args = 0, pretend = 0, frame = 0
ARM GAS  C:\Users\binhp\AppData\Local\Temp\ccimCvtx.s 			page 6


 145              		@ frame_needed = 0, uses_anonymous_args = 0
 146              		@ link register save eliminated.
 148:Core/Src/stm32f1xx_it.c ****   /* USER CODE BEGIN SVCall_IRQn 0 */
 149:Core/Src/stm32f1xx_it.c **** 
 150:Core/Src/stm32f1xx_it.c ****   /* USER CODE END SVCall_IRQn 0 */
 151:Core/Src/stm32f1xx_it.c ****   /* USER CODE BEGIN SVCall_IRQn 1 */
 152:Core/Src/stm32f1xx_it.c **** 
 153:Core/Src/stm32f1xx_it.c ****   /* USER CODE END SVCall_IRQn 1 */
 154:Core/Src/stm32f1xx_it.c **** }
 147              		.loc 1 154 1 view .LVU21
 148 0000 7047     		bx	lr
 149              		.cfi_endproc
 150              	.LFE70:
 152              		.section	.text.DebugMon_Handler,"ax",%progbits
 153              		.align	1
 154              		.global	DebugMon_Handler
 155              		.syntax unified
 156              		.thumb
 157              		.thumb_func
 159              	DebugMon_Handler:
 160              	.LFB71:
 155:Core/Src/stm32f1xx_it.c **** 
 156:Core/Src/stm32f1xx_it.c **** /**
 157:Core/Src/stm32f1xx_it.c ****   * @brief This function handles Debug monitor.
 158:Core/Src/stm32f1xx_it.c ****   */
 159:Core/Src/stm32f1xx_it.c **** void DebugMon_Handler(void)
 160:Core/Src/stm32f1xx_it.c **** {
 161              		.loc 1 160 1 view -0
 162              		.cfi_startproc
 163              		@ args = 0, pretend = 0, frame = 0
 164              		@ frame_needed = 0, uses_anonymous_args = 0
 165              		@ link register save eliminated.
 161:Core/Src/stm32f1xx_it.c ****   /* USER CODE BEGIN DebugMonitor_IRQn 0 */
 162:Core/Src/stm32f1xx_it.c **** 
 163:Core/Src/stm32f1xx_it.c ****   /* USER CODE END DebugMonitor_IRQn 0 */
 164:Core/Src/stm32f1xx_it.c ****   /* USER CODE BEGIN DebugMonitor_IRQn 1 */
 165:Core/Src/stm32f1xx_it.c **** 
 166:Core/Src/stm32f1xx_it.c ****   /* USER CODE END DebugMonitor_IRQn 1 */
 167:Core/Src/stm32f1xx_it.c **** }
 166              		.loc 1 167 1 view .LVU23
 167 0000 7047     		bx	lr
 168              		.cfi_endproc
 169              	.LFE71:
 171              		.section	.text.PendSV_Handler,"ax",%progbits
 172              		.align	1
 173              		.global	PendSV_Handler
 174              		.syntax unified
 175              		.thumb
 176              		.thumb_func
 178              	PendSV_Handler:
 179              	.LFB72:
 168:Core/Src/stm32f1xx_it.c **** 
 169:Core/Src/stm32f1xx_it.c **** /**
 170:Core/Src/stm32f1xx_it.c ****   * @brief This function handles Pendable request for system service.
 171:Core/Src/stm32f1xx_it.c ****   */
 172:Core/Src/stm32f1xx_it.c **** void PendSV_Handler(void)
 173:Core/Src/stm32f1xx_it.c **** {
ARM GAS  C:\Users\binhp\AppData\Local\Temp\ccimCvtx.s 			page 7


 180              		.loc 1 173 1 view -0
 181              		.cfi_startproc
 182              		@ args = 0, pretend = 0, frame = 0
 183              		@ frame_needed = 0, uses_anonymous_args = 0
 184              		@ link register save eliminated.
 174:Core/Src/stm32f1xx_it.c ****   /* USER CODE BEGIN PendSV_IRQn 0 */
 175:Core/Src/stm32f1xx_it.c **** 
 176:Core/Src/stm32f1xx_it.c ****   /* USER CODE END PendSV_IRQn 0 */
 177:Core/Src/stm32f1xx_it.c ****   /* USER CODE BEGIN PendSV_IRQn 1 */
 178:Core/Src/stm32f1xx_it.c **** 
 179:Core/Src/stm32f1xx_it.c ****   /* USER CODE END PendSV_IRQn 1 */
 180:Core/Src/stm32f1xx_it.c **** }
 185              		.loc 1 180 1 view .LVU25
 186 0000 7047     		bx	lr
 187              		.cfi_endproc
 188              	.LFE72:
 190              		.section	.text.SysTick_Handler,"ax",%progbits
 191              		.align	1
 192              		.global	SysTick_Handler
 193              		.syntax unified
 194              		.thumb
 195              		.thumb_func
 197              	SysTick_Handler:
 198              	.LFB73:
 181:Core/Src/stm32f1xx_it.c **** 
 182:Core/Src/stm32f1xx_it.c **** /**
 183:Core/Src/stm32f1xx_it.c ****   * @brief This function handles System tick timer.
 184:Core/Src/stm32f1xx_it.c ****   */
 185:Core/Src/stm32f1xx_it.c **** void SysTick_Handler(void)
 186:Core/Src/stm32f1xx_it.c **** {
 199              		.loc 1 186 1 view -0
 200              		.cfi_startproc
 201              		@ args = 0, pretend = 0, frame = 0
 202              		@ frame_needed = 0, uses_anonymous_args = 0
 203 0000 08B5     		push	{r3, lr}
 204              	.LCFI0:
 205              		.cfi_def_cfa_offset 8
 206              		.cfi_offset 3, -8
 207              		.cfi_offset 14, -4
 187:Core/Src/stm32f1xx_it.c ****   /* USER CODE BEGIN SysTick_IRQn 0 */
 188:Core/Src/stm32f1xx_it.c **** 
 189:Core/Src/stm32f1xx_it.c ****   /* USER CODE END SysTick_IRQn 0 */
 190:Core/Src/stm32f1xx_it.c ****   HAL_IncTick();
 208              		.loc 1 190 3 view .LVU27
 209 0002 FFF7FEFF 		bl	HAL_IncTick
 210              	.LVL0:
 191:Core/Src/stm32f1xx_it.c ****   /* USER CODE BEGIN SysTick_IRQn 1 */
 192:Core/Src/stm32f1xx_it.c **** 
 193:Core/Src/stm32f1xx_it.c ****   /* USER CODE END SysTick_IRQn 1 */
 194:Core/Src/stm32f1xx_it.c **** }
 211              		.loc 1 194 1 is_stmt 0 view .LVU28
 212 0006 08BD     		pop	{r3, pc}
 213              		.cfi_endproc
 214              	.LFE73:
 216              		.section	.text.I2C1_EV_IRQHandler,"ax",%progbits
 217              		.align	1
 218              		.global	I2C1_EV_IRQHandler
ARM GAS  C:\Users\binhp\AppData\Local\Temp\ccimCvtx.s 			page 8


 219              		.syntax unified
 220              		.thumb
 221              		.thumb_func
 223              	I2C1_EV_IRQHandler:
 224              	.LFB74:
 195:Core/Src/stm32f1xx_it.c **** 
 196:Core/Src/stm32f1xx_it.c **** /******************************************************************************/
 197:Core/Src/stm32f1xx_it.c **** /* STM32F1xx Peripheral Interrupt Handlers                                    */
 198:Core/Src/stm32f1xx_it.c **** /* Add here the Interrupt Handlers for the used peripherals.                  */
 199:Core/Src/stm32f1xx_it.c **** /* For the available peripheral interrupt handler names,                      */
 200:Core/Src/stm32f1xx_it.c **** /* please refer to the startup file (startup_stm32f1xx.s).                    */
 201:Core/Src/stm32f1xx_it.c **** /******************************************************************************/
 202:Core/Src/stm32f1xx_it.c **** 
 203:Core/Src/stm32f1xx_it.c **** /**
 204:Core/Src/stm32f1xx_it.c ****   * @brief This function handles I2C1 event interrupt.
 205:Core/Src/stm32f1xx_it.c ****   */
 206:Core/Src/stm32f1xx_it.c **** void I2C1_EV_IRQHandler(void)
 207:Core/Src/stm32f1xx_it.c **** {
 225              		.loc 1 207 1 is_stmt 1 view -0
 226              		.cfi_startproc
 227              		@ args = 0, pretend = 0, frame = 0
 228              		@ frame_needed = 0, uses_anonymous_args = 0
 229 0000 08B5     		push	{r3, lr}
 230              	.LCFI1:
 231              		.cfi_def_cfa_offset 8
 232              		.cfi_offset 3, -8
 233              		.cfi_offset 14, -4
 208:Core/Src/stm32f1xx_it.c ****   /* USER CODE BEGIN I2C1_EV_IRQn 0 */
 209:Core/Src/stm32f1xx_it.c **** 
 210:Core/Src/stm32f1xx_it.c ****   /* USER CODE END I2C1_EV_IRQn 0 */
 211:Core/Src/stm32f1xx_it.c ****   HAL_I2C_EV_IRQHandler(i2chandle);
 234              		.loc 1 211 3 view .LVU30
 235 0002 024B     		ldr	r3, .L18
 236 0004 1868     		ldr	r0, [r3]
 237 0006 FFF7FEFF 		bl	HAL_I2C_EV_IRQHandler
 238              	.LVL1:
 212:Core/Src/stm32f1xx_it.c ****   /* USER CODE BEGIN I2C1_EV_IRQn 1 */
 213:Core/Src/stm32f1xx_it.c **** 
 214:Core/Src/stm32f1xx_it.c ****   /* USER CODE END I2C1_EV_IRQn 1 */
 215:Core/Src/stm32f1xx_it.c **** }
 239              		.loc 1 215 1 is_stmt 0 view .LVU31
 240 000a 08BD     		pop	{r3, pc}
 241              	.L19:
 242              		.align	2
 243              	.L18:
 244 000c 00000000 		.word	i2chandle
 245              		.cfi_endproc
 246              	.LFE74:
 248              		.section	.text.I2C1_ER_IRQHandler,"ax",%progbits
 249              		.align	1
 250              		.global	I2C1_ER_IRQHandler
 251              		.syntax unified
 252              		.thumb
 253              		.thumb_func
 255              	I2C1_ER_IRQHandler:
 256              	.LFB75:
 216:Core/Src/stm32f1xx_it.c **** 
ARM GAS  C:\Users\binhp\AppData\Local\Temp\ccimCvtx.s 			page 9


 217:Core/Src/stm32f1xx_it.c **** /**
 218:Core/Src/stm32f1xx_it.c ****   * @brief This function handles I2C1 error interrupt.
 219:Core/Src/stm32f1xx_it.c ****   */
 220:Core/Src/stm32f1xx_it.c **** void I2C1_ER_IRQHandler(void)
 221:Core/Src/stm32f1xx_it.c **** {
 257              		.loc 1 221 1 is_stmt 1 view -0
 258              		.cfi_startproc
 259              		@ args = 0, pretend = 0, frame = 0
 260              		@ frame_needed = 0, uses_anonymous_args = 0
 261 0000 08B5     		push	{r3, lr}
 262              	.LCFI2:
 263              		.cfi_def_cfa_offset 8
 264              		.cfi_offset 3, -8
 265              		.cfi_offset 14, -4
 222:Core/Src/stm32f1xx_it.c ****   /* USER CODE BEGIN I2C1_ER_IRQn 0 */
 223:Core/Src/stm32f1xx_it.c **** 
 224:Core/Src/stm32f1xx_it.c ****   /* USER CODE END I2C1_ER_IRQn 0 */
 225:Core/Src/stm32f1xx_it.c ****   HAL_I2C_ER_IRQHandler(i2chandle);
 266              		.loc 1 225 3 view .LVU33
 267 0002 024B     		ldr	r3, .L22
 268 0004 1868     		ldr	r0, [r3]
 269 0006 FFF7FEFF 		bl	HAL_I2C_ER_IRQHandler
 270              	.LVL2:
 226:Core/Src/stm32f1xx_it.c ****   /* USER CODE BEGIN I2C1_ER_IRQn 1 */
 227:Core/Src/stm32f1xx_it.c **** 
 228:Core/Src/stm32f1xx_it.c ****   /* USER CODE END I2C1_ER_IRQn 1 */
 229:Core/Src/stm32f1xx_it.c **** }
 271              		.loc 1 229 1 is_stmt 0 view .LVU34
 272 000a 08BD     		pop	{r3, pc}
 273              	.L23:
 274              		.align	2
 275              	.L22:
 276 000c 00000000 		.word	i2chandle
 277              		.cfi_endproc
 278              	.LFE75:
 280              		.section	.text.USART1_IRQHandler,"ax",%progbits
 281              		.align	1
 282              		.global	USART1_IRQHandler
 283              		.syntax unified
 284              		.thumb
 285              		.thumb_func
 287              	USART1_IRQHandler:
 288              	.LFB76:
 230:Core/Src/stm32f1xx_it.c **** 
 231:Core/Src/stm32f1xx_it.c **** /**
 232:Core/Src/stm32f1xx_it.c ****   * @brief This function handles USART1 global interrupt.
 233:Core/Src/stm32f1xx_it.c ****   */
 234:Core/Src/stm32f1xx_it.c **** void USART1_IRQHandler(void)
 235:Core/Src/stm32f1xx_it.c **** {
 289              		.loc 1 235 1 is_stmt 1 view -0
 290              		.cfi_startproc
 291              		@ args = 0, pretend = 0, frame = 0
 292              		@ frame_needed = 0, uses_anonymous_args = 0
 293 0000 08B5     		push	{r3, lr}
 294              	.LCFI3:
 295              		.cfi_def_cfa_offset 8
 296              		.cfi_offset 3, -8
ARM GAS  C:\Users\binhp\AppData\Local\Temp\ccimCvtx.s 			page 10


 297              		.cfi_offset 14, -4
 236:Core/Src/stm32f1xx_it.c ****   /* USER CODE BEGIN USART1_IRQn 0 */
 237:Core/Src/stm32f1xx_it.c **** 
 238:Core/Src/stm32f1xx_it.c ****   /* USER CODE END USART1_IRQn 0 */
 239:Core/Src/stm32f1xx_it.c ****   HAL_UART_IRQHandler(&huart1);
 298              		.loc 1 239 3 view .LVU36
 299 0002 0248     		ldr	r0, .L26
 300 0004 FFF7FEFF 		bl	HAL_UART_IRQHandler
 301              	.LVL3:
 240:Core/Src/stm32f1xx_it.c ****   /* USER CODE BEGIN USART1_IRQn 1 */
 241:Core/Src/stm32f1xx_it.c **** 
 242:Core/Src/stm32f1xx_it.c ****   /* USER CODE END USART1_IRQn 1 */
 243:Core/Src/stm32f1xx_it.c **** }
 302              		.loc 1 243 1 is_stmt 0 view .LVU37
 303 0008 08BD     		pop	{r3, pc}
 304              	.L27:
 305 000a 00BF     		.align	2
 306              	.L26:
 307 000c 00000000 		.word	huart1
 308              		.cfi_endproc
 309              	.LFE76:
 311              		.text
 312              	.Letext0:
 313              		.file 2 "C:/msys64/mingw64/arm-none-eabi/include/machine/_default_types.h"
 314              		.file 3 "C:/msys64/mingw64/arm-none-eabi/include/sys/_stdint.h"
 315              		.file 4 "Drivers/CMSIS/Device/ST/STM32F1xx/Include/stm32f103xb.h"
 316              		.file 5 "Drivers/STM32F1xx_HAL_Driver/Inc/stm32f1xx_hal_def.h"
 317              		.file 6 "Drivers/STM32F1xx_HAL_Driver/Inc/stm32f1xx_hal_dma.h"
 318              		.file 7 "Drivers/STM32F1xx_HAL_Driver/Inc/stm32f1xx_hal_i2c.h"
 319              		.file 8 "Drivers/STM32F1xx_HAL_Driver/Inc/stm32f1xx_hal_uart.h"
 320              		.file 9 "Core/Inc/hal_i2c.h"
 321              		.file 10 "Drivers/STM32F1xx_HAL_Driver/Inc/stm32f1xx_hal.h"
ARM GAS  C:\Users\binhp\AppData\Local\Temp\ccimCvtx.s 			page 11


DEFINED SYMBOLS
                            *ABS*:00000000 stm32f1xx_it.c
C:\Users\binhp\AppData\Local\Temp\ccimCvtx.s:19     .text.NMI_Handler:00000000 $t
C:\Users\binhp\AppData\Local\Temp\ccimCvtx.s:25     .text.NMI_Handler:00000000 NMI_Handler
C:\Users\binhp\AppData\Local\Temp\ccimCvtx.s:42     .text.HardFault_Handler:00000000 $t
C:\Users\binhp\AppData\Local\Temp\ccimCvtx.s:48     .text.HardFault_Handler:00000000 HardFault_Handler
C:\Users\binhp\AppData\Local\Temp\ccimCvtx.s:65     .text.MemManage_Handler:00000000 $t
C:\Users\binhp\AppData\Local\Temp\ccimCvtx.s:71     .text.MemManage_Handler:00000000 MemManage_Handler
C:\Users\binhp\AppData\Local\Temp\ccimCvtx.s:88     .text.BusFault_Handler:00000000 $t
C:\Users\binhp\AppData\Local\Temp\ccimCvtx.s:94     .text.BusFault_Handler:00000000 BusFault_Handler
C:\Users\binhp\AppData\Local\Temp\ccimCvtx.s:111    .text.UsageFault_Handler:00000000 $t
C:\Users\binhp\AppData\Local\Temp\ccimCvtx.s:117    .text.UsageFault_Handler:00000000 UsageFault_Handler
C:\Users\binhp\AppData\Local\Temp\ccimCvtx.s:134    .text.SVC_Handler:00000000 $t
C:\Users\binhp\AppData\Local\Temp\ccimCvtx.s:140    .text.SVC_Handler:00000000 SVC_Handler
C:\Users\binhp\AppData\Local\Temp\ccimCvtx.s:153    .text.DebugMon_Handler:00000000 $t
C:\Users\binhp\AppData\Local\Temp\ccimCvtx.s:159    .text.DebugMon_Handler:00000000 DebugMon_Handler
C:\Users\binhp\AppData\Local\Temp\ccimCvtx.s:172    .text.PendSV_Handler:00000000 $t
C:\Users\binhp\AppData\Local\Temp\ccimCvtx.s:178    .text.PendSV_Handler:00000000 PendSV_Handler
C:\Users\binhp\AppData\Local\Temp\ccimCvtx.s:191    .text.SysTick_Handler:00000000 $t
C:\Users\binhp\AppData\Local\Temp\ccimCvtx.s:197    .text.SysTick_Handler:00000000 SysTick_Handler
C:\Users\binhp\AppData\Local\Temp\ccimCvtx.s:217    .text.I2C1_EV_IRQHandler:00000000 $t
C:\Users\binhp\AppData\Local\Temp\ccimCvtx.s:223    .text.I2C1_EV_IRQHandler:00000000 I2C1_EV_IRQHandler
C:\Users\binhp\AppData\Local\Temp\ccimCvtx.s:244    .text.I2C1_EV_IRQHandler:0000000c $d
C:\Users\binhp\AppData\Local\Temp\ccimCvtx.s:249    .text.I2C1_ER_IRQHandler:00000000 $t
C:\Users\binhp\AppData\Local\Temp\ccimCvtx.s:255    .text.I2C1_ER_IRQHandler:00000000 I2C1_ER_IRQHandler
C:\Users\binhp\AppData\Local\Temp\ccimCvtx.s:276    .text.I2C1_ER_IRQHandler:0000000c $d
C:\Users\binhp\AppData\Local\Temp\ccimCvtx.s:281    .text.USART1_IRQHandler:00000000 $t
C:\Users\binhp\AppData\Local\Temp\ccimCvtx.s:287    .text.USART1_IRQHandler:00000000 USART1_IRQHandler
C:\Users\binhp\AppData\Local\Temp\ccimCvtx.s:307    .text.USART1_IRQHandler:0000000c $d
                           .group:00000000 wm4.0.82cd861fcffc377458525806b973ac66
                           .group:00000000 wm4.stm32f1xx_hal_conf.h.22.cbdc1b1d5adafd94f8d8dcf6c1f3e8fc
                           .group:00000000 wm4.stm32f1xx.h.38.e862c4e1b39ca120fca296a79f75a275
                           .group:00000000 wm4.stm32f103xb.h.37.7c5fb130aa158ead5441dda9799c1941
                           .group:00000000 wm4._newlib_version.h.4.411db44ea2338a62eca2f0777f81481b
                           .group:00000000 wm4.features.h.33.2eefb68b261e70563a8ac654e712169f
                           .group:00000000 wm4._default_types.h.15.247e5cd201eca3442cbf5404108c4935
                           .group:00000000 wm4._intsup.h.10.48bafbb683905c4daa4565a85aeeb264
                           .group:00000000 wm4._stdint.h.10.c24fa3af3bc1706662bb5593a907e841
                           .group:00000000 wm4.stdint.h.23.d53047a68f4a85177f80b422d52785ed
                           .group:00000000 wm4.cmsis_version.h.32.4d5822004c01a829a975260e854b5f8e
                           .group:00000000 wm4.core_cm3.h.66.fc46cac19810db8f98d67da7ef88f42c
                           .group:00000000 wm4.cmsis_gcc.h.26.4f5798e999d5690b80e6ded3ecc94b37
                           .group:00000000 wm4.core_cm3.h.127.f4474120f1a7524deb56f9d74ff175da
                           .group:00000000 wm4.stm32f103xb.h.572.e8b8d889d857e2c56f82ca03c5328917
                           .group:00000000 wm4.stm32f1xx.h.161.0d1b9fd26c53008e1116394047fa1b84
                           .group:00000000 wm4.stm32_hal_legacy.h.22.d050171c85a9d8567d1f9a012537baa2
                           .group:00000000 wm4.stddef.h.39.0dc9006b34572d4d9cae4c8b422c4971
                           .group:00000000 wm4.stm32f1xx_hal_def.h.56.354d0a4bf0f6ef7af10e3429b7628481
                           .group:00000000 wm4.stm32f1xx_hal_rcc.h.93.3fadb58bdef0723b74d9eb798753b168
                           .group:00000000 wm4.stm32f1xx_hal_rcc_ex.h.20.5a464c1dc9022dc2a67fe45b2054f77c
                           .group:00000000 wm4.stm32f1xx_hal_rcc.h.1200.d6cbb5717f01cee373a6e1fba84d9163
                           .group:00000000 wm4.stm32f1xx_hal_gpio.h.21.0099da253a68660e916195d3e8928be3
                           .group:00000000 wm4.stm32f1xx_hal_gpio_ex.h.21.93f1f3ec7660fa76375def81b976f73c
                           .group:00000000 wm4.stm32f1xx_hal_gpio.h.262.7df79220ec7519ba80c1763e6b4854a6
                           .group:00000000 wm4.stm32f1xx_hal_exti.h.21.a7f1b393a0c9b2b56b72ccdbb8dee508
                           .group:00000000 wm4.stm32f1xx_hal_dma.h.21.11e5a204ed6aa790b1cdae2e4192bc9d
                           .group:00000000 wm4.stm32f1xx_hal_dma_ex.h.21.d438f745b4c04dc23f9f569190526864
ARM GAS  C:\Users\binhp\AppData\Local\Temp\ccimCvtx.s 			page 12


                           .group:00000000 wm4.stm32f1xx_hal_dma.h.408.14794a3f8621230c9ac7fca0cacf3e57
                           .group:00000000 wm4.stm32f1xx_hal_cortex.h.21.6ab92041a8778f53d2d2d96b3825535a
                           .group:00000000 wm4.stm32f1xx_hal_flash.h.20.2db7f614c43999568df8c1bd8d5f2459
                           .group:00000000 wm4.stm32f1xx_hal_flash_ex.h.20.c1d01fb364bcc8befd238a2d45469cc1
                           .group:00000000 wm4.stm32f1xx_hal_i2c.h.21.6a947c870feb456d84d10dd871ee01bd
                           .group:00000000 wm4.stm32f1xx_hal_pwr.h.21.ec3e2cfd4c26fffa32fc4ff0a8ac7390
                           .group:00000000 wm4.stm32f1xx_hal_uart.h.21.96146ab5759dfe03d0cc100d79254944
                           .group:00000000 wm4.stm32f1xx_hal.h.87.60093b86a987865736d7cddecce3c235
                           .group:00000000 wm4.stdbool.h.29.c08aa3eec75cf5b9b5003883f43253f0

UNDEFINED SYMBOLS
HAL_IncTick
HAL_I2C_EV_IRQHandler
i2chandle
HAL_I2C_ER_IRQHandler
HAL_UART_IRQHandler
huart1
